09:38:42 [main] INFO  console - launch netty server...
09:38:42 [main] DEBUG i.n.u.i.l.InternalLoggerFactory - Using SLF4J as the default logging framework
09:38:42 [main] DEBUG i.n.u.internal.PlatformDependent - -Dio.netty.noUnsafe: false
09:38:42 [main] DEBUG i.n.u.i.PlatformDependent0 - java.nio.Buffer.address: available
09:38:42 [main] DEBUG i.n.u.i.PlatformDependent0 - sun.misc.Unsafe.theUnsafe: available
09:38:42 [main] DEBUG i.n.u.i.PlatformDependent0 - sun.misc.Unsafe.copyMemory: available
09:38:42 [main] DEBUG i.n.u.i.PlatformDependent0 - direct buffer constructor: available
09:38:42 [main] DEBUG i.n.u.i.PlatformDependent0 - java.nio.Bits.unaligned: available, true
09:38:42 [main] DEBUG i.n.u.i.PlatformDependent0 - java.nio.DirectByteBuffer.<init>(long, int): available
09:38:42 [main] DEBUG io.netty.util.internal.Cleaner0 - java.nio.ByteBuffer.cleaner(): available
09:38:42 [main] DEBUG i.n.u.internal.PlatformDependent - Platform: Windows
09:38:42 [main] DEBUG i.n.u.internal.PlatformDependent - Java version: 8
09:38:42 [main] DEBUG i.n.u.internal.PlatformDependent - sun.misc.Unsafe: available
09:38:42 [main] DEBUG i.n.u.internal.PlatformDependent - -Dio.netty.noJavassist: false
09:38:42 [main] DEBUG i.n.u.internal.PlatformDependent - Javassist: available
09:38:43 [main] DEBUG i.n.u.internal.PlatformDependent - -Dio.netty.tmpdir: C:\Users\ADMINI~1.HRJ\AppData\Local\Temp (java.io.tmpdir)
09:38:43 [main] DEBUG i.n.u.internal.PlatformDependent - -Dio.netty.bitMode: 64 (sun.arch.data.model)
09:38:43 [main] DEBUG i.n.u.internal.PlatformDependent - -Dio.netty.noPreferDirect: false
09:38:43 [main] DEBUG i.n.u.internal.PlatformDependent - io.netty.maxDirectMemory: 1886912512 bytes
09:38:43 [main] WARN  console - properties info:E:\cxf\cxf/src/main/resources/netty.properties
09:38:43 [main] WARN  console - properties info:E:\cxf\cxf/src/main/resources/netty.properties
09:38:43 [main] WARN  console - properties info:E:\cxf\cxf/src/main/resources/netty.properties
09:38:43 [main] DEBUG i.n.util.ResourceLeakDetector - -Dio.netty.leakDetection.level: simple
09:38:43 [main] DEBUG i.n.util.ResourceLeakDetector - -Dio.netty.leakDetection.maxRecords: 4
09:38:43 [main] DEBUG i.n.u.ResourceLeakDetectorFactory - Loaded default ResourceLeakDetector: io.netty.util.ResourceLeakDetector@184f6be2
09:38:43 [main] DEBUG i.n.u.internal.PlatformDependent - org.jctools-core.MpscChunkedArrayQueue: available
09:38:43 [main] DEBUG i.n.u.internal.ThreadLocalRandom - -Dio.netty.initialSeedUniquifier: 0x0bcbb70f39a857c4
09:38:43 [main] DEBUG i.n.c.MultithreadEventLoopGroup - -Dio.netty.eventLoopThreads: 8
09:38:43 [main] DEBUG i.netty.channel.nio.NioEventLoop - -Dio.netty.noKeySetOptimization: false
09:38:43 [main] DEBUG i.netty.channel.nio.NioEventLoop - -Dio.netty.selectorAutoRebuildThreshold: 512
09:38:43 [main] DEBUG i.n.b.PooledByteBufAllocator - -Dio.netty.allocator.numHeapArenas: 8
09:38:43 [main] DEBUG i.n.b.PooledByteBufAllocator - -Dio.netty.allocator.numDirectArenas: 8
09:38:43 [main] DEBUG i.n.b.PooledByteBufAllocator - -Dio.netty.allocator.pageSize: 8192
09:38:43 [main] DEBUG i.n.b.PooledByteBufAllocator - -Dio.netty.allocator.maxOrder: 11
09:38:43 [main] DEBUG i.n.b.PooledByteBufAllocator - -Dio.netty.allocator.chunkSize: 16777216
09:38:43 [main] DEBUG i.n.b.PooledByteBufAllocator - -Dio.netty.allocator.tinyCacheSize: 512
09:38:43 [main] DEBUG i.n.b.PooledByteBufAllocator - -Dio.netty.allocator.smallCacheSize: 256
09:38:43 [main] DEBUG i.n.b.PooledByteBufAllocator - -Dio.netty.allocator.normalCacheSize: 64
09:38:43 [main] DEBUG i.n.b.PooledByteBufAllocator - -Dio.netty.allocator.maxCachedBufferCapacity: 32768
09:38:43 [main] DEBUG i.n.b.PooledByteBufAllocator - -Dio.netty.allocator.cacheTrimInterval: 8192
09:38:43 [main] DEBUG i.n.b.PooledByteBufAllocator - -Dio.netty.allocator.useCacheForAllThreads: true
09:38:43 [main] DEBUG i.netty.channel.DefaultChannelId - -Dio.netty.processId: 2172 (auto-detected)
09:38:43 [main] DEBUG io.netty.util.NetUtil - -Djava.net.preferIPv4Stack: false
09:38:43 [main] DEBUG io.netty.util.NetUtil - -Djava.net.preferIPv6Addresses: false
09:38:43 [main] DEBUG io.netty.util.NetUtil - Loopback interface: lo (Software Loopback Interface 1, 127.0.0.1)
09:38:43 [main] DEBUG io.netty.util.NetUtil - \proc\sys\net\core\somaxconn: 200 (non-existent)
09:38:43 [main] DEBUG i.netty.channel.DefaultChannelId - -Dio.netty.machineId: fc:aa:14:ff:fe:7a:68:03 (auto-detected)
09:38:43 [main] DEBUG io.netty.buffer.ByteBufUtil - -Dio.netty.allocator.type: pooled
09:38:43 [main] DEBUG io.netty.buffer.ByteBufUtil - -Dio.netty.threadLocalDirectBufferSize: 65536
09:38:43 [main] DEBUG io.netty.buffer.ByteBufUtil - -Dio.netty.maxThreadLocalCharBufferSize: 16384
09:38:43 [mp-conn-boss-1-1] INFO  cxf.hb.log - server start success on:8887
