20:07:27,586 |-INFO in ch.qos.logback.classic.LoggerContext[default] - Could NOT find resource [logback-test.xml]
20:07:27,587 |-INFO in ch.qos.logback.classic.LoggerContext[default] - Could NOT find resource [logback.groovy]
20:07:27,587 |-INFO in ch.qos.logback.classic.LoggerContext[default] - Found resource [logback.xml] at [jar:file:/usr/local/netty/kyle-1.0.0-SNAPSHOT.jar!/logback.xml]
20:07:27,617 |-INFO in ch.qos.logback.core.joran.spi.ConfigurationWatchList@34340fab - URL [jar:file:/usr/local/netty/kyle-1.0.0-SNAPSHOT.jar!/logback.xml] is not of type file
20:07:27,673 |-INFO in ch.qos.logback.classic.joran.action.ConfigurationAction - debug attribute not set
20:07:27,687 |-INFO in ch.qos.logback.classic.joran.action.ConfigurationAction - Will scan for changes in [jar:file:/usr/local/netty/kyle-1.0.0-SNAPSHOT.jar!/logback.xml] 
20:07:27,687 |-INFO in ch.qos.logback.classic.joran.action.ConfigurationAction - Setting ReconfigureOnChangeTask scanning period to 3 seconds
20:07:27,690 |-INFO in ch.qos.logback.core.joran.action.AppenderAction - About to instantiate appender of type [ch.qos.logback.core.ConsoleAppender]
20:07:27,693 |-INFO in ch.qos.logback.core.joran.action.AppenderAction - Naming appender as [STDOUT]
20:07:27,699 |-INFO in ch.qos.logback.core.joran.action.NestedComplexPropertyIA - Assuming default type [ch.qos.logback.classic.encoder.PatternLayoutEncoder] for [encoder] property
20:07:27,759 |-INFO in ch.qos.logback.core.joran.action.AppenderAction - About to instantiate appender of type [ch.qos.logback.core.rolling.RollingFileAppender]
20:07:27,761 |-INFO in ch.qos.logback.core.joran.action.AppenderAction - Naming appender as [DEBUG_FILE]
20:07:27,773 |-INFO in c.q.l.core.rolling.TimeBasedRollingPolicy@716157500 - No compression will be used
20:07:27,774 |-INFO in c.q.l.core.rolling.TimeBasedRollingPolicy@716157500 - Will use the pattern /usr/local/netty/logs/debug.%d{yyyy-MM-dd}.log for the active file
20:07:27,787 |-INFO in c.q.l.core.rolling.DefaultTimeBasedFileNamingAndTriggeringPolicy - The date pattern is 'yyyy-MM-dd' from file name pattern '/usr/local/netty/logs/debug.%d{yyyy-MM-dd}.log'.
20:07:27,787 |-INFO in c.q.l.core.rolling.DefaultTimeBasedFileNamingAndTriggeringPolicy - Roll-over at midnight.
20:07:27,794 |-INFO in c.q.l.core.rolling.DefaultTimeBasedFileNamingAndTriggeringPolicy - Setting initial period to Mon Oct 02 20:07:27 CST 2017
20:07:27,795 |-INFO in ch.qos.logback.core.joran.action.NestedComplexPropertyIA - Assuming default type [ch.qos.logback.classic.encoder.PatternLayoutEncoder] for [encoder] property
20:07:27,796 |-INFO in ch.qos.logback.core.rolling.RollingFileAppender[DEBUG_FILE] - Active log file name: /usr/local/netty/logs/debug.2017-10-02.log
20:07:27,796 |-INFO in ch.qos.logback.core.rolling.RollingFileAppender[DEBUG_FILE] - File property is set to [null]
20:07:27,797 |-INFO in ch.qos.logback.core.joran.action.AppenderAction - About to instantiate appender of type [ch.qos.logback.core.rolling.RollingFileAppender]
20:07:27,797 |-INFO in ch.qos.logback.core.joran.action.AppenderAction - Naming appender as [INFO_FILE]
20:07:27,798 |-INFO in c.q.l.core.rolling.TimeBasedRollingPolicy@729864207 - No compression will be used
20:07:27,798 |-INFO in c.q.l.core.rolling.TimeBasedRollingPolicy@729864207 - Will use the pattern /usr/local/netty/logs/info.%d{yyyy-MM-dd}.log for the active file
20:07:27,799 |-INFO in c.q.l.core.rolling.DefaultTimeBasedFileNamingAndTriggeringPolicy - The date pattern is 'yyyy-MM-dd' from file name pattern '/usr/local/netty/logs/info.%d{yyyy-MM-dd}.log'.
20:07:27,799 |-INFO in c.q.l.core.rolling.DefaultTimeBasedFileNamingAndTriggeringPolicy - Roll-over at midnight.
20:07:27,800 |-INFO in c.q.l.core.rolling.DefaultTimeBasedFileNamingAndTriggeringPolicy - Setting initial period to Mon Oct 02 20:07:27 CST 2017
20:07:27,800 |-INFO in ch.qos.logback.core.joran.action.NestedComplexPropertyIA - Assuming default type [ch.qos.logback.classic.encoder.PatternLayoutEncoder] for [encoder] property
20:07:27,800 |-INFO in ch.qos.logback.core.rolling.RollingFileAppender[INFO_FILE] - Active log file name: /usr/local/netty/logs/info.2017-10-02.log
20:07:27,800 |-INFO in ch.qos.logback.core.rolling.RollingFileAppender[INFO_FILE] - File property is set to [null]
20:07:27,800 |-INFO in ch.qos.logback.core.joran.action.AppenderAction - About to instantiate appender of type [ch.qos.logback.core.rolling.RollingFileAppender]
20:07:27,800 |-INFO in ch.qos.logback.core.joran.action.AppenderAction - Naming appender as [WARN_FILE]
20:07:27,802 |-INFO in c.q.l.core.rolling.TimeBasedRollingPolicy@984849465 - No compression will be used
20:07:27,802 |-INFO in c.q.l.core.rolling.TimeBasedRollingPolicy@984849465 - Will use the pattern /usr/local/netty/logs/warn.%d{yyyy-MM-dd}.log for the active file
20:07:27,803 |-INFO in c.q.l.core.rolling.DefaultTimeBasedFileNamingAndTriggeringPolicy - The date pattern is 'yyyy-MM-dd' from file name pattern '/usr/local/netty/logs/warn.%d{yyyy-MM-dd}.log'.
20:07:27,803 |-INFO in c.q.l.core.rolling.DefaultTimeBasedFileNamingAndTriggeringPolicy - Roll-over at midnight.
20:07:27,803 |-INFO in c.q.l.core.rolling.DefaultTimeBasedFileNamingAndTriggeringPolicy - Setting initial period to Mon Oct 02 20:07:27 CST 2017
20:07:27,810 |-INFO in ch.qos.logback.core.joran.action.NestedComplexPropertyIA - Assuming default type [ch.qos.logback.classic.encoder.PatternLayoutEncoder] for [encoder] property
20:07:27,811 |-INFO in ch.qos.logback.core.rolling.RollingFileAppender[WARN_FILE] - Active log file name: /usr/local/netty/logs/warn.2017-10-02.log
20:07:27,811 |-INFO in ch.qos.logback.core.rolling.RollingFileAppender[WARN_FILE] - File property is set to [null]
20:07:27,811 |-INFO in ch.qos.logback.core.joran.action.AppenderAction - About to instantiate appender of type [ch.qos.logback.core.rolling.RollingFileAppender]
20:07:27,811 |-INFO in ch.qos.logback.core.joran.action.AppenderAction - Naming appender as [ERROR_FILE]
20:07:27,812 |-INFO in c.q.l.core.rolling.TimeBasedRollingPolicy@787387795 - No compression will be used
20:07:27,812 |-INFO in c.q.l.core.rolling.TimeBasedRollingPolicy@787387795 - Will use the pattern /usr/local/netty/logs/error.%d{yyyy-MM-dd}.log for the active file
20:07:27,813 |-INFO in c.q.l.core.rolling.DefaultTimeBasedFileNamingAndTriggeringPolicy - The date pattern is 'yyyy-MM-dd' from file name pattern '/usr/local/netty/logs/error.%d{yyyy-MM-dd}.log'.
20:07:27,813 |-INFO in c.q.l.core.rolling.DefaultTimeBasedFileNamingAndTriggeringPolicy - Roll-over at midnight.
20:07:27,813 |-INFO in c.q.l.core.rolling.DefaultTimeBasedFileNamingAndTriggeringPolicy - Setting initial period to Mon Oct 02 20:07:27 CST 2017
20:07:27,814 |-INFO in ch.qos.logback.core.joran.action.NestedComplexPropertyIA - Assuming default type [ch.qos.logback.classic.encoder.PatternLayoutEncoder] for [encoder] property
20:07:27,814 |-INFO in ch.qos.logback.core.rolling.RollingFileAppender[ERROR_FILE] - Active log file name: /usr/local/netty/logs/error.2017-10-02.log
20:07:27,814 |-INFO in ch.qos.logback.core.rolling.RollingFileAppender[ERROR_FILE] - File property is set to [null]
20:07:27,814 |-INFO in ch.qos.logback.classic.joran.action.RootLoggerAction - Setting level of ROOT logger to DEBUG
20:07:27,814 |-INFO in ch.qos.logback.core.joran.action.AppenderRefAction - Attaching appender named [ERROR_FILE] to Logger[ROOT]
20:07:27,815 |-INFO in ch.qos.logback.classic.joran.action.LevelAction - ROOT level set to DEBUG
20:07:27,815 |-INFO in ch.qos.logback.core.joran.action.AppenderRefAction - Attaching appender named [STDOUT] to Logger[ROOT]
20:07:27,815 |-ERROR in ch.qos.logback.core.joran.action.AppenderRefAction - Could not find an appender named [FILE]. Did you define it below instead of above in the configuration file?
20:07:27,815 |-ERROR in ch.qos.logback.core.joran.action.AppenderRefAction - See http://logback.qos.ch/codes.html#appender_order for more details.
20:07:27,815 |-INFO in ch.qos.logback.classic.joran.action.ConfigurationAction - End of configuration.
20:07:27,816 |-INFO in ch.qos.logback.classic.joran.JoranConfigurator@7907ec20 - Registering current configuration as safe fallback point

2017-10-02 20:07:27.820 INFO   console - launch netty server...
2017-10-02 20:07:27.869 DEBUG  io.netty.util.internal.logging.InternalLoggerFactory - Using SLF4J as the default logging framework
2017-10-02 20:07:27.870 DEBUG  io.netty.util.internal.PlatformDependent - -Dio.netty.noUnsafe: false
2017-10-02 20:07:27.873 DEBUG  io.netty.util.internal.PlatformDependent0 - java.nio.Buffer.address: available
2017-10-02 20:07:27.873 DEBUG  io.netty.util.internal.PlatformDependent0 - sun.misc.Unsafe.theUnsafe: available
2017-10-02 20:07:27.874 DEBUG  io.netty.util.internal.PlatformDependent0 - sun.misc.Unsafe.copyMemory: available
2017-10-02 20:07:27.889 DEBUG  io.netty.util.internal.PlatformDependent0 - direct buffer constructor: available
2017-10-02 20:07:27.890 DEBUG  io.netty.util.internal.PlatformDependent0 - java.nio.Bits.unaligned: available, true
2017-10-02 20:07:27.890 DEBUG  io.netty.util.internal.PlatformDependent0 - java.nio.DirectByteBuffer.<init>(long, int): available
2017-10-02 20:07:27.891 DEBUG  io.netty.util.internal.Cleaner0 - java.nio.ByteBuffer.cleaner(): available
2017-10-02 20:07:27.891 DEBUG  io.netty.util.internal.PlatformDependent - Java version: 8
2017-10-02 20:07:27.891 DEBUG  io.netty.util.internal.PlatformDependent - sun.misc.Unsafe: available
2017-10-02 20:07:27.892 DEBUG  io.netty.util.internal.PlatformDependent - -Dio.netty.noJavassist: false
2017-10-02 20:07:28.031 DEBUG  io.netty.util.internal.PlatformDependent - Javassist: available
2017-10-02 20:07:28.032 DEBUG  io.netty.util.internal.PlatformDependent - -Dio.netty.tmpdir: /tmp (java.io.tmpdir)
2017-10-02 20:07:28.032 DEBUG  io.netty.util.internal.PlatformDependent - -Dio.netty.bitMode: 64 (sun.arch.data.model)
2017-10-02 20:07:28.032 DEBUG  io.netty.util.internal.PlatformDependent - -Dio.netty.noPreferDirect: false
2017-10-02 20:07:28.032 DEBUG  io.netty.util.internal.PlatformDependent - io.netty.maxDirectMemory: 253427712 bytes
2017-10-02 20:07:28.068 DEBUG  io.netty.util.ResourceLeakDetector - -Dio.netty.leakDetection.level: simple
2017-10-02 20:07:28.068 DEBUG  io.netty.util.ResourceLeakDetector - -Dio.netty.leakDetection.maxRecords: 4
2017-10-02 20:07:28.070 DEBUG  io.netty.util.ResourceLeakDetectorFactory - Loaded default ResourceLeakDetector: io.netty.util.ResourceLeakDetector@1b68ddbd
2017-10-02 20:07:28.072 DEBUG  io.netty.util.internal.PlatformDependent - org.jctools-core.MpscChunkedArrayQueue: available
2017-10-02 20:07:28.083 DEBUG  io.netty.util.internal.ThreadLocalRandom - -Dio.netty.initialSeedUniquifier: 0x58bf93acd3f3814d
2017-10-02 20:07:28.088 DEBUG  io.netty.channel.MultithreadEventLoopGroup - -Dio.netty.eventLoopThreads: 2
2017-10-02 20:07:28.120 DEBUG  io.netty.channel.nio.NioEventLoop - -Dio.netty.noKeySetOptimization: false
2017-10-02 20:07:28.120 DEBUG  io.netty.channel.nio.NioEventLoop - -Dio.netty.selectorAutoRebuildThreshold: 512
2017-10-02 20:07:28.161 DEBUG  io.netty.buffer.PooledByteBufAllocator - -Dio.netty.allocator.numHeapArenas: 2
2017-10-02 20:07:28.161 DEBUG  io.netty.buffer.PooledByteBufAllocator - -Dio.netty.allocator.numDirectArenas: 2
2017-10-02 20:07:28.161 DEBUG  io.netty.buffer.PooledByteBufAllocator - -Dio.netty.allocator.pageSize: 8192
2017-10-02 20:07:28.161 DEBUG  io.netty.buffer.PooledByteBufAllocator - -Dio.netty.allocator.maxOrder: 11
2017-10-02 20:07:28.161 DEBUG  io.netty.buffer.PooledByteBufAllocator - -Dio.netty.allocator.chunkSize: 16777216
2017-10-02 20:07:28.161 DEBUG  io.netty.buffer.PooledByteBufAllocator - -Dio.netty.allocator.tinyCacheSize: 512
2017-10-02 20:07:28.161 DEBUG  io.netty.buffer.PooledByteBufAllocator - -Dio.netty.allocator.smallCacheSize: 256
2017-10-02 20:07:28.161 DEBUG  io.netty.buffer.PooledByteBufAllocator - -Dio.netty.allocator.normalCacheSize: 64
2017-10-02 20:07:28.161 DEBUG  io.netty.buffer.PooledByteBufAllocator - -Dio.netty.allocator.maxCachedBufferCapacity: 32768
2017-10-02 20:07:28.161 DEBUG  io.netty.buffer.PooledByteBufAllocator - -Dio.netty.allocator.cacheTrimInterval: 8192
2017-10-02 20:07:28.161 DEBUG  io.netty.buffer.PooledByteBufAllocator - -Dio.netty.allocator.useCacheForAllThreads: true
2017-10-02 20:07:28.184 DEBUG  io.netty.channel.DefaultChannelId - -Dio.netty.processId: 23859 (auto-detected)
2017-10-02 20:07:28.186 DEBUG  io.netty.util.NetUtil - -Djava.net.preferIPv4Stack: false
2017-10-02 20:07:28.186 DEBUG  io.netty.util.NetUtil - -Djava.net.preferIPv6Addresses: false
2017-10-02 20:07:28.187 DEBUG  io.netty.util.NetUtil - Loopback interface: lo (lo, 127.0.0.1)
2017-10-02 20:07:28.187 DEBUG  io.netty.util.NetUtil - /proc/sys/net/core/somaxconn: 16384
2017-10-02 20:07:28.188 DEBUG  io.netty.channel.DefaultChannelId - -Dio.netty.machineId: 00:16:3e:ff:fe:13:4d:a3 (auto-detected)
2017-10-02 20:07:28.211 DEBUG  io.netty.buffer.ByteBufUtil - -Dio.netty.allocator.type: pooled
2017-10-02 20:07:28.211 DEBUG  io.netty.buffer.ByteBufUtil - -Dio.netty.threadLocalDirectBufferSize: 65536
2017-10-02 20:07:28.211 DEBUG  io.netty.buffer.ByteBufUtil - -Dio.netty.maxThreadLocalCharBufferSize: 16384
2017-10-02 20:07:28.232 INFO   cxf.hb.log - server start success on:8888
2017-10-02 20:07:43.779 DEBUG  io.netty.util.internal.JavassistTypeParameterMatcherGenerator - Generated: io.netty.util.internal.__matchers__.io.netty.buffer.ByteBufMatcher
2017-10-02 20:07:43.781 DEBUG  io.netty.util.internal.JavassistTypeParameterMatcherGenerator - Generated: io.netty.util.internal.__matchers__.byte[]Matcher
2017-10-02 20:07:43.784 DEBUG  cxf.conn.log - client connected conn=[id: 0x6693810b, L:/172.16.152.110:8888 - R:/123.152.222.183:42176]
2017-10-02 20:07:44.344 DEBUG  io.netty.util.Recycler - -Dio.netty.recycler.maxCapacityPerThread: 32768
2017-10-02 20:07:44.345 DEBUG  io.netty.util.Recycler - -Dio.netty.recycler.maxSharedCapacityFactor: 2
2017-10-02 20:07:44.345 DEBUG  io.netty.util.Recycler - -Dio.netty.recycler.linkCapacity: 16
2017-10-02 20:07:44.345 DEBUG  io.netty.util.Recycler - -Dio.netty.recycler.ratio: 8
2017-10-02 20:07:44.370 DEBUG  io.netty.buffer.AbstractByteBuf - -Dio.netty.buffer.bytebuf.checkAccessible: true
2017-10-02 20:07:44.370 DEBUG  io.netty.util.ResourceLeakDetectorFactory - Loaded default ResourceLeakDetector: io.netty.util.ResourceLeakDetector@1c970a0b
2017-10-02 20:07:44.374 WARN   cxf.tcp.log - receive msg: EC 01 24 38 64 39 36 33 30 65 39 2D 61 61 32 30 2D 34 36 38 36 2D 38 61 30 34 2D 61 35 64 30 31 65 65 30 34 32 64 61 32 61 32 32 37 65 66 35 64 63 30 39 62 30 36 64 61 34 37 36 38 34 31 37 39 35 37 39 63 36 62 62 68
2017-10-02 20:07:44.375 WARN   cxf.tcp.log - receive msg: EC 01 24 38 64 39 36 33 30 65 39 2D 61 61 32 30 2D 34 36 38 36 2D 38 61 30 34 2D 61 35 64 30 31 65 65 30 34 32 64 61 32 61 32 32 37 65 66 35 64 63 30 39 62 30 36 64 61 34 37 36 38 34 31 37 39 35 37 39 63 36 62 62 68
2017-10-02 20:07:44.403 DEBUG  com.cxf.netty.tcp.convent.Msg - cmd:1
2017-10-02 20:07:44.476 DEBUG  com.cxf.netty.tcp.convent.Msg - len:2
2017-10-02 20:07:44.478 WARN   cxf.tcp.log - send msg: EC 02 02 6F 6B 31 31 39 34 30 38 63 35 30 65 37 34 30 63 36 61 66 62 61 62 34 34 32 37 33 32 30 32 65 66 63 33 68
2017-10-02 20:07:44.480 INFO   com.cxf.netty.tcp.convent.Msg - submit:http://liehu.keyuebao.com/liehu/data.php?apiclass=gpsFunCenter&needtype=registerInfo&communications={"serverIp":"127.0.0.1","uuid":"8d9630e9-aa20-4686-8a04-a5d01ee042da","channelId":"6693810b"}
2017-10-02 20:07:54.497 WARN   cxf.tcp.log - receive msg: EC BE 0E 00 01 01 64 00 AA BD 3E 07 A0 04 C7 01 00 39 64 63 64 35 61 35 36 66 33 36 38 31 39 30 64 38 61 62 33 31 32 63 31 64 66 36 62 65 63 36 62 68
2017-10-02 20:07:54.497 WARN   cxf.tcp.log - receive msg: EC BE 0E 00 01 01 64 00 AA BD 3E 07 A0 04 C7 01 00 39 64 63 64 35 61 35 36 66 33 36 38 31 39 30 64 38 61 62 33 31 32 63 31 64 66 36 62 65 63 36 62 68
2017-10-02 20:07:54.498 DEBUG  com.cxf.netty.tcp.convent.Msg - cmd:-66
2017-10-02 20:07:54.498 INFO   com.cxf.netty.tcp.convent.Msg - channelId:6693810b
2017-10-02 20:07:54.499 DEBUG  com.cxf.netty.tcp.convent.Msg - len:2
2017-10-02 20:07:54.499 WARN   cxf.tcp.log - send msg: EC 02 02 6F 6B 31 31 39 34 30 38 63 35 30 65 37 34 30 63 36 61 66 62 61 62 34 34 32 37 33 32 30 32 65 66 63 33 68
2017-10-02 20:07:54.500 INFO   com.cxf.netty.tcp.convent.Msg - submit:http://liehu.keyuebao.com/liehu/data.php?apiclass=gpsFunCenter&needtype=saveInfo&communications={"latitude":29.820064,"serverIp":"127.0.0.1","state":0,"channelId":"6693810b","speed":100,"longitude":121.552298,"status":0}
2017-10-02 20:08:04.514 WARN   cxf.tcp.log - receive msg: EC BE 0E 00 01 01 64 00 AA BD 3E 07 AA 04 C7 01 00 39 64 63 64 35 61 35 36 66 33 36 38 31 39 30 64 38 61 62 33 31 32 63 31 64 66 36 62 65 63 36 62 68
2017-10-02 20:08:04.515 WARN   cxf.tcp.log - receive msg: EC BE 0E 00 01 01 64 00 AA BD 3E 07 AA 04 C7 01 00 39 64 63 64 35 61 35 36 66 33 36 38 31 39 30 64 38 61 62 33 31 32 63 31 64 66 36 62 65 63 36 62 68
2017-10-02 20:08:04.515 DEBUG  com.cxf.netty.tcp.convent.Msg - cmd:-66
2017-10-02 20:08:04.515 INFO   com.cxf.netty.tcp.convent.Msg - channelId:6693810b
2017-10-02 20:08:04.515 DEBUG  com.cxf.netty.tcp.convent.Msg - len:2
2017-10-02 20:08:04.516 WARN   cxf.tcp.log - send msg: EC 02 02 6F 6B 31 31 39 34 30 38 63 35 30 65 37 34 30 63 36 61 66 62 61 62 34 34 32 37 33 32 30 32 65 66 63 33 68
2017-10-02 20:08:04.516 INFO   com.cxf.netty.tcp.convent.Msg - submit:http://liehu.keyuebao.com/liehu/data.php?apiclass=gpsFunCenter&needtype=saveInfo&communications={"latitude":29.820074,"serverIp":"127.0.0.1","state":0,"channelId":"6693810b","speed":100,"longitude":121.552298,"status":0}
2017-10-02 20:08:14.530 WARN   cxf.tcp.log - receive msg: EC BE 0E 00 01 01 64 00 AA BD 3E 07 B4 04 C7 01 00 39 64 63 64 35 61 35 36 66 33 36 38 31 39 30 64 38 61 62 33 31 32 63 31 64 66 36 62 65 63 36 62 68
2017-10-02 20:08:14.530 WARN   cxf.tcp.log - receive msg: EC BE 0E 00 01 01 64 00 AA BD 3E 07 B4 04 C7 01 00 39 64 63 64 35 61 35 36 66 33 36 38 31 39 30 64 38 61 62 33 31 32 63 31 64 66 36 62 65 63 36 62 68
2017-10-02 20:08:14.531 DEBUG  com.cxf.netty.tcp.convent.Msg - cmd:-66
2017-10-02 20:08:14.531 INFO   com.cxf.netty.tcp.convent.Msg - channelId:6693810b
2017-10-02 20:08:14.531 DEBUG  com.cxf.netty.tcp.convent.Msg - len:2
2017-10-02 20:08:14.531 WARN   cxf.tcp.log - send msg: EC 02 02 6F 6B 31 31 39 34 30 38 63 35 30 65 37 34 30 63 36 61 66 62 61 62 34 34 32 37 33 32 30 32 65 66 63 33 68
2017-10-02 20:08:14.536 INFO   com.cxf.netty.tcp.convent.Msg - submit:http://liehu.keyuebao.com/liehu/data.php?apiclass=gpsFunCenter&needtype=saveInfo&communications={"latitude":29.820084,"serverIp":"127.0.0.1","state":0,"channelId":"6693810b","speed":100,"longitude":121.552298,"status":0}
2017-10-02 20:08:24.548 WARN   cxf.tcp.log - receive msg: EC BE 0E 00 01 01 64 00 AA BD 3E 07 BE 04 C7 01 00 39 64 63 64 35 61 35 36 66 33 36 38 31 39 30 64 38 61 62 33 31 32 63 31 64 66 36 62 65 63 36 62 68
2017-10-02 20:08:24.549 WARN   cxf.tcp.log - receive msg: EC BE 0E 00 01 01 64 00 AA BD 3E 07 BE 04 C7 01 00 39 64 63 64 35 61 35 36 66 33 36 38 31 39 30 64 38 61 62 33 31 32 63 31 64 66 36 62 65 63 36 62 68
2017-10-02 20:08:24.549 DEBUG  com.cxf.netty.tcp.convent.Msg - cmd:-66
2017-10-02 20:08:24.549 INFO   com.cxf.netty.tcp.convent.Msg - channelId:6693810b
2017-10-02 20:08:24.549 DEBUG  com.cxf.netty.tcp.convent.Msg - len:2
2017-10-02 20:08:24.550 WARN   cxf.tcp.log - send msg: EC 02 02 6F 6B 31 31 39 34 30 38 63 35 30 65 37 34 30 63 36 61 66 62 61 62 34 34 32 37 33 32 30 32 65 66 63 33 68
2017-10-02 20:08:24.550 INFO   com.cxf.netty.tcp.convent.Msg - submit:http://liehu.keyuebao.com/liehu/data.php?apiclass=gpsFunCenter&needtype=saveInfo&communications={"latitude":29.820094,"serverIp":"127.0.0.1","state":0,"channelId":"6693810b","speed":100,"longitude":121.552298,"status":0}
2017-10-02 20:08:34.565 WARN   cxf.tcp.log - receive msg: EC BE 0E 00 01 01 64 00 AA BD 3E 07 C8 04 C7 01 00 39 64 63 64 35 61 35 36 66 33 36 38 31 39 30 64 38 61 62 33 31 32 63 31 64 66 36 62 65 63 36 62 68
2017-10-02 20:08:34.566 WARN   cxf.tcp.log - receive msg: EC BE 0E 00 01 01 64 00 AA BD 3E 07 C8 04 C7 01 00 39 64 63 64 35 61 35 36 66 33 36 38 31 39 30 64 38 61 62 33 31 32 63 31 64 66 36 62 65 63 36 62 68
2017-10-02 20:08:34.566 DEBUG  com.cxf.netty.tcp.convent.Msg - cmd:-66
2017-10-02 20:08:34.569 INFO   com.cxf.netty.tcp.convent.Msg - channelId:6693810b
2017-10-02 20:08:34.569 DEBUG  com.cxf.netty.tcp.convent.Msg - len:2
2017-10-02 20:08:34.570 WARN   cxf.tcp.log - send msg: EC 02 02 6F 6B 31 31 39 34 30 38 63 35 30 65 37 34 30 63 36 61 66 62 61 62 34 34 32 37 33 32 30 32 65 66 63 33 68
2017-10-02 20:08:34.570 INFO   com.cxf.netty.tcp.convent.Msg - submit:http://liehu.keyuebao.com/liehu/data.php?apiclass=gpsFunCenter&needtype=saveInfo&communications={"latitude":29.820104,"serverIp":"127.0.0.1","state":0,"channelId":"6693810b","speed":100,"longitude":121.552298,"status":0}
2017-10-02 20:08:44.584 WARN   cxf.tcp.log - receive msg: EC BE 0E 00 01 01 64 00 AA BD 3E 07 D2 04 C7 01 00 39 64 63 64 35 61 35 36 66 33 36 38 31 39 30 64 38 61 62 33 31 32 63 31 64 66 36 62 65 63 36 62 68
2017-10-02 20:08:44.584 WARN   cxf.tcp.log - receive msg: EC BE 0E 00 01 01 64 00 AA BD 3E 07 D2 04 C7 01 00 39 64 63 64 35 61 35 36 66 33 36 38 31 39 30 64 38 61 62 33 31 32 63 31 64 66 36 62 65 63 36 62 68
2017-10-02 20:08:44.585 DEBUG  com.cxf.netty.tcp.convent.Msg - cmd:-66
2017-10-02 20:08:44.585 INFO   com.cxf.netty.tcp.convent.Msg - channelId:6693810b
2017-10-02 20:08:44.585 DEBUG  com.cxf.netty.tcp.convent.Msg - len:2
2017-10-02 20:08:44.585 WARN   cxf.tcp.log - send msg: EC 02 02 6F 6B 31 31 39 34 30 38 63 35 30 65 37 34 30 63 36 61 66 62 61 62 34 34 32 37 33 32 30 32 65 66 63 33 68
2017-10-02 20:08:44.586 INFO   com.cxf.netty.tcp.convent.Msg - submit:http://liehu.keyuebao.com/liehu/data.php?apiclass=gpsFunCenter&needtype=saveInfo&communications={"latitude":29.820114,"serverIp":"127.0.0.1","state":0,"channelId":"6693810b","speed":100,"longitude":121.552298,"status":0}
2017-10-02 20:08:54.600 WARN   cxf.tcp.log - receive msg: EC BE 0E 00 01 01 64 00 AA BD 3E 07 DC 04 C7 01 00 39 64 63 64 35 61 35 36 66 33 36 38 31 39 30 64 38 61 62 33 31 32 63 31 64 66 36 62 65 63 36 62 68
2017-10-02 20:08:54.601 WARN   cxf.tcp.log - receive msg: EC BE 0E 00 01 01 64 00 AA BD 3E 07 DC 04 C7 01 00 39 64 63 64 35 61 35 36 66 33 36 38 31 39 30 64 38 61 62 33 31 32 63 31 64 66 36 62 65 63 36 62 68
2017-10-02 20:08:54.601 DEBUG  com.cxf.netty.tcp.convent.Msg - cmd:-66
2017-10-02 20:08:54.601 INFO   com.cxf.netty.tcp.convent.Msg - channelId:6693810b
2017-10-02 20:08:54.601 DEBUG  com.cxf.netty.tcp.convent.Msg - len:2
2017-10-02 20:08:54.604 WARN   cxf.tcp.log - send msg: EC 02 02 6F 6B 31 31 39 34 30 38 63 35 30 65 37 34 30 63 36 61 66 62 61 62 34 34 32 37 33 32 30 32 65 66 63 33 68
2017-10-02 20:08:54.604 INFO   com.cxf.netty.tcp.convent.Msg - submit:http://liehu.keyuebao.com/liehu/data.php?apiclass=gpsFunCenter&needtype=saveInfo&communications={"latitude":29.820124,"serverIp":"127.0.0.1","state":0,"channelId":"6693810b","speed":100,"longitude":121.552298,"status":0}
2017-10-02 20:09:04.626 WARN   cxf.tcp.log - receive msg: EC BE 0E 00 01 01 64 00 AA BD 3E 07 E6 04 C7 01 00 39 64 63 64 35 61 35 36 66 33 36 38 31 39 30 64 38 61 62 33 31 32 63 31 64 66 36 62 65 63 36 62 68
2017-10-02 20:09:04.626 WARN   cxf.tcp.log - receive msg: EC BE 0E 00 01 01 64 00 AA BD 3E 07 E6 04 C7 01 00 39 64 63 64 35 61 35 36 66 33 36 38 31 39 30 64 38 61 62 33 31 32 63 31 64 66 36 62 65 63 36 62 68
2017-10-02 20:09:04.626 DEBUG  com.cxf.netty.tcp.convent.Msg - cmd:-66
2017-10-02 20:09:04.626 INFO   com.cxf.netty.tcp.convent.Msg - channelId:6693810b
2017-10-02 20:09:04.626 DEBUG  com.cxf.netty.tcp.convent.Msg - len:2
2017-10-02 20:09:04.627 WARN   cxf.tcp.log - send msg: EC 02 02 6F 6B 31 31 39 34 30 38 63 35 30 65 37 34 30 63 36 61 66 62 61 62 34 34 32 37 33 32 30 32 65 66 63 33 68
2017-10-02 20:09:04.627 INFO   com.cxf.netty.tcp.convent.Msg - submit:http://liehu.keyuebao.com/liehu/data.php?apiclass=gpsFunCenter&needtype=saveInfo&communications={"latitude":29.820134,"serverIp":"127.0.0.1","state":0,"channelId":"6693810b","speed":100,"longitude":121.552298,"status":0}
2017-10-02 20:09:14.641 WARN   cxf.tcp.log - receive msg: EC BE 0E 00 01 01 64 00 AA BD 3E 07 F0 04 C7 01 00 39 64 63 64 35 61 35 36 66 33 36 38 31 39 30 64 38 61 62 33 31 32 63 31 64 66 36 62 65 63 36 62 68
2017-10-02 20:09:14.641 WARN   cxf.tcp.log - receive msg: EC BE 0E 00 01 01 64 00 AA BD 3E 07 F0 04 C7 01 00 39 64 63 64 35 61 35 36 66 33 36 38 31 39 30 64 38 61 62 33 31 32 63 31 64 66 36 62 65 63 36 62 68
2017-10-02 20:09:14.641 DEBUG  com.cxf.netty.tcp.convent.Msg - cmd:-66
2017-10-02 20:09:14.641 INFO   com.cxf.netty.tcp.convent.Msg - channelId:6693810b
2017-10-02 20:09:14.642 DEBUG  com.cxf.netty.tcp.convent.Msg - len:2
2017-10-02 20:09:14.642 WARN   cxf.tcp.log - send msg: EC 02 02 6F 6B 31 31 39 34 30 38 63 35 30 65 37 34 30 63 36 61 66 62 61 62 34 34 32 37 33 32 30 32 65 66 63 33 68
2017-10-02 20:09:14.642 INFO   com.cxf.netty.tcp.convent.Msg - submit:http://liehu.keyuebao.com/liehu/data.php?apiclass=gpsFunCenter&needtype=saveInfo&communications={"latitude":29.820144,"serverIp":"127.0.0.1","state":0,"channelId":"6693810b","speed":100,"longitude":121.552298,"status":0}
2017-10-02 20:09:24.657 WARN   cxf.tcp.log - receive msg: EC BE 0E 00 01 01 64 00 AA BD 3E 07 FA 04 C7 01 00 39 64 63 64 35 61 35 36 66 33 36 38 31 39 30 64 38 61 62 33 31 32 63 31 64 66 36 62 65 63 36 62 68
2017-10-02 20:09:24.658 WARN   cxf.tcp.log - receive msg: EC BE 0E 00 01 01 64 00 AA BD 3E 07 FA 04 C7 01 00 39 64 63 64 35 61 35 36 66 33 36 38 31 39 30 64 38 61 62 33 31 32 63 31 64 66 36 62 65 63 36 62 68
2017-10-02 20:09:24.658 DEBUG  com.cxf.netty.tcp.convent.Msg - cmd:-66
2017-10-02 20:09:24.658 INFO   com.cxf.netty.tcp.convent.Msg - channelId:6693810b
2017-10-02 20:09:24.658 DEBUG  com.cxf.netty.tcp.convent.Msg - len:2
2017-10-02 20:09:24.659 WARN   cxf.tcp.log - send msg: EC 02 02 6F 6B 31 31 39 34 30 38 63 35 30 65 37 34 30 63 36 61 66 62 61 62 34 34 32 37 33 32 30 32 65 66 63 33 68
2017-10-02 20:09:24.659 INFO   com.cxf.netty.tcp.convent.Msg - submit:http://liehu.keyuebao.com/liehu/data.php?apiclass=gpsFunCenter&needtype=saveInfo&communications={"latitude":29.820154,"serverIp":"127.0.0.1","state":0,"channelId":"6693810b","speed":100,"longitude":121.552298,"status":0}
2017-10-02 20:09:43.801 INFO   cxf.hb.log - client heartbeat timeout times=1, connection=[channel=[id: 0x6693810b, L:/172.16.152.110:8888 - R:/123.152.222.183:42176], context=, status=1, lastReadTime=1506946164658, lastWriteTime=0]
2017-10-02 20:09:53.800 INFO   cxf.hb.log - client heartbeat timeout times=2, connection=[channel=[id: 0x6693810b, L:/172.16.152.110:8888 - R:/123.152.222.183:42176], context=, status=1, lastReadTime=1506946164658, lastWriteTime=0]
2017-10-02 20:10:03.801 WARN   cxf.hb.log - client heartbeat timeout times=3, do close conn=[channel=[id: 0x6693810b, L:/172.16.152.110:8888 - R:/123.152.222.183:42176], context=, status=2, lastReadTime=1506946164658, lastWriteTime=0]
2017-10-02 20:10:03.803 DEBUG  cxf.conn.log - client disconnected conn=[channel=[id: 0x6693810b, L:/172.16.152.110:8888 ! R:/123.152.222.183:42176], context=, status=2, lastReadTime=1506946164658, lastWriteTime=0]
2017-10-02 20:10:03.803 INFO   com.cxf.netty.tcp.convent.Msg - submit:http://liehu.keyuebao.com/liehu/data.php?apiclass=gpsFunCenter&needtype=exitInfo&communications={"serverIp":"127.0.0.1","channelId":"6693810b"}
