230  [main] DEBUG i.n.u.i.l.InternalLoggerFactory - Using SLF4J as the default logging framework
231  [main] DEBUG i.n.util.internal.PlatformDependent - -Dio.netty.noUnsafe: false
234  [main] DEBUG i.n.u.internal.PlatformDependent0 - java.nio.Buffer.address: available
235  [main] DEBUG i.n.u.internal.PlatformDependent0 - sun.misc.Unsafe.theUnsafe: available
236  [main] DEBUG i.n.u.internal.PlatformDependent0 - sun.misc.Unsafe.copyMemory: available
236  [main] DEBUG i.n.u.internal.PlatformDependent0 - direct buffer constructor: available
237  [main] DEBUG i.n.u.internal.PlatformDependent0 - java.nio.Bits.unaligned: available, true
238  [main] DEBUG i.n.u.internal.PlatformDependent0 - java.nio.DirectByteBuffer.<init>(long, int): available
239  [main] DEBUG io.netty.util.internal.Cleaner0 - java.nio.ByteBuffer.cleaner(): available
239  [main] DEBUG i.n.util.internal.PlatformDependent - Platform: Windows
240  [main] DEBUG i.n.util.internal.PlatformDependent - Java version: 8
240  [main] DEBUG i.n.util.internal.PlatformDependent - sun.misc.Unsafe: available
240  [main] DEBUG i.n.util.internal.PlatformDependent - -Dio.netty.noJavassist: false
351  [main] DEBUG i.n.util.internal.PlatformDependent - Javassist: available
352  [main] DEBUG i.n.util.internal.PlatformDependent - -Dio.netty.tmpdir: C:\Users\ADMINI~1.HRJ\AppData\Local\Temp (java.io.tmpdir)
352  [main] DEBUG i.n.util.internal.PlatformDependent - -Dio.netty.bitMode: 64 (sun.arch.data.model)
352  [main] DEBUG i.n.util.internal.PlatformDependent - -Dio.netty.noPreferDirect: false
352  [main] DEBUG i.n.util.internal.PlatformDependent - io.netty.maxDirectMemory: 1886912512 bytes
369  [main] DEBUG io.netty.util.ResourceLeakDetector - -Dio.netty.leakDetection.level: simple
369  [main] DEBUG io.netty.util.ResourceLeakDetector - -Dio.netty.leakDetection.maxRecords: 4
370  [main] DEBUG i.n.u.ResourceLeakDetectorFactory - Loaded default ResourceLeakDetector: io.netty.util.ResourceLeakDetector@184f6be2
374  [main] DEBUG i.n.util.internal.PlatformDependent - org.jctools-core.MpscChunkedArrayQueue: available
380  [main] DEBUG i.n.util.internal.ThreadLocalRandom - -Dio.netty.initialSeedUniquifier: 0x0bcbb70f39a857c4
387  [main] DEBUG i.n.c.MultithreadEventLoopGroup - -Dio.netty.eventLoopThreads: 8
401  [main] DEBUG io.netty.channel.nio.NioEventLoop - -Dio.netty.noKeySetOptimization: false
401  [main] DEBUG io.netty.channel.nio.NioEventLoop - -Dio.netty.selectorAutoRebuildThreshold: 512
447  [main] DEBUG i.n.buffer.PooledByteBufAllocator - -Dio.netty.allocator.numHeapArenas: 8
447  [main] DEBUG i.n.buffer.PooledByteBufAllocator - -Dio.netty.allocator.numDirectArenas: 8
447  [main] DEBUG i.n.buffer.PooledByteBufAllocator - -Dio.netty.allocator.pageSize: 8192
447  [main] DEBUG i.n.buffer.PooledByteBufAllocator - -Dio.netty.allocator.maxOrder: 11
447  [main] DEBUG i.n.buffer.PooledByteBufAllocator - -Dio.netty.allocator.chunkSize: 16777216
447  [main] DEBUG i.n.buffer.PooledByteBufAllocator - -Dio.netty.allocator.tinyCacheSize: 512
447  [main] DEBUG i.n.buffer.PooledByteBufAllocator - -Dio.netty.allocator.smallCacheSize: 256
447  [main] DEBUG i.n.buffer.PooledByteBufAllocator - -Dio.netty.allocator.normalCacheSize: 64
447  [main] DEBUG i.n.buffer.PooledByteBufAllocator - -Dio.netty.allocator.maxCachedBufferCapacity: 32768
448  [main] DEBUG i.n.buffer.PooledByteBufAllocator - -Dio.netty.allocator.cacheTrimInterval: 8192
448  [main] DEBUG i.n.buffer.PooledByteBufAllocator - -Dio.netty.allocator.useCacheForAllThreads: true
470  [main] DEBUG io.netty.channel.DefaultChannelId - -Dio.netty.processId: 2172 (auto-detected)
472  [main] DEBUG io.netty.util.NetUtil - -Djava.net.preferIPv4Stack: false
472  [main] DEBUG io.netty.util.NetUtil - -Djava.net.preferIPv6Addresses: false
669  [main] DEBUG io.netty.util.NetUtil - Loopback interface: lo (Software Loopback Interface 1, 127.0.0.1)
670  [main] DEBUG io.netty.util.NetUtil - \proc\sys\net\core\somaxconn: 200 (non-existent)
863  [main] DEBUG io.netty.channel.DefaultChannelId - -Dio.netty.machineId: fc:aa:14:ff:fe:7a:68:03 (auto-detected)
880  [main] DEBUG io.netty.buffer.ByteBufUtil - -Dio.netty.allocator.type: pooled
880  [main] DEBUG io.netty.buffer.ByteBufUtil - -Dio.netty.threadLocalDirectBufferSize: 65536
880  [main] DEBUG io.netty.buffer.ByteBufUtil - -Dio.netty.maxThreadLocalCharBufferSize: 16384
