2017-10-07 21:25:16.679 [main] DEBUG com.cxf.netty.tcp.convent.Msg -
				90077383-7d16-4c52-bec1-015815104358
2017-10-07 21:25:16.681 [main] DEBUG com.cxf.netty.tcp.convent.Msg -
				len:36
2017-10-07 21:25:16.803 [main] DEBUG i.n.u.i.l.InternalLoggerFactory -
				Using SLF4J as the default logging framework
2017-10-07 21:25:16.818 [main] DEBUG i.n.util.internal.PlatformDependent -
				-Dio.netty.noUnsafe: false
2017-10-07 21:25:16.828 [main] DEBUG i.n.u.internal.PlatformDependent0 -
				java.nio.Buffer.address: available
2017-10-07 21:25:16.829 [main] DEBUG i.n.u.internal.PlatformDependent0 -
				sun.misc.Unsafe.theUnsafe: available
2017-10-07 21:25:16.830 [main] DEBUG i.n.u.internal.PlatformDependent0 -
				sun.misc.Unsafe.copyMemory: available
2017-10-07 21:25:16.831 [main] DEBUG i.n.u.internal.PlatformDependent0 -
				direct buffer constructor: available
2017-10-07 21:25:16.832 [main] DEBUG i.n.u.internal.PlatformDependent0 -
				java.nio.Bits.unaligned: available, true
2017-10-07 21:25:16.832 [main] DEBUG i.n.u.internal.PlatformDependent0 -
				java.nio.DirectByteBuffer.<init>(long, int): available
2017-10-07 21:25:16.833 [main] DEBUG io.netty.util.internal.Cleaner0 -
				java.nio.ByteBuffer.cleaner(): available
2017-10-07 21:25:16.834 [main] DEBUG i.n.util.internal.PlatformDependent -
				Platform: Windows
2017-10-07 21:25:16.834 [main] DEBUG i.n.util.internal.PlatformDependent -
				Java version: 8
2017-10-07 21:25:16.835 [main] DEBUG i.n.util.internal.PlatformDependent -
				sun.misc.Unsafe: available
2017-10-07 21:25:16.837 [main] DEBUG i.n.util.internal.PlatformDependent -
				-Dio.netty.noJavassist: false
2017-10-07 21:25:17.278 [main] DEBUG i.n.util.internal.PlatformDependent -
				Javassist: available
2017-10-07 21:25:17.279 [main] DEBUG i.n.util.internal.PlatformDependent -
				-Dio.netty.tmpdir: C:\Users\ADMINI~1\AppData\Local\Temp (java.io.tmpdir)
2017-10-07 21:25:17.280 [main] DEBUG i.n.util.internal.PlatformDependent -
				-Dio.netty.bitMode: 64 (sun.arch.data.model)
2017-10-07 21:25:17.280 [main] DEBUG i.n.util.internal.PlatformDependent -
				-Dio.netty.noPreferDirect: false
2017-10-07 21:25:17.280 [main] DEBUG i.n.util.internal.PlatformDependent -
				io.netty.maxDirectMemory: 1843920896 bytes
2017-10-07 21:25:17.349 [main] DEBUG io.netty.buffer.AbstractByteBuf -
				-Dio.netty.buffer.bytebuf.checkAccessible: true
2017-10-07 21:25:17.354 [main] DEBUG io.netty.util.ResourceLeakDetector -
				-Dio.netty.leakDetection.level: simple
2017-10-07 21:25:17.355 [main] DEBUG io.netty.util.ResourceLeakDetector -
				-Dio.netty.leakDetection.maxRecords: 4
2017-10-07 21:25:17.356 [main] DEBUG i.n.u.ResourceLeakDetectorFactory -
				Loaded default ResourceLeakDetector: io.netty.util.ResourceLeakDetector@76f2b07d
2017-10-07 21:25:17.369 [main] DEBUG com.cxf.netty.tcp.convent.Msg -
				94139f3a725df8d34be9793e7398e4ec
2017-10-07 21:25:17.369 [main] DEBUG com.cxf.netty.tcp.convent.Msg -
				加密后74
2017-10-07 21:25:17.369 [main] DEBUG com.cxf.netty.tcp.convent.Msg -
				len:10
2017-10-07 21:25:44.664 [main] DEBUG com.cxf.netty.tcp.convent.Msg -
				46e701f3-a47b-4c50-9c1e-88f4216caba2
2017-10-07 21:25:44.666 [main] DEBUG com.cxf.netty.tcp.convent.Msg -
				len:36
2017-10-07 21:25:44.694 [main] DEBUG i.n.u.i.l.InternalLoggerFactory -
				Using SLF4J as the default logging framework
2017-10-07 21:25:44.695 [main] DEBUG i.n.util.internal.PlatformDependent -
				-Dio.netty.noUnsafe: false
2017-10-07 21:25:44.699 [main] DEBUG i.n.u.internal.PlatformDependent0 -
				java.nio.Buffer.address: available
2017-10-07 21:25:44.699 [main] DEBUG i.n.u.internal.PlatformDependent0 -
				sun.misc.Unsafe.theUnsafe: available
2017-10-07 21:25:44.700 [main] DEBUG i.n.u.internal.PlatformDependent0 -
				sun.misc.Unsafe.copyMemory: available
2017-10-07 21:25:44.701 [main] DEBUG i.n.u.internal.PlatformDependent0 -
				direct buffer constructor: available
2017-10-07 21:25:44.702 [main] DEBUG i.n.u.internal.PlatformDependent0 -
				java.nio.Bits.unaligned: available, true
2017-10-07 21:25:44.702 [main] DEBUG i.n.u.internal.PlatformDependent0 -
				java.nio.DirectByteBuffer.<init>(long, int): available
2017-10-07 21:25:44.703 [main] DEBUG io.netty.util.internal.Cleaner0 -
				java.nio.ByteBuffer.cleaner(): available
2017-10-07 21:25:44.703 [main] DEBUG i.n.util.internal.PlatformDependent -
				Platform: Windows
2017-10-07 21:25:44.704 [main] DEBUG i.n.util.internal.PlatformDependent -
				Java version: 8
2017-10-07 21:25:44.704 [main] DEBUG i.n.util.internal.PlatformDependent -
				sun.misc.Unsafe: available
2017-10-07 21:25:44.704 [main] DEBUG i.n.util.internal.PlatformDependent -
				-Dio.netty.noJavassist: false
2017-10-07 21:25:44.803 [main] DEBUG i.n.util.internal.PlatformDependent -
				Javassist: available
2017-10-07 21:25:44.803 [main] DEBUG i.n.util.internal.PlatformDependent -
				-Dio.netty.tmpdir: C:\Users\ADMINI~1\AppData\Local\Temp (java.io.tmpdir)
2017-10-07 21:25:44.803 [main] DEBUG i.n.util.internal.PlatformDependent -
				-Dio.netty.bitMode: 64 (sun.arch.data.model)
2017-10-07 21:25:44.804 [main] DEBUG i.n.util.internal.PlatformDependent -
				-Dio.netty.noPreferDirect: false
2017-10-07 21:25:44.804 [main] DEBUG i.n.util.internal.PlatformDependent -
				io.netty.maxDirectMemory: 1843920896 bytes
2017-10-07 21:25:44.810 [main] DEBUG io.netty.buffer.AbstractByteBuf -
				-Dio.netty.buffer.bytebuf.checkAccessible: true
2017-10-07 21:25:44.812 [main] DEBUG io.netty.util.ResourceLeakDetector -
				-Dio.netty.leakDetection.level: simple
2017-10-07 21:25:44.812 [main] DEBUG io.netty.util.ResourceLeakDetector -
				-Dio.netty.leakDetection.maxRecords: 4
2017-10-07 21:25:44.812 [main] DEBUG i.n.u.ResourceLeakDetectorFactory -
				Loaded default ResourceLeakDetector: io.netty.util.ResourceLeakDetector@76f2b07d
2017-10-07 21:25:44.816 [main] DEBUG com.cxf.netty.tcp.convent.Msg -
				f0b4302784a78b955495742359de8ed9
2017-10-07 21:25:44.816 [main] DEBUG com.cxf.netty.tcp.convent.Msg -
				加密后74
2017-10-07 21:25:44.816 [main] DEBUG com.cxf.netty.tcp.convent.Msg -
				len:10
2017-10-07 21:27:54.753 [main] DEBUG com.cxf.netty.tcp.convent.Msg -
				02e64d23-1d2a-4592-b356-0b6edf681af3
2017-10-07 21:27:54.755 [main] DEBUG com.cxf.netty.tcp.convent.Msg -
				len:36
2017-10-07 21:27:54.785 [main] DEBUG i.n.u.i.l.InternalLoggerFactory -
				Using SLF4J as the default logging framework
2017-10-07 21:27:54.787 [main] DEBUG i.n.util.internal.PlatformDependent -
				-Dio.netty.noUnsafe: false
2017-10-07 21:27:54.790 [main] DEBUG i.n.u.internal.PlatformDependent0 -
				java.nio.Buffer.address: available
2017-10-07 21:27:54.792 [main] DEBUG i.n.u.internal.PlatformDependent0 -
				sun.misc.Unsafe.theUnsafe: available
2017-10-07 21:27:54.793 [main] DEBUG i.n.u.internal.PlatformDependent0 -
				sun.misc.Unsafe.copyMemory: available
2017-10-07 21:27:54.793 [main] DEBUG i.n.u.internal.PlatformDependent0 -
				direct buffer constructor: available
2017-10-07 21:27:54.794 [main] DEBUG i.n.u.internal.PlatformDependent0 -
				java.nio.Bits.unaligned: available, true
2017-10-07 21:27:54.794 [main] DEBUG i.n.u.internal.PlatformDependent0 -
				java.nio.DirectByteBuffer.<init>(long, int): available
2017-10-07 21:27:54.795 [main] DEBUG io.netty.util.internal.Cleaner0 -
				java.nio.ByteBuffer.cleaner(): available
2017-10-07 21:27:54.796 [main] DEBUG i.n.util.internal.PlatformDependent -
				Platform: Windows
2017-10-07 21:27:54.796 [main] DEBUG i.n.util.internal.PlatformDependent -
				Java version: 8
2017-10-07 21:27:54.797 [main] DEBUG i.n.util.internal.PlatformDependent -
				sun.misc.Unsafe: available
2017-10-07 21:27:54.797 [main] DEBUG i.n.util.internal.PlatformDependent -
				-Dio.netty.noJavassist: false
2017-10-07 21:27:54.895 [main] DEBUG i.n.util.internal.PlatformDependent -
				Javassist: available
2017-10-07 21:27:54.896 [main] DEBUG i.n.util.internal.PlatformDependent -
				-Dio.netty.tmpdir: C:\Users\ADMINI~1\AppData\Local\Temp (java.io.tmpdir)
2017-10-07 21:27:54.896 [main] DEBUG i.n.util.internal.PlatformDependent -
				-Dio.netty.bitMode: 64 (sun.arch.data.model)
2017-10-07 21:27:54.896 [main] DEBUG i.n.util.internal.PlatformDependent -
				-Dio.netty.noPreferDirect: false
2017-10-07 21:27:54.896 [main] DEBUG i.n.util.internal.PlatformDependent -
				io.netty.maxDirectMemory: 1843920896 bytes
2017-10-07 21:27:54.903 [main] DEBUG io.netty.buffer.AbstractByteBuf -
				-Dio.netty.buffer.bytebuf.checkAccessible: true
2017-10-07 21:27:54.905 [main] DEBUG io.netty.util.ResourceLeakDetector -
				-Dio.netty.leakDetection.level: simple
2017-10-07 21:27:54.905 [main] DEBUG io.netty.util.ResourceLeakDetector -
				-Dio.netty.leakDetection.maxRecords: 4
2017-10-07 21:27:54.905 [main] DEBUG i.n.u.ResourceLeakDetectorFactory -
				Loaded default ResourceLeakDetector: io.netty.util.ResourceLeakDetector@76f2b07d
2017-10-07 21:27:54.909 [main] DEBUG com.cxf.netty.tcp.convent.Msg -
				9679baaca3b352ce411b52f9eb082427
2017-10-07 21:27:54.909 [main] DEBUG com.cxf.netty.tcp.convent.Msg -
				加密后74
2017-10-07 21:27:54.909 [main] DEBUG com.cxf.netty.tcp.convent.Msg -
				len:10
2017-10-07 21:32:17.795 [main] DEBUG com.cxf.netty.tcp.convent.Msg -
				239b8e54-2341-432a-ae2f-e411b1f984ee
2017-10-07 21:32:17.798 [main] DEBUG com.cxf.netty.tcp.convent.Msg -
				len:36
2017-10-07 21:32:17.837 [main] DEBUG i.n.u.i.l.InternalLoggerFactory -
				Using SLF4J as the default logging framework
2017-10-07 21:32:17.838 [main] DEBUG i.n.util.internal.PlatformDependent -
				-Dio.netty.noUnsafe: false
2017-10-07 21:32:17.842 [main] DEBUG i.n.u.internal.PlatformDependent0 -
				java.nio.Buffer.address: available
2017-10-07 21:32:17.843 [main] DEBUG i.n.u.internal.PlatformDependent0 -
				sun.misc.Unsafe.theUnsafe: available
2017-10-07 21:32:17.844 [main] DEBUG i.n.u.internal.PlatformDependent0 -
				sun.misc.Unsafe.copyMemory: available
2017-10-07 21:32:17.845 [main] DEBUG i.n.u.internal.PlatformDependent0 -
				direct buffer constructor: available
2017-10-07 21:32:17.846 [main] DEBUG i.n.u.internal.PlatformDependent0 -
				java.nio.Bits.unaligned: available, true
2017-10-07 21:32:17.846 [main] DEBUG i.n.u.internal.PlatformDependent0 -
				java.nio.DirectByteBuffer.<init>(long, int): available
2017-10-07 21:32:17.847 [main] DEBUG io.netty.util.internal.Cleaner0 -
				java.nio.ByteBuffer.cleaner(): available
2017-10-07 21:32:17.848 [main] DEBUG i.n.util.internal.PlatformDependent -
				Platform: Windows
2017-10-07 21:32:17.848 [main] DEBUG i.n.util.internal.PlatformDependent -
				Java version: 8
2017-10-07 21:32:17.848 [main] DEBUG i.n.util.internal.PlatformDependent -
				sun.misc.Unsafe: available
2017-10-07 21:32:17.849 [main] DEBUG i.n.util.internal.PlatformDependent -
				-Dio.netty.noJavassist: false
2017-10-07 21:32:17.951 [main] DEBUG i.n.util.internal.PlatformDependent -
				Javassist: available
2017-10-07 21:32:17.951 [main] DEBUG i.n.util.internal.PlatformDependent -
				-Dio.netty.tmpdir: C:\Users\ADMINI~1\AppData\Local\Temp (java.io.tmpdir)
2017-10-07 21:32:17.951 [main] DEBUG i.n.util.internal.PlatformDependent -
				-Dio.netty.bitMode: 64 (sun.arch.data.model)
2017-10-07 21:32:17.951 [main] DEBUG i.n.util.internal.PlatformDependent -
				-Dio.netty.noPreferDirect: false
2017-10-07 21:32:17.951 [main] DEBUG i.n.util.internal.PlatformDependent -
				io.netty.maxDirectMemory: 1843920896 bytes
2017-10-07 21:32:17.957 [main] DEBUG io.netty.buffer.AbstractByteBuf -
				-Dio.netty.buffer.bytebuf.checkAccessible: true
2017-10-07 21:32:17.959 [main] DEBUG io.netty.util.ResourceLeakDetector -
				-Dio.netty.leakDetection.level: simple
2017-10-07 21:32:17.959 [main] DEBUG io.netty.util.ResourceLeakDetector -
				-Dio.netty.leakDetection.maxRecords: 4
2017-10-07 21:32:17.960 [main] DEBUG i.n.u.ResourceLeakDetectorFactory -
				Loaded default ResourceLeakDetector: io.netty.util.ResourceLeakDetector@76f2b07d
2017-10-07 21:32:17.964 [main] DEBUG com.cxf.netty.tcp.convent.Msg -
				7b29175a60087b990c763364b7c7a4ee
2017-10-07 21:32:17.964 [main] DEBUG com.cxf.netty.tcp.convent.Msg -
				加密后43
2017-10-07 21:32:17.964 [main] DEBUG com.cxf.netty.tcp.convent.Msg -
				len:10
2017-10-07 21:49:18.833 [main] DEBUG i.n.u.i.l.InternalLoggerFactory -
				Using SLF4J as the default logging framework
2017-10-07 21:49:18.834 [main] DEBUG i.n.util.internal.PlatformDependent -
				-Dio.netty.noUnsafe: false
2017-10-07 21:49:18.838 [main] DEBUG i.n.u.internal.PlatformDependent0 -
				java.nio.Buffer.address: available
2017-10-07 21:49:18.839 [main] DEBUG i.n.u.internal.PlatformDependent0 -
				sun.misc.Unsafe.theUnsafe: available
2017-10-07 21:49:18.840 [main] DEBUG i.n.u.internal.PlatformDependent0 -
				sun.misc.Unsafe.copyMemory: available
2017-10-07 21:49:18.840 [main] DEBUG i.n.u.internal.PlatformDependent0 -
				direct buffer constructor: available
2017-10-07 21:49:18.841 [main] DEBUG i.n.u.internal.PlatformDependent0 -
				java.nio.Bits.unaligned: available, true
2017-10-07 21:49:18.841 [main] DEBUG i.n.u.internal.PlatformDependent0 -
				java.nio.DirectByteBuffer.<init>(long, int): available
2017-10-07 21:49:18.842 [main] DEBUG io.netty.util.internal.Cleaner0 -
				java.nio.ByteBuffer.cleaner(): available
2017-10-07 21:49:18.842 [main] DEBUG i.n.util.internal.PlatformDependent -
				Platform: Windows
2017-10-07 21:49:18.843 [main] DEBUG i.n.util.internal.PlatformDependent -
				Java version: 8
2017-10-07 21:49:18.843 [main] DEBUG i.n.util.internal.PlatformDependent -
				sun.misc.Unsafe: available
2017-10-07 21:49:18.843 [main] DEBUG i.n.util.internal.PlatformDependent -
				-Dio.netty.noJavassist: false
2017-10-07 21:49:18.909 [main] DEBUG i.n.util.internal.PlatformDependent -
				Javassist: available
2017-10-07 21:49:18.910 [main] DEBUG i.n.util.internal.PlatformDependent -
				-Dio.netty.tmpdir: C:\Users\ADMINI~1\AppData\Local\Temp (java.io.tmpdir)
2017-10-07 21:49:18.910 [main] DEBUG i.n.util.internal.PlatformDependent -
				-Dio.netty.bitMode: 64 (sun.arch.data.model)
2017-10-07 21:49:18.910 [main] DEBUG i.n.util.internal.PlatformDependent -
				-Dio.netty.noPreferDirect: false
2017-10-07 21:49:18.910 [main] DEBUG i.n.util.internal.PlatformDependent -
				io.netty.maxDirectMemory: 1843920896 bytes
2017-10-07 21:49:18.947 [main] DEBUG i.n.u.i.JavassistTypeParameterMatcherGenerator -
				Generated: io.netty.util.internal.__matchers__.io.netty.handler.codec.http.websocketx.WebSocketFrameMatcher
2017-10-07 21:49:18.965 [main] DEBUG i.n.c.MultithreadEventLoopGroup -
				-Dio.netty.eventLoopThreads: 8
2017-10-07 21:49:19.020 [main] DEBUG io.netty.channel.nio.NioEventLoop -
				-Dio.netty.noKeySetOptimization: false
2017-10-07 21:49:19.020 [main] DEBUG io.netty.channel.nio.NioEventLoop -
				-Dio.netty.selectorAutoRebuildThreshold: 512
2017-10-07 21:49:19.022 [main] DEBUG i.n.util.internal.PlatformDependent -
				org.jctools-core.MpscChunkedArrayQueue: available
2017-10-07 21:49:19.101 [main] DEBUG i.n.buffer.PooledByteBufAllocator -
				-Dio.netty.allocator.numHeapArenas: 8
2017-10-07 21:49:19.101 [main] DEBUG i.n.buffer.PooledByteBufAllocator -
				-Dio.netty.allocator.numDirectArenas: 8
2017-10-07 21:49:19.101 [main] DEBUG i.n.buffer.PooledByteBufAllocator -
				-Dio.netty.allocator.pageSize: 8192
2017-10-07 21:49:19.101 [main] DEBUG i.n.buffer.PooledByteBufAllocator -
				-Dio.netty.allocator.maxOrder: 11
2017-10-07 21:49:19.101 [main] DEBUG i.n.buffer.PooledByteBufAllocator -
				-Dio.netty.allocator.chunkSize: 16777216
2017-10-07 21:49:19.101 [main] DEBUG i.n.buffer.PooledByteBufAllocator -
				-Dio.netty.allocator.tinyCacheSize: 512
2017-10-07 21:49:19.101 [main] DEBUG i.n.buffer.PooledByteBufAllocator -
				-Dio.netty.allocator.smallCacheSize: 256
2017-10-07 21:49:19.102 [main] DEBUG i.n.buffer.PooledByteBufAllocator -
				-Dio.netty.allocator.normalCacheSize: 64
2017-10-07 21:49:19.102 [main] DEBUG i.n.buffer.PooledByteBufAllocator -
				-Dio.netty.allocator.maxCachedBufferCapacity: 32768
2017-10-07 21:49:19.102 [main] DEBUG i.n.buffer.PooledByteBufAllocator -
				-Dio.netty.allocator.cacheTrimInterval: 8192
2017-10-07 21:49:19.102 [main] DEBUG i.n.buffer.PooledByteBufAllocator -
				-Dio.netty.allocator.useCacheForAllThreads: true
2017-10-07 21:49:19.188 [main] DEBUG io.netty.channel.DefaultChannelId -
				-Dio.netty.processId: 1896 (auto-detected)
2017-10-07 21:49:19.206 [main] DEBUG io.netty.util.NetUtil -
				-Djava.net.preferIPv4Stack: false
2017-10-07 21:49:19.207 [main] DEBUG io.netty.util.NetUtil -
				-Djava.net.preferIPv6Addresses: false
2017-10-07 21:49:19.812 [main] DEBUG io.netty.util.NetUtil -
				Loopback interface: lo (Software Loopback Interface 1, 127.0.0.1)
2017-10-07 21:49:19.812 [main] DEBUG io.netty.util.NetUtil -
				\proc\sys\net\core\somaxconn: 200 (non-existent)
2017-10-07 21:49:20.526 [main] DEBUG io.netty.channel.DefaultChannelId -
				-Dio.netty.machineId: 30:10:b3:ff:fe:d1:f3:ca (auto-detected)
2017-10-07 21:49:20.527 [main] DEBUG i.n.util.internal.ThreadLocalRandom -
				-Dio.netty.initialSeedUniquifier: 0x0af5d5ce2f2f76c5
2017-10-07 21:49:20.613 [main] DEBUG io.netty.util.ResourceLeakDetector -
				-Dio.netty.leakDetection.level: simple
2017-10-07 21:49:20.614 [main] DEBUG io.netty.util.ResourceLeakDetector -
				-Dio.netty.leakDetection.maxRecords: 4
2017-10-07 21:49:20.635 [main] DEBUG io.netty.buffer.ByteBufUtil -
				-Dio.netty.allocator.type: pooled
2017-10-07 21:49:20.635 [main] DEBUG io.netty.buffer.ByteBufUtil -
				-Dio.netty.threadLocalDirectBufferSize: 65536
2017-10-07 21:49:20.635 [main] DEBUG io.netty.buffer.ByteBufUtil -
				-Dio.netty.maxThreadLocalCharBufferSize: 16384
2017-10-07 21:49:59.599 [mp-conn-work-5-1] DEBUG i.n.u.i.JavassistTypeParameterMatcherGenerator -
				Generated: io.netty.util.internal.__matchers__.io.netty.buffer.ByteBufMatcher
2017-10-07 21:49:59.607 [mp-conn-work-5-1] DEBUG i.n.u.i.JavassistTypeParameterMatcherGenerator -
				Generated: io.netty.util.internal.__matchers__.byte[]Matcher
2017-10-07 21:49:59.607 [mp-conn-work-5-1] DEBUG cxf.conn.log -
				client connected conn=[id: 0xef64df3d, L:/192.168.1.106:8887 - R:/192.168.1.106:2220]
2017-10-07 21:49:59.667 [mp-conn-work-5-1] DEBUG io.netty.util.Recycler -
				-Dio.netty.recycler.maxCapacityPerThread: 32768
2017-10-07 21:49:59.667 [mp-conn-work-5-1] DEBUG io.netty.util.Recycler -
				-Dio.netty.recycler.maxSharedCapacityFactor: 2
2017-10-07 21:49:59.667 [mp-conn-work-5-1] DEBUG io.netty.util.Recycler -
				-Dio.netty.recycler.linkCapacity: 16
2017-10-07 21:49:59.667 [mp-conn-work-5-1] DEBUG io.netty.util.Recycler -
				-Dio.netty.recycler.ratio: 8
2017-10-07 21:49:59.677 [mp-conn-work-5-1] DEBUG io.netty.buffer.AbstractByteBuf -
				-Dio.netty.buffer.bytebuf.checkAccessible: true
2017-10-07 21:49:59.679 [mp-conn-work-5-1] DEBUG i.n.u.ResourceLeakDetectorFactory -
				Loaded default ResourceLeakDetector: io.netty.util.ResourceLeakDetector@ff57f4
2017-10-07 21:49:59.714 [mp-conn-work-5-1] DEBUG com.cxf.netty.tcp.convent.Msg -
				len:10
2017-10-07 21:50:09.721 [mp-conn-work-5-1] DEBUG com.cxf.netty.tcp.convent.Msg -
				len:10
2017-10-07 21:50:19.725 [mp-conn-work-5-1] DEBUG com.cxf.netty.tcp.convent.Msg -
				len:10
2017-10-07 21:50:28.417 [mp-conn-work-5-1] DEBUG cxf.conn.log -
				client disconnected conn=[channel=[id: 0xef64df3d, L:/192.168.1.106:8887 ! R:/192.168.1.106:2220], context=, status=2, lastReadTime=1507384219724, lastWriteTime=0]
2017-10-07 21:51:55.499 [main] DEBUG i.n.u.i.l.InternalLoggerFactory -
				Using SLF4J as the default logging framework
2017-10-07 21:51:55.499 [main] DEBUG i.n.util.internal.PlatformDependent -
				-Dio.netty.noUnsafe: false
2017-10-07 21:51:55.502 [main] DEBUG i.n.u.internal.PlatformDependent0 -
				java.nio.Buffer.address: available
2017-10-07 21:51:55.503 [main] DEBUG i.n.u.internal.PlatformDependent0 -
				sun.misc.Unsafe.theUnsafe: available
2017-10-07 21:51:55.504 [main] DEBUG i.n.u.internal.PlatformDependent0 -
				sun.misc.Unsafe.copyMemory: available
2017-10-07 21:51:55.505 [main] DEBUG i.n.u.internal.PlatformDependent0 -
				direct buffer constructor: available
2017-10-07 21:51:55.506 [main] DEBUG i.n.u.internal.PlatformDependent0 -
				java.nio.Bits.unaligned: available, true
2017-10-07 21:51:55.507 [main] DEBUG i.n.u.internal.PlatformDependent0 -
				java.nio.DirectByteBuffer.<init>(long, int): available
2017-10-07 21:51:55.508 [main] DEBUG io.netty.util.internal.Cleaner0 -
				java.nio.ByteBuffer.cleaner(): available
2017-10-07 21:51:55.509 [main] DEBUG i.n.util.internal.PlatformDependent -
				Platform: Windows
2017-10-07 21:51:55.509 [main] DEBUG i.n.util.internal.PlatformDependent -
				Java version: 8
2017-10-07 21:51:55.510 [main] DEBUG i.n.util.internal.PlatformDependent -
				sun.misc.Unsafe: available
2017-10-07 21:51:55.510 [main] DEBUG i.n.util.internal.PlatformDependent -
				-Dio.netty.noJavassist: false
2017-10-07 21:51:55.585 [main] DEBUG i.n.util.internal.PlatformDependent -
				Javassist: available
2017-10-07 21:51:55.586 [main] DEBUG i.n.util.internal.PlatformDependent -
				-Dio.netty.tmpdir: C:\Users\ADMINI~1\AppData\Local\Temp (java.io.tmpdir)
2017-10-07 21:51:55.586 [main] DEBUG i.n.util.internal.PlatformDependent -
				-Dio.netty.bitMode: 64 (sun.arch.data.model)
2017-10-07 21:51:55.586 [main] DEBUG i.n.util.internal.PlatformDependent -
				-Dio.netty.noPreferDirect: false
2017-10-07 21:51:55.586 [main] DEBUG i.n.util.internal.PlatformDependent -
				io.netty.maxDirectMemory: 1843920896 bytes
2017-10-07 21:51:55.595 [main] DEBUG i.n.u.i.JavassistTypeParameterMatcherGenerator -
				Generated: io.netty.util.internal.__matchers__.io.netty.handler.codec.http.websocketx.WebSocketFrameMatcher
2017-10-07 21:51:55.600 [main] DEBUG i.n.c.MultithreadEventLoopGroup -
				-Dio.netty.eventLoopThreads: 8
2017-10-07 21:51:55.615 [main] DEBUG io.netty.channel.nio.NioEventLoop -
				-Dio.netty.noKeySetOptimization: false
2017-10-07 21:51:55.615 [main] DEBUG io.netty.channel.nio.NioEventLoop -
				-Dio.netty.selectorAutoRebuildThreshold: 512
2017-10-07 21:51:55.616 [main] DEBUG i.n.util.internal.PlatformDependent -
				org.jctools-core.MpscChunkedArrayQueue: available
2017-10-07 21:51:55.654 [main] DEBUG i.n.buffer.PooledByteBufAllocator -
				-Dio.netty.allocator.numHeapArenas: 8
2017-10-07 21:51:55.654 [main] DEBUG i.n.buffer.PooledByteBufAllocator -
				-Dio.netty.allocator.numDirectArenas: 8
2017-10-07 21:51:55.655 [main] DEBUG i.n.buffer.PooledByteBufAllocator -
				-Dio.netty.allocator.pageSize: 8192
2017-10-07 21:51:55.655 [main] DEBUG i.n.buffer.PooledByteBufAllocator -
				-Dio.netty.allocator.maxOrder: 11
2017-10-07 21:51:55.655 [main] DEBUG i.n.buffer.PooledByteBufAllocator -
				-Dio.netty.allocator.chunkSize: 16777216
2017-10-07 21:51:55.655 [main] DEBUG i.n.buffer.PooledByteBufAllocator -
				-Dio.netty.allocator.tinyCacheSize: 512
2017-10-07 21:51:55.655 [main] DEBUG i.n.buffer.PooledByteBufAllocator -
				-Dio.netty.allocator.smallCacheSize: 256
2017-10-07 21:51:55.655 [main] DEBUG i.n.buffer.PooledByteBufAllocator -
				-Dio.netty.allocator.normalCacheSize: 64
2017-10-07 21:51:55.656 [main] DEBUG i.n.buffer.PooledByteBufAllocator -
				-Dio.netty.allocator.maxCachedBufferCapacity: 32768
2017-10-07 21:51:55.656 [main] DEBUG i.n.buffer.PooledByteBufAllocator -
				-Dio.netty.allocator.cacheTrimInterval: 8192
2017-10-07 21:51:55.656 [main] DEBUG i.n.buffer.PooledByteBufAllocator -
				-Dio.netty.allocator.useCacheForAllThreads: true
2017-10-07 21:51:55.676 [main] DEBUG io.netty.channel.DefaultChannelId -
				-Dio.netty.processId: 40 (auto-detected)
2017-10-07 21:51:55.677 [main] DEBUG io.netty.util.NetUtil -
				-Djava.net.preferIPv4Stack: false
2017-10-07 21:51:55.677 [main] DEBUG io.netty.util.NetUtil -
				-Djava.net.preferIPv6Addresses: false
2017-10-07 21:51:56.221 [main] DEBUG io.netty.util.NetUtil -
				Loopback interface: lo (Software Loopback Interface 1, 127.0.0.1)
2017-10-07 21:51:56.221 [main] DEBUG io.netty.util.NetUtil -
				\proc\sys\net\core\somaxconn: 200 (non-existent)
2017-10-07 21:51:56.746 [main] DEBUG io.netty.channel.DefaultChannelId -
				-Dio.netty.machineId: 30:10:b3:ff:fe:d1:f3:ca (auto-detected)
2017-10-07 21:51:56.747 [main] DEBUG i.n.util.internal.ThreadLocalRandom -
				-Dio.netty.initialSeedUniquifier: 0x5200e013c3fb06e8
2017-10-07 21:51:56.755 [main] DEBUG io.netty.util.ResourceLeakDetector -
				-Dio.netty.leakDetection.level: simple
2017-10-07 21:51:56.755 [main] DEBUG io.netty.util.ResourceLeakDetector -
				-Dio.netty.leakDetection.maxRecords: 4
2017-10-07 21:51:56.762 [main] DEBUG io.netty.buffer.ByteBufUtil -
				-Dio.netty.allocator.type: pooled
2017-10-07 21:51:56.763 [main] DEBUG io.netty.buffer.ByteBufUtil -
				-Dio.netty.threadLocalDirectBufferSize: 65536
2017-10-07 21:51:56.763 [main] DEBUG io.netty.buffer.ByteBufUtil -
				-Dio.netty.maxThreadLocalCharBufferSize: 16384
2017-10-07 21:52:04.393 [mp-conn-work-5-1] DEBUG i.n.u.i.JavassistTypeParameterMatcherGenerator -
				Generated: io.netty.util.internal.__matchers__.io.netty.buffer.ByteBufMatcher
2017-10-07 21:52:04.396 [mp-conn-work-5-1] DEBUG i.n.u.i.JavassistTypeParameterMatcherGenerator -
				Generated: io.netty.util.internal.__matchers__.byte[]Matcher
2017-10-07 21:52:04.397 [mp-conn-work-5-1] DEBUG cxf.conn.log -
				client connected conn=[id: 0xf61ca9ea, L:/192.168.1.106:8887 - R:/192.168.1.106:2299]
2017-10-07 21:52:04.426 [mp-conn-work-5-1] DEBUG io.netty.util.Recycler -
				-Dio.netty.recycler.maxCapacityPerThread: 32768
2017-10-07 21:52:04.426 [mp-conn-work-5-1] DEBUG io.netty.util.Recycler -
				-Dio.netty.recycler.maxSharedCapacityFactor: 2
2017-10-07 21:52:04.426 [mp-conn-work-5-1] DEBUG io.netty.util.Recycler -
				-Dio.netty.recycler.linkCapacity: 16
2017-10-07 21:52:04.426 [mp-conn-work-5-1] DEBUG io.netty.util.Recycler -
				-Dio.netty.recycler.ratio: 8
2017-10-07 21:52:04.442 [mp-conn-work-5-1] DEBUG io.netty.buffer.AbstractByteBuf -
				-Dio.netty.buffer.bytebuf.checkAccessible: true
2017-10-07 21:52:04.443 [mp-conn-work-5-1] DEBUG i.n.u.ResourceLeakDetectorFactory -
				Loaded default ResourceLeakDetector: io.netty.util.ResourceLeakDetector@62eee10a
2017-10-07 21:52:04.457 [mp-conn-work-5-1] DEBUG com.cxf.netty.tcp.convent.Msg -
				cmd:1
2017-10-07 21:52:04.457 [mp-conn-work-5-1] DEBUG com.cxf.netty.tcp.convent.Msg -
				len:2
2017-10-07 21:52:14.467 [mp-conn-work-5-1] DEBUG com.cxf.netty.tcp.convent.Msg -
				cmd:-66
2017-10-07 21:52:14.469 [mp-conn-work-5-1] DEBUG com.cxf.netty.tcp.convent.Msg -
				len:2
2017-10-07 21:52:24.474 [mp-conn-work-5-1] DEBUG com.cxf.netty.tcp.convent.Msg -
				cmd:-66
2017-10-07 21:52:24.475 [mp-conn-work-5-1] DEBUG com.cxf.netty.tcp.convent.Msg -
				len:2
2017-10-07 21:52:34.481 [mp-conn-work-5-1] DEBUG com.cxf.netty.tcp.convent.Msg -
				cmd:-66
2017-10-07 21:52:34.482 [mp-conn-work-5-1] DEBUG com.cxf.netty.tcp.convent.Msg -
				len:2
2017-10-07 21:52:44.488 [mp-conn-work-5-1] DEBUG com.cxf.netty.tcp.convent.Msg -
				cmd:-66
2017-10-07 21:52:44.488 [mp-conn-work-5-1] DEBUG com.cxf.netty.tcp.convent.Msg -
				len:2
2017-10-07 21:52:54.497 [mp-conn-work-5-1] DEBUG com.cxf.netty.tcp.convent.Msg -
				cmd:-66
2017-10-07 21:52:54.499 [mp-conn-work-5-1] DEBUG com.cxf.netty.tcp.convent.Msg -
				len:2
2017-10-07 21:53:00.799 [mp-conn-work-5-1] DEBUG cxf.conn.log -
				client disconnected conn=[channel=[id: 0xf61ca9ea, L:/192.168.1.106:8887 ! R:/192.168.1.106:2299], context=, status=2, lastReadTime=1507384374493, lastWriteTime=0]
2017-10-07 21:54:57.796 [mp-conn-work-5-2] DEBUG cxf.conn.log -
				client connected conn=[id: 0xe3ff5e9f, L:/192.168.1.106:8887 - R:/192.168.1.106:2388]
2017-10-07 21:54:57.827 [mp-conn-work-5-2] DEBUG com.cxf.netty.tcp.convent.Msg -
				cmd:1
2017-10-07 21:54:57.828 [mp-conn-work-5-2] DEBUG com.cxf.netty.tcp.convent.Msg -
				len:2
2017-10-07 21:55:07.835 [mp-conn-work-5-2] DEBUG com.cxf.netty.tcp.convent.Msg -
				cmd:-66
2017-10-07 21:55:07.837 [mp-conn-work-5-2] DEBUG com.cxf.netty.tcp.convent.Msg -
				len:2
2017-10-07 21:55:17.843 [mp-conn-work-5-2] DEBUG com.cxf.netty.tcp.convent.Msg -
				cmd:-66
2017-10-07 21:55:17.844 [mp-conn-work-5-2] DEBUG com.cxf.netty.tcp.convent.Msg -
				len:2
2017-10-07 21:55:27.850 [mp-conn-work-5-2] DEBUG com.cxf.netty.tcp.convent.Msg -
				cmd:-66
2017-10-07 21:55:27.852 [mp-conn-work-5-2] DEBUG com.cxf.netty.tcp.convent.Msg -
				len:2
2017-10-07 21:55:37.857 [mp-conn-work-5-2] DEBUG com.cxf.netty.tcp.convent.Msg -
				cmd:-66
2017-10-07 21:55:37.858 [mp-conn-work-5-2] DEBUG com.cxf.netty.tcp.convent.Msg -
				len:2
2017-10-07 21:55:47.861 [mp-conn-work-5-2] DEBUG com.cxf.netty.tcp.convent.Msg -
				cmd:-66
2017-10-07 21:55:47.861 [mp-conn-work-5-2] DEBUG com.cxf.netty.tcp.convent.Msg -
				len:2
2017-10-07 21:55:57.864 [mp-conn-work-5-2] DEBUG com.cxf.netty.tcp.convent.Msg -
				cmd:-66
2017-10-07 21:55:57.865 [mp-conn-work-5-2] DEBUG com.cxf.netty.tcp.convent.Msg -
				len:2
2017-10-07 21:56:07.870 [mp-conn-work-5-2] DEBUG com.cxf.netty.tcp.convent.Msg -
				cmd:-66
2017-10-07 21:56:07.871 [mp-conn-work-5-2] DEBUG com.cxf.netty.tcp.convent.Msg -
				len:2
2017-10-07 21:56:17.875 [mp-conn-work-5-2] DEBUG com.cxf.netty.tcp.convent.Msg -
				cmd:-66
2017-10-07 21:56:17.875 [mp-conn-work-5-2] DEBUG com.cxf.netty.tcp.convent.Msg -
				len:2
2017-10-07 21:56:27.881 [mp-conn-work-5-2] DEBUG com.cxf.netty.tcp.convent.Msg -
				cmd:-66
2017-10-07 21:56:27.883 [mp-conn-work-5-2] DEBUG com.cxf.netty.tcp.convent.Msg -
				len:2
2017-10-07 21:56:37.889 [mp-conn-work-5-2] DEBUG com.cxf.netty.tcp.convent.Msg -
				cmd:-66
2017-10-07 21:56:37.890 [mp-conn-work-5-2] DEBUG com.cxf.netty.tcp.convent.Msg -
				len:2
2017-10-07 22:08:44.730 [mp-conn-work-5-2] DEBUG cxf.conn.log -
				client disconnected conn=[channel=[id: 0xe3ff5e9f, L:/192.168.1.106:8887 ! R:/192.168.1.106:2388], context=, status=2, lastReadTime=1507384597889, lastWriteTime=0]
2017-10-07 22:16:35.775 [main] DEBUG i.n.u.i.l.InternalLoggerFactory -
				Using SLF4J as the default logging framework
2017-10-07 22:16:35.776 [main] DEBUG i.n.util.internal.PlatformDependent -
				-Dio.netty.noUnsafe: false
2017-10-07 22:16:35.779 [main] DEBUG i.n.u.internal.PlatformDependent0 -
				java.nio.Buffer.address: available
2017-10-07 22:16:35.780 [main] DEBUG i.n.u.internal.PlatformDependent0 -
				sun.misc.Unsafe.theUnsafe: available
2017-10-07 22:16:35.780 [main] DEBUG i.n.u.internal.PlatformDependent0 -
				sun.misc.Unsafe.copyMemory: available
2017-10-07 22:16:35.781 [main] DEBUG i.n.u.internal.PlatformDependent0 -
				direct buffer constructor: available
2017-10-07 22:16:35.782 [main] DEBUG i.n.u.internal.PlatformDependent0 -
				java.nio.Bits.unaligned: available, true
2017-10-07 22:16:35.782 [main] DEBUG i.n.u.internal.PlatformDependent0 -
				java.nio.DirectByteBuffer.<init>(long, int): available
2017-10-07 22:16:35.784 [main] DEBUG io.netty.util.internal.Cleaner0 -
				java.nio.ByteBuffer.cleaner(): available
2017-10-07 22:16:35.784 [main] DEBUG i.n.util.internal.PlatformDependent -
				Platform: Windows
2017-10-07 22:16:35.785 [main] DEBUG i.n.util.internal.PlatformDependent -
				Java version: 8
2017-10-07 22:16:35.785 [main] DEBUG i.n.util.internal.PlatformDependent -
				sun.misc.Unsafe: available
2017-10-07 22:16:35.786 [main] DEBUG i.n.util.internal.PlatformDependent -
				-Dio.netty.noJavassist: false
2017-10-07 22:16:35.854 [main] DEBUG i.n.util.internal.PlatformDependent -
				Javassist: available
2017-10-07 22:16:35.854 [main] DEBUG i.n.util.internal.PlatformDependent -
				-Dio.netty.tmpdir: C:\Users\ADMINI~1\AppData\Local\Temp (java.io.tmpdir)
2017-10-07 22:16:35.854 [main] DEBUG i.n.util.internal.PlatformDependent -
				-Dio.netty.bitMode: 64 (sun.arch.data.model)
2017-10-07 22:16:35.855 [main] DEBUG i.n.util.internal.PlatformDependent -
				-Dio.netty.noPreferDirect: false
2017-10-07 22:16:35.855 [main] DEBUG i.n.util.internal.PlatformDependent -
				io.netty.maxDirectMemory: 1843920896 bytes
2017-10-07 22:16:35.864 [main] DEBUG i.n.u.i.JavassistTypeParameterMatcherGenerator -
				Generated: io.netty.util.internal.__matchers__.io.netty.handler.codec.http.websocketx.WebSocketFrameMatcher
2017-10-07 22:16:35.869 [main] DEBUG i.n.c.MultithreadEventLoopGroup -
				-Dio.netty.eventLoopThreads: 8
2017-10-07 22:16:35.887 [main] DEBUG io.netty.channel.nio.NioEventLoop -
				-Dio.netty.noKeySetOptimization: false
2017-10-07 22:16:35.887 [main] DEBUG io.netty.channel.nio.NioEventLoop -
				-Dio.netty.selectorAutoRebuildThreshold: 512
2017-10-07 22:16:35.889 [main] DEBUG i.n.util.internal.PlatformDependent -
				org.jctools-core.MpscChunkedArrayQueue: available
2017-10-07 22:16:35.928 [main] DEBUG i.n.buffer.PooledByteBufAllocator -
				-Dio.netty.allocator.numHeapArenas: 8
2017-10-07 22:16:35.928 [main] DEBUG i.n.buffer.PooledByteBufAllocator -
				-Dio.netty.allocator.numDirectArenas: 8
2017-10-07 22:16:35.928 [main] DEBUG i.n.buffer.PooledByteBufAllocator -
				-Dio.netty.allocator.pageSize: 8192
2017-10-07 22:16:35.928 [main] DEBUG i.n.buffer.PooledByteBufAllocator -
				-Dio.netty.allocator.maxOrder: 11
2017-10-07 22:16:35.928 [main] DEBUG i.n.buffer.PooledByteBufAllocator -
				-Dio.netty.allocator.chunkSize: 16777216
2017-10-07 22:16:35.928 [main] DEBUG i.n.buffer.PooledByteBufAllocator -
				-Dio.netty.allocator.tinyCacheSize: 512
2017-10-07 22:16:35.928 [main] DEBUG i.n.buffer.PooledByteBufAllocator -
				-Dio.netty.allocator.smallCacheSize: 256
2017-10-07 22:16:35.928 [main] DEBUG i.n.buffer.PooledByteBufAllocator -
				-Dio.netty.allocator.normalCacheSize: 64
2017-10-07 22:16:35.928 [main] DEBUG i.n.buffer.PooledByteBufAllocator -
				-Dio.netty.allocator.maxCachedBufferCapacity: 32768
2017-10-07 22:16:35.928 [main] DEBUG i.n.buffer.PooledByteBufAllocator -
				-Dio.netty.allocator.cacheTrimInterval: 8192
2017-10-07 22:16:35.928 [main] DEBUG i.n.buffer.PooledByteBufAllocator -
				-Dio.netty.allocator.useCacheForAllThreads: true
2017-10-07 22:16:35.948 [main] DEBUG io.netty.channel.DefaultChannelId -
				-Dio.netty.processId: 3628 (auto-detected)
2017-10-07 22:16:35.950 [main] DEBUG io.netty.util.NetUtil -
				-Djava.net.preferIPv4Stack: false
2017-10-07 22:16:35.950 [main] DEBUG io.netty.util.NetUtil -
				-Djava.net.preferIPv6Addresses: false
2017-10-07 22:16:36.543 [main] DEBUG io.netty.util.NetUtil -
				Loopback interface: lo (Software Loopback Interface 1, 127.0.0.1)
2017-10-07 22:16:36.544 [main] DEBUG io.netty.util.NetUtil -
				\proc\sys\net\core\somaxconn: 200 (non-existent)
2017-10-07 22:16:37.188 [main] DEBUG io.netty.channel.DefaultChannelId -
				-Dio.netty.machineId: 30:10:b3:ff:fe:d1:f3:ca (auto-detected)
2017-10-07 22:16:37.190 [main] DEBUG i.n.util.internal.ThreadLocalRandom -
				-Dio.netty.initialSeedUniquifier: 0x39b584eb3e26ab56
2017-10-07 22:16:37.197 [main] DEBUG io.netty.util.ResourceLeakDetector -
				-Dio.netty.leakDetection.level: simple
2017-10-07 22:16:37.198 [main] DEBUG io.netty.util.ResourceLeakDetector -
				-Dio.netty.leakDetection.maxRecords: 4
2017-10-07 22:16:37.205 [main] DEBUG io.netty.buffer.ByteBufUtil -
				-Dio.netty.allocator.type: pooled
2017-10-07 22:16:37.205 [main] DEBUG io.netty.buffer.ByteBufUtil -
				-Dio.netty.threadLocalDirectBufferSize: 65536
2017-10-07 22:16:37.205 [main] DEBUG io.netty.buffer.ByteBufUtil -
				-Dio.netty.maxThreadLocalCharBufferSize: 16384
2017-10-07 22:17:19.495 [mp-work-3-1] DEBUG io.netty.buffer.AbstractByteBuf -
				-Dio.netty.buffer.bytebuf.checkAccessible: true
2017-10-07 22:17:19.498 [mp-work-3-1] DEBUG i.n.u.ResourceLeakDetectorFactory -
				Loaded default ResourceLeakDetector: io.netty.util.ResourceLeakDetector@73a25368
2017-10-07 22:17:19.547 [mp-work-3-1] DEBUG i.n.u.i.JavassistTypeParameterMatcherGenerator -
				Generated: io.netty.util.internal.__matchers__.io.netty.handler.codec.http.HttpObjectMatcher
2017-10-07 22:17:19.571 [mp-work-3-1] DEBUG i.n.h.c.c.ZlibCodecFactory -
				-Dio.netty.noJdkZlibDecoder: false
2017-10-07 22:17:19.571 [mp-work-3-1] DEBUG i.n.h.c.c.ZlibCodecFactory -
				-Dio.netty.noJdkZlibEncoder: false
2017-10-07 22:17:19.575 [mp-work-3-1] DEBUG i.n.u.i.JavassistTypeParameterMatcherGenerator -
				Generated: io.netty.util.internal.__matchers__.io.netty.handler.codec.http.FullHttpRequestMatcher
2017-10-07 22:17:19.589 [mp-work-3-1] DEBUG io.netty.util.Recycler -
				-Dio.netty.recycler.maxCapacityPerThread: 32768
2017-10-07 22:17:19.590 [mp-work-3-1] DEBUG io.netty.util.Recycler -
				-Dio.netty.recycler.maxSharedCapacityFactor: 2
2017-10-07 22:17:19.590 [mp-work-3-1] DEBUG io.netty.util.Recycler -
				-Dio.netty.recycler.linkCapacity: 16
2017-10-07 22:17:19.590 [mp-work-3-1] DEBUG io.netty.util.Recycler -
				-Dio.netty.recycler.ratio: 8
2017-10-07 22:17:19.619 [mp-work-3-1] DEBUG i.n.h.c.h.w.WebSocketServerHandshaker -
				[id: 0x6cef5dfa, L:/192.168.1.106:8886 - R:/192.168.1.106:2725] WebSocket version V13 server handshake
2017-10-07 22:17:19.630 [mp-work-3-1] DEBUG i.n.h.c.h.w.WebSocketServerHandshaker -
				WebSocket version 13 server handshake key: cUAP7w3ui6P2SrFPoB4dhQ==, response: 3sHYtbogxjCYPXvS88vh1XydNrI=
