2017-10-07 21:49:59.702 [mp-conn-work-5-1] WARN  cxf.tcp.log -
				receive msg: EC 01 06 31 32 33 34 35 36 3C 68
2017-10-07 21:49:59.702 [mp-conn-work-5-1] WARN  cxf.tcp.log -
				receive msg: EC 01 06 31 32 33 34 35 36 3C 68
2017-10-07 21:49:59.716 [mp-conn-work-5-1] WARN  cxf.tcp.log -
				send msg: EC 04 0A 73 69 67 6E 20 65 72 72 6F 72 09 68
2017-10-07 21:50:09.720 [mp-conn-work-5-1] WARN  cxf.tcp.log -
				receive msg: EC BE 0E 00 01 01 64 00 AA BD 3E 07 A0 04 C7 01 00 4A 68
2017-10-07 21:50:09.720 [mp-conn-work-5-1] WARN  cxf.tcp.log -
				receive msg: EC BE 0E 00 01 01 64 00 AA BD 3E 07 A0 04 C7 01 00 4A 68
2017-10-07 21:50:09.721 [mp-conn-work-5-1] WARN  cxf.tcp.log -
				send msg: EC 04 0A 73 69 67 6E 20 65 72 72 6F 72 09 68
2017-10-07 21:50:19.724 [mp-conn-work-5-1] WARN  cxf.tcp.log -
				receive msg: EC BE 0E 00 01 01 64 00 AA BD 3E 07 AA 04 C7 01 00 54 68
2017-10-07 21:50:19.724 [mp-conn-work-5-1] WARN  cxf.tcp.log -
				receive msg: EC BE 0E 00 01 01 64 00 AA BD 3E 07 AA 04 C7 01 00 54 68
2017-10-07 21:50:19.726 [mp-conn-work-5-1] WARN  cxf.tcp.log -
				send msg: EC 04 0A 73 69 67 6E 20 65 72 72 6F 72 09 68
2017-10-07 21:52:04.449 [mp-conn-work-5-1] WARN  cxf.tcp.log -
				receive msg: EC 01 06 31 32 33 34 35 36 3C 68
2017-10-07 21:52:04.449 [mp-conn-work-5-1] WARN  cxf.tcp.log -
				receive msg: EC 01 06 31 32 33 34 35 36 3C 68
2017-10-07 21:52:04.460 [mp-conn-work-5-1] WARN  cxf.tcp.log -
				send msg: EC 02 02 6F 6B DE 68
2017-10-07 21:52:14.466 [mp-conn-work-5-1] WARN  cxf.tcp.log -
				receive msg: EC BE 0E 00 01 01 64 00 AA BD 3E 07 A0 04 C7 01 00 4A 68
2017-10-07 21:52:14.467 [mp-conn-work-5-1] WARN  cxf.tcp.log -
				receive msg: EC BE 0E 00 01 01 64 00 AA BD 3E 07 A0 04 C7 01 00 4A 68
2017-10-07 21:52:14.470 [mp-conn-work-5-1] WARN  cxf.tcp.log -
				send msg: EC 02 02 6F 6B DE 68
2017-10-07 21:52:24.473 [mp-conn-work-5-1] WARN  cxf.tcp.log -
				receive msg: EC BE 0E 00 01 01 64 00 AA BD 3E 07 AA 04 C7 01 00 54 68
2017-10-07 21:52:24.473 [mp-conn-work-5-1] WARN  cxf.tcp.log -
				receive msg: EC BE 0E 00 01 01 64 00 AA BD 3E 07 AA 04 C7 01 00 54 68
2017-10-07 21:52:24.475 [mp-conn-work-5-1] WARN  cxf.tcp.log -
				send msg: EC 02 02 6F 6B DE 68
2017-10-07 21:52:34.479 [mp-conn-work-5-1] WARN  cxf.tcp.log -
				receive msg: EC BE 0E 00 01 01 64 00 AA BD 3E 07 B4 04 C7 01 00 5E 68
2017-10-07 21:52:34.480 [mp-conn-work-5-1] WARN  cxf.tcp.log -
				receive msg: EC BE 0E 00 01 01 64 00 AA BD 3E 07 B4 04 C7 01 00 5E 68
2017-10-07 21:52:34.483 [mp-conn-work-5-1] WARN  cxf.tcp.log -
				send msg: EC 02 02 6F 6B DE 68
2017-10-07 21:52:44.486 [mp-conn-work-5-1] WARN  cxf.tcp.log -
				receive msg: EC BE 0E 00 01 01 64 00 AA BD 3E 07 BE 04 C7 01 00 68 68
2017-10-07 21:52:44.487 [mp-conn-work-5-1] WARN  cxf.tcp.log -
				receive msg: EC BE 0E 00 01 01 64 00 AA BD 3E 07 BE 04 C7 01 00 68 68
2017-10-07 21:52:44.488 [mp-conn-work-5-1] WARN  cxf.tcp.log -
				send msg: EC 02 02 6F 6B DE 68
2017-10-07 21:52:54.493 [mp-conn-work-5-1] WARN  cxf.tcp.log -
				receive msg: EC BE 0E 00 01 01 64 00 AA BD 3E 07 C8 04 C7 01 00 72 68
2017-10-07 21:52:54.493 [mp-conn-work-5-1] WARN  cxf.tcp.log -
				receive msg: EC BE 0E 00 01 01 64 00 AA BD 3E 07 C8 04 C7 01 00 72 68
2017-10-07 21:52:54.500 [mp-conn-work-5-1] WARN  cxf.tcp.log -
				send msg: EC 02 02 6F 6B DE 68
2017-10-07 21:54:57.827 [mp-conn-work-5-2] WARN  cxf.tcp.log -
				receive msg: EC 01 06 31 32 33 34 35 36 3C 68
2017-10-07 21:54:57.827 [mp-conn-work-5-2] WARN  cxf.tcp.log -
				receive msg: EC 01 06 31 32 33 34 35 36 3C 68
2017-10-07 21:54:57.828 [mp-conn-work-5-2] WARN  cxf.tcp.log -
				send msg: EC 02 02 6F 6B DE 68
2017-10-07 21:55:07.833 [mp-conn-work-5-2] WARN  cxf.tcp.log -
				receive msg: EC BE 0E 00 01 01 64 00 AA BD 3E 07 A0 04 C7 01 00 4A 68
2017-10-07 21:55:07.834 [mp-conn-work-5-2] WARN  cxf.tcp.log -
				receive msg: EC BE 0E 00 01 01 64 00 AA BD 3E 07 A0 04 C7 01 00 4A 68
2017-10-07 21:55:07.837 [mp-conn-work-5-2] WARN  cxf.tcp.log -
				send msg: EC 02 02 6F 6B DE 68
2017-10-07 21:55:17.841 [mp-conn-work-5-2] WARN  cxf.tcp.log -
				receive msg: EC BE 0E 00 01 01 64 00 AA BD 3E 07 AA 04 C7 01 00 54 68
2017-10-07 21:55:17.842 [mp-conn-work-5-2] WARN  cxf.tcp.log -
				receive msg: EC BE 0E 00 01 01 64 00 AA BD 3E 07 AA 04 C7 01 00 54 68
2017-10-07 21:55:17.845 [mp-conn-work-5-2] WARN  cxf.tcp.log -
				send msg: EC 02 02 6F 6B DE 68
2017-10-07 21:55:27.848 [mp-conn-work-5-2] WARN  cxf.tcp.log -
				receive msg: EC BE 0E 00 01 01 64 00 AA BD 3E 07 B4 04 C7 01 00 5E 68
2017-10-07 21:55:27.849 [mp-conn-work-5-2] WARN  cxf.tcp.log -
				receive msg: EC BE 0E 00 01 01 64 00 AA BD 3E 07 B4 04 C7 01 00 5E 68
2017-10-07 21:55:27.852 [mp-conn-work-5-2] WARN  cxf.tcp.log -
				send msg: EC 02 02 6F 6B DE 68
2017-10-07 21:55:37.857 [mp-conn-work-5-2] WARN  cxf.tcp.log -
				receive msg: EC BE 0E 00 01 01 64 00 AA BD 3E 07 BE 04 C7 01 00 68 68
2017-10-07 21:55:37.857 [mp-conn-work-5-2] WARN  cxf.tcp.log -
				receive msg: EC BE 0E 00 01 01 64 00 AA BD 3E 07 BE 04 C7 01 00 68 68
2017-10-07 21:55:37.859 [mp-conn-work-5-2] WARN  cxf.tcp.log -
				send msg: EC 02 02 6F 6B DE 68
2017-10-07 21:55:47.861 [mp-conn-work-5-2] WARN  cxf.tcp.log -
				receive msg: EC BE 0E 00 01 01 64 00 AA BD 3E 07 C8 04 C7 01 00 72 68
2017-10-07 21:55:47.861 [mp-conn-work-5-2] WARN  cxf.tcp.log -
				receive msg: EC BE 0E 00 01 01 64 00 AA BD 3E 07 C8 04 C7 01 00 72 68
2017-10-07 21:55:47.862 [mp-conn-work-5-2] WARN  cxf.tcp.log -
				send msg: EC 02 02 6F 6B DE 68
2017-10-07 21:55:57.864 [mp-conn-work-5-2] WARN  cxf.tcp.log -
				receive msg: EC BE 0E 00 01 01 64 00 AA BD 3E 07 D2 04 C7 01 00 7C 68
2017-10-07 21:55:57.864 [mp-conn-work-5-2] WARN  cxf.tcp.log -
				receive msg: EC BE 0E 00 01 01 64 00 AA BD 3E 07 D2 04 C7 01 00 7C 68
2017-10-07 21:55:57.865 [mp-conn-work-5-2] WARN  cxf.tcp.log -
				send msg: EC 02 02 6F 6B DE 68
2017-10-07 21:56:07.869 [mp-conn-work-5-2] WARN  cxf.tcp.log -
				receive msg: EC BE 0E 00 01 01 64 00 AA BD 3E 07 DC 04 C7 01 00 86 68
2017-10-07 21:56:07.869 [mp-conn-work-5-2] WARN  cxf.tcp.log -
				receive msg: EC BE 0E 00 01 01 64 00 AA BD 3E 07 DC 04 C7 01 00 86 68
2017-10-07 21:56:07.871 [mp-conn-work-5-2] WARN  cxf.tcp.log -
				send msg: EC 02 02 6F 6B DE 68
2017-10-07 21:56:17.874 [mp-conn-work-5-2] WARN  cxf.tcp.log -
				receive msg: EC BE 0E 00 01 01 64 00 AA BD 3E 07 E6 04 C7 01 00 90 68
2017-10-07 21:56:17.874 [mp-conn-work-5-2] WARN  cxf.tcp.log -
				receive msg: EC BE 0E 00 01 01 64 00 AA BD 3E 07 E6 04 C7 01 00 90 68
2017-10-07 21:56:17.876 [mp-conn-work-5-2] WARN  cxf.tcp.log -
				send msg: EC 02 02 6F 6B DE 68
2017-10-07 21:56:27.879 [mp-conn-work-5-2] WARN  cxf.tcp.log -
				receive msg: EC BE 0E 00 01 01 64 00 AA BD 3E 07 F0 04 C7 01 00 9A 68
2017-10-07 21:56:27.880 [mp-conn-work-5-2] WARN  cxf.tcp.log -
				receive msg: EC BE 0E 00 01 01 64 00 AA BD 3E 07 F0 04 C7 01 00 9A 68
2017-10-07 21:56:27.885 [mp-conn-work-5-2] WARN  cxf.tcp.log -
				send msg: EC 02 02 6F 6B DE 68
2017-10-07 21:56:37.888 [mp-conn-work-5-2] WARN  cxf.tcp.log -
				receive msg: EC BE 0E 00 01 01 64 00 AA BD 3E 07 FA 04 C7 01 00 A4 68
2017-10-07 21:56:37.889 [mp-conn-work-5-2] WARN  cxf.tcp.log -
				receive msg: EC BE 0E 00 01 01 64 00 AA BD 3E 07 FA 04 C7 01 00 A4 68
2017-10-07 21:56:37.891 [mp-conn-work-5-2] WARN  cxf.tcp.log -
				send msg: EC 02 02 6F 6B DE 68
