2017-10-02 16:48:49.520 [mp-conn-boss-1-1] WARN  i.n.util.concurrent.DefaultPromise -
				An exception was thrown by com.cxf.netty.tcp.NettyTCPServer$$Lambda$4/158453976.operationComplete()
com.cxf.netty.api.ServiceException: java.net.BindException: Address already in use: bind
	at com.cxf.netty.api.FutureListener.onFailure(FutureListener.java:38)
	at com.cxf.netty.tcp.NettyTCPServer.lambda$0(NettyTCPServer.java:168)
	at com.cxf.netty.tcp.NettyTCPServer$$Lambda$4/158453976.operationComplete(Unknown Source)
	at io.netty.util.concurrent.DefaultPromise.notifyListener0(DefaultPromise.java:507)
	at io.netty.util.concurrent.DefaultPromise.notifyListenersNow(DefaultPromise.java:481)
	at io.netty.util.concurrent.DefaultPromise.notifyListeners(DefaultPromise.java:420)
	at io.netty.util.concurrent.DefaultPromise.tryFailure(DefaultPromise.java:122)
	at io.netty.channel.AbstractChannel$AbstractUnsafe.safeSetFailure(AbstractChannel.java:906)
	at io.netty.channel.AbstractChannel$AbstractUnsafe.bind(AbstractChannel.java:556)
	at io.netty.channel.DefaultChannelPipeline$HeadContext.bind(DefaultChannelPipeline.java:1258)
	at io.netty.channel.AbstractChannelHandlerContext.invokeBind(AbstractChannelHandlerContext.java:502)
	at io.netty.channel.AbstractChannelHandlerContext.bind(AbstractChannelHandlerContext.java:487)
	at io.netty.channel.DefaultChannelPipeline.bind(DefaultChannelPipeline.java:980)
	at io.netty.channel.AbstractChannel.bind(AbstractChannel.java:250)
	at io.netty.bootstrap.AbstractBootstrap$2.run(AbstractBootstrap.java:365)
	at io.netty.util.concurrent.AbstractEventExecutor.safeExecute(AbstractEventExecutor.java:163)
	at io.netty.util.concurrent.SingleThreadEventExecutor.runAllTasksFrom(SingleThreadEventExecutor.java:379)
	at io.netty.util.concurrent.SingleThreadEventExecutor.runAllTasks(SingleThreadEventExecutor.java:354)
	at io.netty.channel.nio.NioEventLoop.run(NioEventLoop.java:436)
	at io.netty.util.concurrent.SingleThreadEventExecutor$5.run(SingleThreadEventExecutor.java:858)
	at io.netty.util.concurrent.DefaultThreadFactory$DefaultRunnableDecorator.run(DefaultThreadFactory.java:144)
	at java.lang.Thread.run(Thread.java:745)
Caused by: java.net.BindException: Address already in use: bind
	at sun.nio.ch.Net.bind0(Native Method)
	at sun.nio.ch.Net.bind(Net.java:437)
	at sun.nio.ch.Net.bind(Net.java:429)
	at sun.nio.ch.ServerSocketChannelImpl.bind(ServerSocketChannelImpl.java:223)
	at io.netty.channel.socket.nio.NioServerSocketChannel.doBind(NioServerSocketChannel.java:128)
	at io.netty.channel.AbstractChannel$AbstractUnsafe.bind(AbstractChannel.java:554)
	... 13 common frames omitted
2017-10-02 16:49:06.991 [mp-conn-boss-1-1] WARN  i.n.util.concurrent.DefaultPromise -
				An exception was thrown by com.cxf.netty.tcp.NettyTCPServer$$Lambda$4/158453976.operationComplete()
com.cxf.netty.api.ServiceException: java.net.BindException: Address already in use: bind
	at com.cxf.netty.api.FutureListener.onFailure(FutureListener.java:38)
	at com.cxf.netty.tcp.NettyTCPServer.lambda$0(NettyTCPServer.java:168)
	at com.cxf.netty.tcp.NettyTCPServer$$Lambda$4/158453976.operationComplete(Unknown Source)
	at io.netty.util.concurrent.DefaultPromise.notifyListener0(DefaultPromise.java:507)
	at io.netty.util.concurrent.DefaultPromise.notifyListenersNow(DefaultPromise.java:481)
	at io.netty.util.concurrent.DefaultPromise.notifyListeners(DefaultPromise.java:420)
	at io.netty.util.concurrent.DefaultPromise.tryFailure(DefaultPromise.java:122)
	at io.netty.channel.AbstractChannel$AbstractUnsafe.safeSetFailure(AbstractChannel.java:906)
	at io.netty.channel.AbstractChannel$AbstractUnsafe.bind(AbstractChannel.java:556)
	at io.netty.channel.DefaultChannelPipeline$HeadContext.bind(DefaultChannelPipeline.java:1258)
	at io.netty.channel.AbstractChannelHandlerContext.invokeBind(AbstractChannelHandlerContext.java:502)
	at io.netty.channel.AbstractChannelHandlerContext.bind(AbstractChannelHandlerContext.java:487)
	at io.netty.channel.DefaultChannelPipeline.bind(DefaultChannelPipeline.java:980)
	at io.netty.channel.AbstractChannel.bind(AbstractChannel.java:250)
	at io.netty.bootstrap.AbstractBootstrap$2.run(AbstractBootstrap.java:365)
	at io.netty.util.concurrent.AbstractEventExecutor.safeExecute(AbstractEventExecutor.java:163)
	at io.netty.util.concurrent.SingleThreadEventExecutor.runAllTasksFrom(SingleThreadEventExecutor.java:379)
	at io.netty.util.concurrent.SingleThreadEventExecutor.runAllTasks(SingleThreadEventExecutor.java:354)
	at io.netty.channel.nio.NioEventLoop.run(NioEventLoop.java:436)
	at io.netty.util.concurrent.SingleThreadEventExecutor$5.run(SingleThreadEventExecutor.java:858)
	at io.netty.util.concurrent.DefaultThreadFactory$DefaultRunnableDecorator.run(DefaultThreadFactory.java:144)
	at java.lang.Thread.run(Thread.java:745)
Caused by: java.net.BindException: Address already in use: bind
	at sun.nio.ch.Net.bind0(Native Method)
	at sun.nio.ch.Net.bind(Net.java:437)
	at sun.nio.ch.Net.bind(Net.java:429)
	at sun.nio.ch.ServerSocketChannelImpl.bind(ServerSocketChannelImpl.java:223)
	at io.netty.channel.socket.nio.NioServerSocketChannel.doBind(NioServerSocketChannel.java:128)
	at io.netty.channel.AbstractChannel$AbstractUnsafe.bind(AbstractChannel.java:554)
	... 13 common frames omitted
2017-10-02 16:52:51.137 [mp-conn-work-3-1] WARN  cxf.tcp.log -
				receive msg: EC 01 24 39 32 64 39 31 32 62 33 2D 65 33 65 35 2D 34 34 31 31 2D 38 64 66 30 2D 32 39 36 36 39 62 31 31 34 33 35 30 37 65 35 64 30 31 63 62 39 38 66 31 66 36 64 33 65 62 65 31 61 39 62 62 65 34 63 38 38 36 39 31 68
2017-10-02 16:52:51.137 [mp-conn-work-3-1] WARN  cxf.tcp.log -
				receive msg: EC 01 24 39 32 64 39 31 32 62 33 2D 65 33 65 35 2D 34 34 31 31 2D 38 64 66 30 2D 32 39 36 36 39 62 31 31 34 33 35 30 37 65 35 64 30 31 63 62 39 38 66 31 66 36 64 33 65 62 65 31 61 39 62 62 65 34 63 38 38 36 39 31 68
2017-10-02 16:52:51.197 [mp-conn-work-3-1] WARN  cxf.tcp.log -
				send msg: EC 02 02 6F 6B 31 31 39 34 30 38 63 35 30 65 37 34 30 63 36 61 66 62 61 62 34 34 32 37 33 32 30 32 65 66 63 33 68
2017-10-02 16:53:01.206 [mp-conn-work-3-1] WARN  cxf.tcp.log -
				receive msg: EC BE 0E 00 01 01 64 00 AA BD 3E 07 A0 04 C7 01 00 39 64 63 64 35 61 35 36 66 33 36 38 31 39 30 64 38 61 62 33 31 32 63 31 64 66 36 62 65 63 36 62 68
2017-10-02 16:53:01.207 [mp-conn-work-3-1] WARN  cxf.tcp.log -
				receive msg: EC BE 0E 00 01 01 64 00 AA BD 3E 07 A0 04 C7 01 00 39 64 63 64 35 61 35 36 66 33 36 38 31 39 30 64 38 61 62 33 31 32 63 31 64 66 36 62 65 63 36 62 68
2017-10-02 16:53:01.211 [mp-conn-work-3-1] WARN  cxf.tcp.log -
				send msg: EC 02 02 6F 6B 31 31 39 34 30 38 63 35 30 65 37 34 30 63 36 61 66 62 61 62 34 34 32 37 33 32 30 32 65 66 63 33 68
2017-10-02 16:53:11.213 [mp-conn-work-3-1] WARN  cxf.tcp.log -
				receive msg: EC BE 0E 00 01 01 64 00 AA BD 3E 07 AA 04 C7 01 00 39 64 63 64 35 61 35 36 66 33 36 38 31 39 30 64 38 61 62 33 31 32 63 31 64 66 36 62 65 63 36 62 68
2017-10-02 16:53:11.213 [mp-conn-work-3-1] WARN  cxf.tcp.log -
				receive msg: EC BE 0E 00 01 01 64 00 AA BD 3E 07 AA 04 C7 01 00 39 64 63 64 35 61 35 36 66 33 36 38 31 39 30 64 38 61 62 33 31 32 63 31 64 66 36 62 65 63 36 62 68
2017-10-02 16:53:11.214 [mp-conn-work-3-1] WARN  cxf.tcp.log -
				send msg: EC 02 02 6F 6B 31 31 39 34 30 38 63 35 30 65 37 34 30 63 36 61 66 62 61 62 34 34 32 37 33 32 30 32 65 66 63 33 68
2017-10-02 16:53:21.217 [mp-conn-work-3-1] WARN  cxf.tcp.log -
				receive msg: EC BE 0E 00 01 01 64 00 AA BD 3E 07 B4 04 C7 01 00 39 64 63 64 35 61 35 36 66 33 36 38 31 39 30 64 38 61 62 33 31 32 63 31 64 66 36 62 65 63 36 62 68
2017-10-02 16:53:21.218 [mp-conn-work-3-1] WARN  cxf.tcp.log -
				receive msg: EC BE 0E 00 01 01 64 00 AA BD 3E 07 B4 04 C7 01 00 39 64 63 64 35 61 35 36 66 33 36 38 31 39 30 64 38 61 62 33 31 32 63 31 64 66 36 62 65 63 36 62 68
2017-10-02 16:53:21.222 [mp-conn-work-3-1] WARN  cxf.tcp.log -
				send msg: EC 02 02 6F 6B 31 31 39 34 30 38 63 35 30 65 37 34 30 63 36 61 66 62 61 62 34 34 32 37 33 32 30 32 65 66 63 33 68
2017-10-02 16:53:31.225 [mp-conn-work-3-1] WARN  cxf.tcp.log -
				receive msg: EC BE 0E 00 01 01 64 00 AA BD 3E 07 BE 04 C7 01 00 39 64 63 64 35 61 35 36 66 33 36 38 31 39 30 64 38 61 62 33 31 32 63 31 64 66 36 62 65 63 36 62 68
2017-10-02 16:53:31.226 [mp-conn-work-3-1] WARN  cxf.tcp.log -
				receive msg: EC BE 0E 00 01 01 64 00 AA BD 3E 07 BE 04 C7 01 00 39 64 63 64 35 61 35 36 66 33 36 38 31 39 30 64 38 61 62 33 31 32 63 31 64 66 36 62 65 63 36 62 68
2017-10-02 16:53:31.228 [mp-conn-work-3-1] WARN  cxf.tcp.log -
				send msg: EC 02 02 6F 6B 31 31 39 34 30 38 63 35 30 65 37 34 30 63 36 61 66 62 61 62 34 34 32 37 33 32 30 32 65 66 63 33 68
2017-10-02 16:53:41.232 [mp-conn-work-3-1] WARN  cxf.tcp.log -
				receive msg: EC BE 0E 00 01 01 64 00 AA BD 3E 07 C8 04 C7 01 00 39 64 63 64 35 61 35 36 66 33 36 38 31 39 30 64 38 61 62 33 31 32 63 31 64 66 36 62 65 63 36 62 68
2017-10-02 16:53:41.232 [mp-conn-work-3-1] WARN  cxf.tcp.log -
				receive msg: EC BE 0E 00 01 01 64 00 AA BD 3E 07 C8 04 C7 01 00 39 64 63 64 35 61 35 36 66 33 36 38 31 39 30 64 38 61 62 33 31 32 63 31 64 66 36 62 65 63 36 62 68
2017-10-02 16:53:41.237 [mp-conn-work-3-1] WARN  cxf.tcp.log -
				send msg: EC 02 02 6F 6B 31 31 39 34 30 38 63 35 30 65 37 34 30 63 36 61 66 62 61 62 34 34 32 37 33 32 30 32 65 66 63 33 68
2017-10-02 20:28:07.121 [mp-conn-boss-1-1] WARN  i.n.util.concurrent.DefaultPromise -
				An exception was thrown by com.cxf.netty.tcp.NettyTCPServer$$Lambda$4/158453976.operationComplete()
com.cxf.netty.api.ServiceException: java.net.BindException: Address already in use: bind
	at com.cxf.netty.api.FutureListener.onFailure(FutureListener.java:38)
	at com.cxf.netty.tcp.NettyTCPServer.lambda$0(NettyTCPServer.java:168)
	at com.cxf.netty.tcp.NettyTCPServer$$Lambda$4/158453976.operationComplete(Unknown Source)
	at io.netty.util.concurrent.DefaultPromise.notifyListener0(DefaultPromise.java:507)
	at io.netty.util.concurrent.DefaultPromise.notifyListenersNow(DefaultPromise.java:481)
	at io.netty.util.concurrent.DefaultPromise.notifyListeners(DefaultPromise.java:420)
	at io.netty.util.concurrent.DefaultPromise.tryFailure(DefaultPromise.java:122)
	at io.netty.channel.AbstractChannel$AbstractUnsafe.safeSetFailure(AbstractChannel.java:906)
	at io.netty.channel.AbstractChannel$AbstractUnsafe.bind(AbstractChannel.java:556)
	at io.netty.channel.DefaultChannelPipeline$HeadContext.bind(DefaultChannelPipeline.java:1258)
	at io.netty.channel.AbstractChannelHandlerContext.invokeBind(AbstractChannelHandlerContext.java:502)
	at io.netty.channel.AbstractChannelHandlerContext.bind(AbstractChannelHandlerContext.java:487)
	at io.netty.channel.DefaultChannelPipeline.bind(DefaultChannelPipeline.java:980)
	at io.netty.channel.AbstractChannel.bind(AbstractChannel.java:250)
	at io.netty.bootstrap.AbstractBootstrap$2.run(AbstractBootstrap.java:365)
	at io.netty.util.concurrent.AbstractEventExecutor.safeExecute(AbstractEventExecutor.java:163)
	at io.netty.util.concurrent.SingleThreadEventExecutor.runAllTasksFrom(SingleThreadEventExecutor.java:379)
	at io.netty.util.concurrent.SingleThreadEventExecutor.runAllTasks(SingleThreadEventExecutor.java:354)
	at io.netty.channel.nio.NioEventLoop.run(NioEventLoop.java:436)
	at io.netty.util.concurrent.SingleThreadEventExecutor$5.run(SingleThreadEventExecutor.java:858)
	at io.netty.util.concurrent.DefaultThreadFactory$DefaultRunnableDecorator.run(DefaultThreadFactory.java:144)
	at java.lang.Thread.run(Thread.java:745)
Caused by: java.net.BindException: Address already in use: bind
	at sun.nio.ch.Net.bind0(Native Method)
	at sun.nio.ch.Net.bind(Net.java:437)
	at sun.nio.ch.Net.bind(Net.java:429)
	at sun.nio.ch.ServerSocketChannelImpl.bind(ServerSocketChannelImpl.java:223)
	at io.netty.channel.socket.nio.NioServerSocketChannel.doBind(NioServerSocketChannel.java:128)
	at io.netty.channel.AbstractChannel$AbstractUnsafe.bind(AbstractChannel.java:554)
	... 13 common frames omitted
2017-10-02 20:28:19.660 [mp-conn-boss-1-1] WARN  i.n.util.concurrent.DefaultPromise -
				An exception was thrown by com.cxf.netty.tcp.NettyTCPServer$$Lambda$4/158453976.operationComplete()
com.cxf.netty.api.ServiceException: java.net.BindException: Address already in use: bind
	at com.cxf.netty.api.FutureListener.onFailure(FutureListener.java:38)
	at com.cxf.netty.tcp.NettyTCPServer.lambda$0(NettyTCPServer.java:168)
	at com.cxf.netty.tcp.NettyTCPServer$$Lambda$4/158453976.operationComplete(Unknown Source)
	at io.netty.util.concurrent.DefaultPromise.notifyListener0(DefaultPromise.java:507)
	at io.netty.util.concurrent.DefaultPromise.notifyListenersNow(DefaultPromise.java:481)
	at io.netty.util.concurrent.DefaultPromise.notifyListeners(DefaultPromise.java:420)
	at io.netty.util.concurrent.DefaultPromise.tryFailure(DefaultPromise.java:122)
	at io.netty.channel.AbstractChannel$AbstractUnsafe.safeSetFailure(AbstractChannel.java:906)
	at io.netty.channel.AbstractChannel$AbstractUnsafe.bind(AbstractChannel.java:556)
	at io.netty.channel.DefaultChannelPipeline$HeadContext.bind(DefaultChannelPipeline.java:1258)
	at io.netty.channel.AbstractChannelHandlerContext.invokeBind(AbstractChannelHandlerContext.java:502)
	at io.netty.channel.AbstractChannelHandlerContext.bind(AbstractChannelHandlerContext.java:487)
	at io.netty.channel.DefaultChannelPipeline.bind(DefaultChannelPipeline.java:980)
	at io.netty.channel.AbstractChannel.bind(AbstractChannel.java:250)
	at io.netty.bootstrap.AbstractBootstrap$2.run(AbstractBootstrap.java:365)
	at io.netty.util.concurrent.AbstractEventExecutor.safeExecute(AbstractEventExecutor.java:163)
	at io.netty.util.concurrent.SingleThreadEventExecutor.runAllTasksFrom(SingleThreadEventExecutor.java:379)
	at io.netty.util.concurrent.SingleThreadEventExecutor.runAllTasks(SingleThreadEventExecutor.java:354)
	at io.netty.channel.nio.NioEventLoop.run(NioEventLoop.java:436)
	at io.netty.util.concurrent.SingleThreadEventExecutor$5.run(SingleThreadEventExecutor.java:858)
	at io.netty.util.concurrent.DefaultThreadFactory$DefaultRunnableDecorator.run(DefaultThreadFactory.java:144)
	at java.lang.Thread.run(Thread.java:745)
Caused by: java.net.BindException: Address already in use: bind
	at sun.nio.ch.Net.bind0(Native Method)
	at sun.nio.ch.Net.bind(Net.java:437)
	at sun.nio.ch.Net.bind(Net.java:429)
	at sun.nio.ch.ServerSocketChannelImpl.bind(ServerSocketChannelImpl.java:223)
	at io.netty.channel.socket.nio.NioServerSocketChannel.doBind(NioServerSocketChannel.java:128)
	at io.netty.channel.AbstractChannel$AbstractUnsafe.bind(AbstractChannel.java:554)
	... 13 common frames omitted
2017-10-02 20:29:05.902 [mp-conn-work-3-1] WARN  cxf.tcp.log -
				receive msg: EC 01 24 36 38 33 33 33 30 37 63 2D 61 66 63 65 2D 34 66 36 39 2D 61 61 38 66 2D 61 39 66 35 33 37 34 33 63 64 65 36 63 37 61 61 34 30 38 37 63 39 62 30 62 33 61 61 66 64 39 34 36 39 61 38 38 66 65 66 35 36 66 33 68
2017-10-02 20:29:05.902 [mp-conn-work-3-1] WARN  cxf.tcp.log -
				receive msg: EC 01 24 36 38 33 33 33 30 37 63 2D 61 66 63 65 2D 34 66 36 39 2D 61 61 38 66 2D 61 39 66 35 33 37 34 33 63 64 65 36 63 37 61 61 34 30 38 37 63 39 62 30 62 33 61 61 66 64 39 34 36 39 61 38 38 66 65 66 35 36 66 33 68
2017-10-02 20:29:05.965 [mp-conn-work-3-1] WARN  cxf.tcp.log -
				send msg: EC 02 02 6F 6B 31 31 39 34 30 38 63 35 30 65 37 34 30 63 36 61 66 62 61 62 34 34 32 37 33 32 30 32 65 66 63 33 68
2017-10-02 20:29:15.973 [mp-conn-work-3-1] WARN  cxf.tcp.log -
				receive msg: EC BE 0E 00 01 01 64 00 AA BD 3E 07 A0 04 C7 01 00 39 64 63 64 35 61 35 36 66 33 36 38 31 39 30 64 38 61 62 33 31 32 63 31 64 66 36 62 65 63 36 62 68
2017-10-02 20:29:15.974 [mp-conn-work-3-1] WARN  cxf.tcp.log -
				receive msg: EC BE 0E 00 01 01 64 00 AA BD 3E 07 A0 04 C7 01 00 39 64 63 64 35 61 35 36 66 33 36 38 31 39 30 64 38 61 62 33 31 32 63 31 64 66 36 62 65 63 36 62 68
2017-10-02 20:29:15.980 [mp-conn-work-3-1] WARN  cxf.tcp.log -
				send msg: EC 02 02 6F 6B 31 31 39 34 30 38 63 35 30 65 37 34 30 63 36 61 66 62 61 62 34 34 32 37 33 32 30 32 65 66 63 33 68
2017-10-02 20:29:25.985 [mp-conn-work-3-1] WARN  cxf.tcp.log -
				receive msg: EC BE 0E 00 01 01 64 00 AA BD 3E 07 AA 04 C7 01 00 39 64 63 64 35 61 35 36 66 33 36 38 31 39 30 64 38 61 62 33 31 32 63 31 64 66 36 62 65 63 36 62 68
2017-10-02 20:29:25.986 [mp-conn-work-3-1] WARN  cxf.tcp.log -
				receive msg: EC BE 0E 00 01 01 64 00 AA BD 3E 07 AA 04 C7 01 00 39 64 63 64 35 61 35 36 66 33 36 38 31 39 30 64 38 61 62 33 31 32 63 31 64 66 36 62 65 63 36 62 68
2017-10-02 20:29:25.991 [mp-conn-work-3-1] WARN  cxf.tcp.log -
				send msg: EC 02 02 6F 6B 31 31 39 34 30 38 63 35 30 65 37 34 30 63 36 61 66 62 61 62 34 34 32 37 33 32 30 32 65 66 63 33 68
2017-10-02 20:29:35.996 [mp-conn-work-3-1] WARN  cxf.tcp.log -
				receive msg: EC BE 0E 00 01 01 64 00 AA BD 3E 07 B4 04 C7 01 00 39 64 63 64 35 61 35 36 66 33 36 38 31 39 30 64 38 61 62 33 31 32 63 31 64 66 36 62 65 63 36 62 68
2017-10-02 20:29:35.997 [mp-conn-work-3-1] WARN  cxf.tcp.log -
				receive msg: EC BE 0E 00 01 01 64 00 AA BD 3E 07 B4 04 C7 01 00 39 64 63 64 35 61 35 36 66 33 36 38 31 39 30 64 38 61 62 33 31 32 63 31 64 66 36 62 65 63 36 62 68
2017-10-02 20:29:36.002 [mp-conn-work-3-1] WARN  cxf.tcp.log -
				send msg: EC 02 02 6F 6B 31 31 39 34 30 38 63 35 30 65 37 34 30 63 36 61 66 62 61 62 34 34 32 37 33 32 30 32 65 66 63 33 68
2017-10-02 20:29:46.006 [mp-conn-work-3-1] WARN  cxf.tcp.log -
				receive msg: EC BE 0E 00 01 01 64 00 AA BD 3E 07 BE 04 C7 01 00 39 64 63 64 35 61 35 36 66 33 36 38 31 39 30 64 38 61 62 33 31 32 63 31 64 66 36 62 65 63 36 62 68
2017-10-02 20:29:46.006 [mp-conn-work-3-1] WARN  cxf.tcp.log -
				receive msg: EC BE 0E 00 01 01 64 00 AA BD 3E 07 BE 04 C7 01 00 39 64 63 64 35 61 35 36 66 33 36 38 31 39 30 64 38 61 62 33 31 32 63 31 64 66 36 62 65 63 36 62 68
2017-10-02 20:29:46.010 [mp-conn-work-3-1] WARN  cxf.tcp.log -
				send msg: EC 02 02 6F 6B 31 31 39 34 30 38 63 35 30 65 37 34 30 63 36 61 66 62 61 62 34 34 32 37 33 32 30 32 65 66 63 33 68
2017-10-02 20:29:56.020 [mp-conn-work-3-1] WARN  cxf.tcp.log -
				receive msg: EC BE 0E 00 01 01 64 00 AA BD 3E 07 C8 04 C7 01 00 39 64 63 64 35 61 35 36 66 33 36 38 31 39 30 64 38 61 62 33 31 32 63 31 64 66 36 62 65 63 36 62 68
2017-10-02 20:29:56.021 [mp-conn-work-3-1] WARN  cxf.tcp.log -
				receive msg: EC BE 0E 00 01 01 64 00 AA BD 3E 07 C8 04 C7 01 00 39 64 63 64 35 61 35 36 66 33 36 38 31 39 30 64 38 61 62 33 31 32 63 31 64 66 36 62 65 63 36 62 68
2017-10-02 20:29:56.027 [mp-conn-work-3-1] WARN  cxf.tcp.log -
				send msg: EC 02 02 6F 6B 31 31 39 34 30 38 63 35 30 65 37 34 30 63 36 61 66 62 61 62 34 34 32 37 33 32 30 32 65 66 63 33 68
2017-10-02 20:30:06.031 [mp-conn-work-3-1] WARN  cxf.tcp.log -
				receive msg: EC BE 0E 00 01 01 64 00 AA BD 3E 07 D2 04 C7 01 00 39 64 63 64 35 61 35 36 66 33 36 38 31 39 30 64 38 61 62 33 31 32 63 31 64 66 36 62 65 63 36 62 68
2017-10-02 20:30:06.032 [mp-conn-work-3-1] WARN  cxf.tcp.log -
				receive msg: EC BE 0E 00 01 01 64 00 AA BD 3E 07 D2 04 C7 01 00 39 64 63 64 35 61 35 36 66 33 36 38 31 39 30 64 38 61 62 33 31 32 63 31 64 66 36 62 65 63 36 62 68
2017-10-02 20:30:06.037 [mp-conn-work-3-1] WARN  cxf.tcp.log -
				send msg: EC 02 02 6F 6B 31 31 39 34 30 38 63 35 30 65 37 34 30 63 36 61 66 62 61 62 34 34 32 37 33 32 30 32 65 66 63 33 68
2017-10-02 20:30:16.041 [mp-conn-work-3-1] WARN  cxf.tcp.log -
				receive msg: EC BE 0E 00 01 01 64 00 AA BD 3E 07 DC 04 C7 01 00 39 64 63 64 35 61 35 36 66 33 36 38 31 39 30 64 38 61 62 33 31 32 63 31 64 66 36 62 65 63 36 62 68
2017-10-02 20:30:16.042 [mp-conn-work-3-1] WARN  cxf.tcp.log -
				receive msg: EC BE 0E 00 01 01 64 00 AA BD 3E 07 DC 04 C7 01 00 39 64 63 64 35 61 35 36 66 33 36 38 31 39 30 64 38 61 62 33 31 32 63 31 64 66 36 62 65 63 36 62 68
2017-10-02 20:30:16.052 [mp-conn-work-3-1] WARN  cxf.tcp.log -
				send msg: EC 02 02 6F 6B 31 31 39 34 30 38 63 35 30 65 37 34 30 63 36 61 66 62 61 62 34 34 32 37 33 32 30 32 65 66 63 33 68
2017-10-02 20:30:26.064 [mp-conn-work-3-1] WARN  cxf.tcp.log -
				receive msg: EC BE 0E 00 01 01 64 00 AA BD 3E 07 E6 04 C7 01 00 39 64 63 64 35 61 35 36 66 33 36 38 31 39 30 64 38 61 62 33 31 32 63 31 64 66 36 62 65 63 36 62 68
2017-10-02 20:30:26.064 [mp-conn-work-3-1] WARN  cxf.tcp.log -
				receive msg: EC BE 0E 00 01 01 64 00 AA BD 3E 07 E6 04 C7 01 00 39 64 63 64 35 61 35 36 66 33 36 38 31 39 30 64 38 61 62 33 31 32 63 31 64 66 36 62 65 63 36 62 68
2017-10-02 20:30:26.068 [mp-conn-work-3-1] WARN  cxf.tcp.log -
				send msg: EC 02 02 6F 6B 31 31 39 34 30 38 63 35 30 65 37 34 30 63 36 61 66 62 61 62 34 34 32 37 33 32 30 32 65 66 63 33 68
2017-10-02 20:30:36.073 [mp-conn-work-3-1] WARN  cxf.tcp.log -
				receive msg: EC BE 0E 00 01 01 64 00 AA BD 3E 07 F0 04 C7 01 00 39 64 63 64 35 61 35 36 66 33 36 38 31 39 30 64 38 61 62 33 31 32 63 31 64 66 36 62 65 63 36 62 68
2017-10-02 20:30:36.073 [mp-conn-work-3-1] WARN  cxf.tcp.log -
				receive msg: EC BE 0E 00 01 01 64 00 AA BD 3E 07 F0 04 C7 01 00 39 64 63 64 35 61 35 36 66 33 36 38 31 39 30 64 38 61 62 33 31 32 63 31 64 66 36 62 65 63 36 62 68
2017-10-02 20:30:36.079 [mp-conn-work-3-1] WARN  cxf.tcp.log -
				send msg: EC 02 02 6F 6B 31 31 39 34 30 38 63 35 30 65 37 34 30 63 36 61 66 62 61 62 34 34 32 37 33 32 30 32 65 66 63 33 68
2017-10-02 20:30:46.082 [mp-conn-work-3-1] WARN  cxf.tcp.log -
				receive msg: EC BE 0E 00 01 01 64 00 AA BD 3E 07 FA 04 C7 01 00 39 64 63 64 35 61 35 36 66 33 36 38 31 39 30 64 38 61 62 33 31 32 63 31 64 66 36 62 65 63 36 62 68
2017-10-02 20:30:46.083 [mp-conn-work-3-1] WARN  cxf.tcp.log -
				receive msg: EC BE 0E 00 01 01 64 00 AA BD 3E 07 FA 04 C7 01 00 39 64 63 64 35 61 35 36 66 33 36 38 31 39 30 64 38 61 62 33 31 32 63 31 64 66 36 62 65 63 36 62 68
2017-10-02 20:30:46.087 [mp-conn-work-3-1] WARN  cxf.tcp.log -
				send msg: EC 02 02 6F 6B 31 31 39 34 30 38 63 35 30 65 37 34 30 63 36 61 66 62 61 62 34 34 32 37 33 32 30 32 65 66 63 33 68
2017-10-02 20:31:25.391 [mp-conn-check-timer-1-none] WARN  cxf.hb.log -
				client heartbeat timeout times=3, do close conn=[channel=[id: 0x12c13941, L:/192.168.1.106:8887 - R:/192.168.1.106:24179], context=, status=2, lastReadTime=1506947446084, lastWriteTime=0]
2017-10-02 20:38:20.708 [mp-conn-work-3-2] WARN  cxf.tcp.log -
				receive msg: EC 01 24 63 35 37 34 66 36 37 65 2D 62 33 35 38 2D 34 62 38 66 2D 38 65 32 33 2D 33 32 62 32 33 32 37 66 32 36 31 31 35 66 34 61 33 62 61 37 31 63 36 63 33 35 37 65 31 36 65 63 33 37 66 31 33 61 37 31 39 38 38 38 68
2017-10-02 20:38:20.708 [mp-conn-work-3-3] WARN  cxf.tcp.log -
				receive msg: EC 01 24 63 63 62 38 64 36 65 31 2D 32 38 31 32 2D 34 64 30 39 2D 62 38 34 36 2D 30 63 30 35 31 66 34 30 66 32 61 32 39 30 61 64 37 31 38 35 33 37 38 37 66 63 62 36 31 61 34 38 32 37 30 62 61 63 37 62 33 66 38 64 68
2017-10-02 20:38:20.709 [mp-conn-work-3-2] WARN  cxf.tcp.log -
				receive msg: EC 01 24 63 35 37 34 66 36 37 65 2D 62 33 35 38 2D 34 62 38 66 2D 38 65 32 33 2D 33 32 62 32 33 32 37 66 32 36 31 31 35 66 34 61 33 62 61 37 31 63 36 63 33 35 37 65 31 36 65 63 33 37 66 31 33 61 37 31 39 38 38 38 68
2017-10-02 20:38:20.709 [mp-conn-work-3-3] WARN  cxf.tcp.log -
				receive msg: EC 01 24 63 63 62 38 64 36 65 31 2D 32 38 31 32 2D 34 64 30 39 2D 62 38 34 36 2D 30 63 30 35 31 66 34 30 66 32 61 32 39 30 61 64 37 31 38 35 33 37 38 37 66 63 62 36 31 61 34 38 32 37 30 62 61 63 37 62 33 66 38 64 68
2017-10-02 20:38:20.710 [mp-conn-work-3-2] WARN  cxf.tcp.log -
				send msg: EC 02 02 6F 6B 31 31 39 34 30 38 63 35 30 65 37 34 30 63 36 61 66 62 61 62 34 34 32 37 33 32 30 32 65 66 63 33 68
2017-10-02 20:38:20.710 [mp-conn-work-3-3] WARN  cxf.tcp.log -
				send msg: EC 02 02 6F 6B 31 31 39 34 30 38 63 35 30 65 37 34 30 63 36 61 66 62 61 62 34 34 32 37 33 32 30 32 65 66 63 33 68
2017-10-02 20:38:30.715 [mp-conn-work-3-2] WARN  cxf.tcp.log -
				receive msg: EC BE 0E 00 01 01 64 00 AA BD 3E 07 A0 04 C7 01 00 39 64 63 64 35 61 35 36 66 33 36 38 31 39 30 64 38 61 62 33 31 32 63 31 64 66 36 62 65 63 36 62 68
2017-10-02 20:38:30.715 [mp-conn-work-3-3] WARN  cxf.tcp.log -
				receive msg: EC BE 0E 00 01 01 64 00 AA BD 3E 07 A0 04 C7 01 00 39 64 63 64 35 61 35 36 66 33 36 38 31 39 30 64 38 61 62 33 31 32 63 31 64 66 36 62 65 63 36 62 68
2017-10-02 20:38:30.716 [mp-conn-work-3-2] WARN  cxf.tcp.log -
				receive msg: EC BE 0E 00 01 01 64 00 AA BD 3E 07 A0 04 C7 01 00 39 64 63 64 35 61 35 36 66 33 36 38 31 39 30 64 38 61 62 33 31 32 63 31 64 66 36 62 65 63 36 62 68
2017-10-02 20:38:30.716 [mp-conn-work-3-3] WARN  cxf.tcp.log -
				receive msg: EC BE 0E 00 01 01 64 00 AA BD 3E 07 A0 04 C7 01 00 39 64 63 64 35 61 35 36 66 33 36 38 31 39 30 64 38 61 62 33 31 32 63 31 64 66 36 62 65 63 36 62 68
2017-10-02 20:38:30.721 [mp-conn-work-3-3] WARN  cxf.tcp.log -
				send msg: EC 02 02 6F 6B 31 31 39 34 30 38 63 35 30 65 37 34 30 63 36 61 66 62 61 62 34 34 32 37 33 32 30 32 65 66 63 33 68
2017-10-02 20:38:30.723 [mp-conn-work-3-2] WARN  cxf.tcp.log -
				send msg: EC 02 02 6F 6B 31 31 39 34 30 38 63 35 30 65 37 34 30 63 36 61 66 62 61 62 34 34 32 37 33 32 30 32 65 66 63 33 68
2017-10-02 20:38:40.723 [mp-conn-work-3-3] WARN  cxf.tcp.log -
				receive msg: EC BE 0E 00 01 01 64 00 AA BD 3E 07 AA 04 C7 01 00 39 64 63 64 35 61 35 36 66 33 36 38 31 39 30 64 38 61 62 33 31 32 63 31 64 66 36 62 65 63 36 62 68
2017-10-02 20:38:40.723 [mp-conn-work-3-3] WARN  cxf.tcp.log -
				receive msg: EC BE 0E 00 01 01 64 00 AA BD 3E 07 AA 04 C7 01 00 39 64 63 64 35 61 35 36 66 33 36 38 31 39 30 64 38 61 62 33 31 32 63 31 64 66 36 62 65 63 36 62 68
2017-10-02 20:38:40.724 [mp-conn-work-3-2] WARN  cxf.tcp.log -
				receive msg: EC BE 0E 00 01 01 64 00 AA BD 3E 07 AA 04 C7 01 00 39 64 63 64 35 61 35 36 66 33 36 38 31 39 30 64 38 61 62 33 31 32 63 31 64 66 36 62 65 63 36 62 68
2017-10-02 20:38:40.724 [mp-conn-work-3-2] WARN  cxf.tcp.log -
				receive msg: EC BE 0E 00 01 01 64 00 AA BD 3E 07 AA 04 C7 01 00 39 64 63 64 35 61 35 36 66 33 36 38 31 39 30 64 38 61 62 33 31 32 63 31 64 66 36 62 65 63 36 62 68
2017-10-02 20:38:40.725 [mp-conn-work-3-3] WARN  cxf.tcp.log -
				send msg: EC 02 02 6F 6B 31 31 39 34 30 38 63 35 30 65 37 34 30 63 36 61 66 62 61 62 34 34 32 37 33 32 30 32 65 66 63 33 68
2017-10-02 20:38:40.726 [mp-conn-work-3-2] WARN  cxf.tcp.log -
				send msg: EC 02 02 6F 6B 31 31 39 34 30 38 63 35 30 65 37 34 30 63 36 61 66 62 61 62 34 34 32 37 33 32 30 32 65 66 63 33 68
2017-10-02 20:38:50.728 [mp-conn-work-3-3] WARN  cxf.tcp.log -
				receive msg: EC BE 0E 00 01 01 64 00 AA BD 3E 07 B4 04 C7 01 00 39 64 63 64 35 61 35 36 66 33 36 38 31 39 30 64 38 61 62 33 31 32 63 31 64 66 36 62 65 63 36 62 68
2017-10-02 20:38:50.729 [mp-conn-work-3-3] WARN  cxf.tcp.log -
				receive msg: EC BE 0E 00 01 01 64 00 AA BD 3E 07 B4 04 C7 01 00 39 64 63 64 35 61 35 36 66 33 36 38 31 39 30 64 38 61 62 33 31 32 63 31 64 66 36 62 65 63 36 62 68
2017-10-02 20:38:50.729 [mp-conn-work-3-2] WARN  cxf.tcp.log -
				receive msg: EC BE 0E 00 01 01 64 00 AA BD 3E 07 B4 04 C7 01 00 39 64 63 64 35 61 35 36 66 33 36 38 31 39 30 64 38 61 62 33 31 32 63 31 64 66 36 62 65 63 36 62 68
2017-10-02 20:38:50.729 [mp-conn-work-3-2] WARN  cxf.tcp.log -
				receive msg: EC BE 0E 00 01 01 64 00 AA BD 3E 07 B4 04 C7 01 00 39 64 63 64 35 61 35 36 66 33 36 38 31 39 30 64 38 61 62 33 31 32 63 31 64 66 36 62 65 63 36 62 68
2017-10-02 20:38:50.734 [mp-conn-work-3-3] WARN  cxf.tcp.log -
				send msg: EC 02 02 6F 6B 31 31 39 34 30 38 63 35 30 65 37 34 30 63 36 61 66 62 61 62 34 34 32 37 33 32 30 32 65 66 63 33 68
2017-10-02 20:38:50.734 [mp-conn-work-3-2] WARN  cxf.tcp.log -
				send msg: EC 02 02 6F 6B 31 31 39 34 30 38 63 35 30 65 37 34 30 63 36 61 66 62 61 62 34 34 32 37 33 32 30 32 65 66 63 33 68
2017-10-02 20:39:00.739 [mp-conn-work-3-2] WARN  cxf.tcp.log -
				receive msg: EC BE 0E 00 01 01 64 00 AA BD 3E 07 BE 04 C7 01 00 39 64 63 64 35 61 35 36 66 33 36 38 31 39 30 64 38 61 62 33 31 32 63 31 64 66 36 62 65 63 36 62 68
2017-10-02 20:39:00.739 [mp-conn-work-3-3] WARN  cxf.tcp.log -
				receive msg: EC BE 0E 00 01 01 64 00 AA BD 3E 07 BE 04 C7 01 00 39 64 63 64 35 61 35 36 66 33 36 38 31 39 30 64 38 61 62 33 31 32 63 31 64 66 36 62 65 63 36 62 68
2017-10-02 20:39:00.740 [mp-conn-work-3-2] WARN  cxf.tcp.log -
				receive msg: EC BE 0E 00 01 01 64 00 AA BD 3E 07 BE 04 C7 01 00 39 64 63 64 35 61 35 36 66 33 36 38 31 39 30 64 38 61 62 33 31 32 63 31 64 66 36 62 65 63 36 62 68
2017-10-02 20:39:00.740 [mp-conn-work-3-3] WARN  cxf.tcp.log -
				receive msg: EC BE 0E 00 01 01 64 00 AA BD 3E 07 BE 04 C7 01 00 39 64 63 64 35 61 35 36 66 33 36 38 31 39 30 64 38 61 62 33 31 32 63 31 64 66 36 62 65 63 36 62 68
2017-10-02 20:39:00.745 [mp-conn-work-3-3] WARN  cxf.tcp.log -
				send msg: EC 02 02 6F 6B 31 31 39 34 30 38 63 35 30 65 37 34 30 63 36 61 66 62 61 62 34 34 32 37 33 32 30 32 65 66 63 33 68
2017-10-02 20:39:00.745 [mp-conn-work-3-2] WARN  cxf.tcp.log -
				send msg: EC 02 02 6F 6B 31 31 39 34 30 38 63 35 30 65 37 34 30 63 36 61 66 62 61 62 34 34 32 37 33 32 30 32 65 66 63 33 68
2017-10-02 20:39:10.758 [mp-conn-work-3-3] WARN  cxf.tcp.log -
				receive msg: EC BE 0E 00 01 01 64 00 AA BD 3E 07 C8 04 C7 01 00 39 64 63 64 35 61 35 36 66 33 36 38 31 39 30 64 38 61 62 33 31 32 63 31 64 66 36 62 65 63 36 62 68
2017-10-02 20:39:10.759 [mp-conn-work-3-3] WARN  cxf.tcp.log -
				receive msg: EC BE 0E 00 01 01 64 00 AA BD 3E 07 C8 04 C7 01 00 39 64 63 64 35 61 35 36 66 33 36 38 31 39 30 64 38 61 62 33 31 32 63 31 64 66 36 62 65 63 36 62 68
2017-10-02 20:39:10.761 [mp-conn-work-3-2] WARN  cxf.tcp.log -
				receive msg: EC BE 0E 00 01 01 64 00 AA BD 3E 07 C8 04 C7 01 00 39 64 63 64 35 61 35 36 66 33 36 38 31 39 30 64 38 61 62 33 31 32 63 31 64 66 36 62 65 63 36 62 68
2017-10-02 20:39:10.764 [mp-conn-work-3-2] WARN  cxf.tcp.log -
				receive msg: EC BE 0E 00 01 01 64 00 AA BD 3E 07 C8 04 C7 01 00 39 64 63 64 35 61 35 36 66 33 36 38 31 39 30 64 38 61 62 33 31 32 63 31 64 66 36 62 65 63 36 62 68
2017-10-02 20:39:10.769 [mp-conn-work-3-2] WARN  cxf.tcp.log -
				send msg: EC 02 02 6F 6B 31 31 39 34 30 38 63 35 30 65 37 34 30 63 36 61 66 62 61 62 34 34 32 37 33 32 30 32 65 66 63 33 68
2017-10-02 20:39:10.763 [mp-conn-work-3-3] WARN  cxf.tcp.log -
				send msg: EC 02 02 6F 6B 31 31 39 34 30 38 63 35 30 65 37 34 30 63 36 61 66 62 61 62 34 34 32 37 33 32 30 32 65 66 63 33 68
2017-10-02 20:39:20.773 [mp-conn-work-3-2] WARN  cxf.tcp.log -
				receive msg: EC BE 0E 00 01 01 64 00 AA BD 3E 07 D2 04 C7 01 00 39 64 63 64 35 61 35 36 66 33 36 38 31 39 30 64 38 61 62 33 31 32 63 31 64 66 36 62 65 63 36 62 68
2017-10-02 20:39:20.774 [mp-conn-work-3-2] WARN  cxf.tcp.log -
				receive msg: EC BE 0E 00 01 01 64 00 AA BD 3E 07 D2 04 C7 01 00 39 64 63 64 35 61 35 36 66 33 36 38 31 39 30 64 38 61 62 33 31 32 63 31 64 66 36 62 65 63 36 62 68
2017-10-02 20:39:20.779 [mp-conn-work-3-3] WARN  cxf.tcp.log -
				receive msg: EC BE 0E 00 01 01 64 00 AA BD 3E 07 D2 04 C7 01 00 39 64 63 64 35 61 35 36 66 33 36 38 31 39 30 64 38 61 62 33 31 32 63 31 64 66 36 62 65 63 36 62 68
2017-10-02 20:39:20.779 [mp-conn-work-3-2] WARN  cxf.tcp.log -
				send msg: EC 02 02 6F 6B 31 31 39 34 30 38 63 35 30 65 37 34 30 63 36 61 66 62 61 62 34 34 32 37 33 32 30 32 65 66 63 33 68
2017-10-02 20:39:20.779 [mp-conn-work-3-3] WARN  cxf.tcp.log -
				receive msg: EC BE 0E 00 01 01 64 00 AA BD 3E 07 D2 04 C7 01 00 39 64 63 64 35 61 35 36 66 33 36 38 31 39 30 64 38 61 62 33 31 32 63 31 64 66 36 62 65 63 36 62 68
2017-10-02 20:39:20.785 [mp-conn-work-3-3] WARN  cxf.tcp.log -
				send msg: EC 02 02 6F 6B 31 31 39 34 30 38 63 35 30 65 37 34 30 63 36 61 66 62 61 62 34 34 32 37 33 32 30 32 65 66 63 33 68
2017-10-02 20:39:30.783 [mp-conn-work-3-2] WARN  cxf.tcp.log -
				receive msg: EC BE 0E 00 01 01 64 00 AA BD 3E 07 DC 04 C7 01 00 39 64 63 64 35 61 35 36 66 33 36 38 31 39 30 64 38 61 62 33 31 32 63 31 64 66 36 62 65 63 36 62 68
2017-10-02 20:39:30.784 [mp-conn-work-3-2] WARN  cxf.tcp.log -
				receive msg: EC BE 0E 00 01 01 64 00 AA BD 3E 07 DC 04 C7 01 00 39 64 63 64 35 61 35 36 66 33 36 38 31 39 30 64 38 61 62 33 31 32 63 31 64 66 36 62 65 63 36 62 68
2017-10-02 20:39:30.787 [mp-conn-work-3-2] WARN  cxf.tcp.log -
				send msg: EC 02 02 6F 6B 31 31 39 34 30 38 63 35 30 65 37 34 30 63 36 61 66 62 61 62 34 34 32 37 33 32 30 32 65 66 63 33 68
2017-10-02 20:39:30.791 [mp-conn-work-3-3] WARN  cxf.tcp.log -
				receive msg: EC BE 0E 00 01 01 64 00 AA BD 3E 07 DC 04 C7 01 00 39 64 63 64 35 61 35 36 66 33 36 38 31 39 30 64 38 61 62 33 31 32 63 31 64 66 36 62 65 63 36 62 68
2017-10-02 20:39:30.791 [mp-conn-work-3-3] WARN  cxf.tcp.log -
				receive msg: EC BE 0E 00 01 01 64 00 AA BD 3E 07 DC 04 C7 01 00 39 64 63 64 35 61 35 36 66 33 36 38 31 39 30 64 38 61 62 33 31 32 63 31 64 66 36 62 65 63 36 62 68
2017-10-02 20:39:30.796 [mp-conn-work-3-3] WARN  cxf.tcp.log -
				send msg: EC 02 02 6F 6B 31 31 39 34 30 38 63 35 30 65 37 34 30 63 36 61 66 62 61 62 34 34 32 37 33 32 30 32 65 66 63 33 68
2017-10-02 20:39:40.792 [mp-conn-work-3-2] WARN  cxf.tcp.log -
				receive msg: EC BE 0E 00 01 01 64 00 AA BD 3E 07 E6 04 C7 01 00 39 64 63 64 35 61 35 36 66 33 36 38 31 39 30 64 38 61 62 33 31 32 63 31 64 66 36 62 65 63 36 62 68
2017-10-02 20:39:40.792 [mp-conn-work-3-2] WARN  cxf.tcp.log -
				receive msg: EC BE 0E 00 01 01 64 00 AA BD 3E 07 E6 04 C7 01 00 39 64 63 64 35 61 35 36 66 33 36 38 31 39 30 64 38 61 62 33 31 32 63 31 64 66 36 62 65 63 36 62 68
2017-10-02 20:39:40.797 [mp-conn-work-3-2] WARN  cxf.tcp.log -
				send msg: EC 02 02 6F 6B 31 31 39 34 30 38 63 35 30 65 37 34 30 63 36 61 66 62 61 62 34 34 32 37 33 32 30 32 65 66 63 33 68
2017-10-02 20:39:40.801 [mp-conn-work-3-3] WARN  cxf.tcp.log -
				receive msg: EC BE 0E 00 01 01 64 00 AA BD 3E 07 E6 04 C7 01 00 39 64 63 64 35 61 35 36 66 33 36 38 31 39 30 64 38 61 62 33 31 32 63 31 64 66 36 62 65 63 36 62 68
2017-10-02 20:39:40.802 [mp-conn-work-3-3] WARN  cxf.tcp.log -
				receive msg: EC BE 0E 00 01 01 64 00 AA BD 3E 07 E6 04 C7 01 00 39 64 63 64 35 61 35 36 66 33 36 38 31 39 30 64 38 61 62 33 31 32 63 31 64 66 36 62 65 63 36 62 68
2017-10-02 20:39:40.806 [mp-conn-work-3-3] WARN  cxf.tcp.log -
				send msg: EC 02 02 6F 6B 31 31 39 34 30 38 63 35 30 65 37 34 30 63 36 61 66 62 61 62 34 34 32 37 33 32 30 32 65 66 63 33 68
2017-10-02 20:39:50.802 [mp-conn-work-3-2] WARN  cxf.tcp.log -
				receive msg: EC BE 0E 00 01 01 64 00 AA BD 3E 07 F0 04 C7 01 00 39 64 63 64 35 61 35 36 66 33 36 38 31 39 30 64 38 61 62 33 31 32 63 31 64 66 36 62 65 63 36 62 68
2017-10-02 20:39:50.803 [mp-conn-work-3-2] WARN  cxf.tcp.log -
				receive msg: EC BE 0E 00 01 01 64 00 AA BD 3E 07 F0 04 C7 01 00 39 64 63 64 35 61 35 36 66 33 36 38 31 39 30 64 38 61 62 33 31 32 63 31 64 66 36 62 65 63 36 62 68
2017-10-02 20:39:50.807 [mp-conn-work-3-2] WARN  cxf.tcp.log -
				send msg: EC 02 02 6F 6B 31 31 39 34 30 38 63 35 30 65 37 34 30 63 36 61 66 62 61 62 34 34 32 37 33 32 30 32 65 66 63 33 68
2017-10-02 20:39:50.814 [mp-conn-work-3-3] WARN  cxf.tcp.log -
				receive msg: EC BE 0E 00 01 01 64 00 AA BD 3E 07 F0 04 C7 01 00 39 64 63 64 35 61 35 36 66 33 36 38 31 39 30 64 38 61 62 33 31 32 63 31 64 66 36 62 65 63 36 62 68
2017-10-02 20:39:50.814 [mp-conn-work-3-3] WARN  cxf.tcp.log -
				receive msg: EC BE 0E 00 01 01 64 00 AA BD 3E 07 F0 04 C7 01 00 39 64 63 64 35 61 35 36 66 33 36 38 31 39 30 64 38 61 62 33 31 32 63 31 64 66 36 62 65 63 36 62 68
2017-10-02 20:39:50.818 [mp-conn-work-3-3] WARN  cxf.tcp.log -
				send msg: EC 02 02 6F 6B 31 31 39 34 30 38 63 35 30 65 37 34 30 63 36 61 66 62 61 62 34 34 32 37 33 32 30 32 65 66 63 33 68
2017-10-02 20:40:00.811 [mp-conn-work-3-2] WARN  cxf.tcp.log -
				receive msg: EC BE 0E 00 01 01 64 00 AA BD 3E 07 FA 04 C7 01 00 39 64 63 64 35 61 35 36 66 33 36 38 31 39 30 64 38 61 62 33 31 32 63 31 64 66 36 62 65 63 36 62 68
2017-10-02 20:40:00.811 [mp-conn-work-3-2] WARN  cxf.tcp.log -
				receive msg: EC BE 0E 00 01 01 64 00 AA BD 3E 07 FA 04 C7 01 00 39 64 63 64 35 61 35 36 66 33 36 38 31 39 30 64 38 61 62 33 31 32 63 31 64 66 36 62 65 63 36 62 68
2017-10-02 20:40:00.815 [mp-conn-work-3-2] WARN  cxf.tcp.log -
				send msg: EC 02 02 6F 6B 31 31 39 34 30 38 63 35 30 65 37 34 30 63 36 61 66 62 61 62 34 34 32 37 33 32 30 32 65 66 63 33 68
2017-10-02 20:40:00.823 [mp-conn-work-3-3] WARN  cxf.tcp.log -
				receive msg: EC BE 0E 00 01 01 64 00 AA BD 3E 07 FA 04 C7 01 00 39 64 63 64 35 61 35 36 66 33 36 38 31 39 30 64 38 61 62 33 31 32 63 31 64 66 36 62 65 63 36 62 68
2017-10-02 20:40:00.823 [mp-conn-work-3-3] WARN  cxf.tcp.log -
				receive msg: EC BE 0E 00 01 01 64 00 AA BD 3E 07 FA 04 C7 01 00 39 64 63 64 35 61 35 36 66 33 36 38 31 39 30 64 38 61 62 33 31 32 63 31 64 66 36 62 65 63 36 62 68
2017-10-02 20:40:00.827 [mp-conn-work-3-3] WARN  cxf.tcp.log -
				send msg: EC 02 02 6F 6B 31 31 39 34 30 38 63 35 30 65 37 34 30 63 36 61 66 62 61 62 34 34 32 37 33 32 30 32 65 66 63 33 68
2017-10-02 20:40:35.391 [mp-conn-check-timer-1-none] WARN  cxf.hb.log -
				client heartbeat timeout times=3, do close conn=[channel=[id: 0xfcd32a0b, L:/192.168.1.106:8887 - R:/192.168.1.106:24279], context=, status=2, lastReadTime=1506948000823, lastWriteTime=0]
2017-10-02 20:40:35.398 [mp-conn-check-timer-1-none] WARN  cxf.hb.log -
				client heartbeat timeout times=3, do close conn=[channel=[id: 0x215ca7b5, L:/192.168.1.106:8887 ! R:/192.168.1.106:24278], context=, status=2, lastReadTime=1506948000812, lastWriteTime=0]
2017-10-02 20:51:01.889 [mp-conn-work-3-1] WARN  cxf.tcp.log -
				receive msg: EC 01 06 31 32 33 34 35 36 36 66 37 37 30 66 62 61 36 34 62 63 64 35 30 36 34 62 39 30 38 37 65 37 61 39 33 65 39 35 64 30 68
2017-10-02 20:51:01.890 [mp-conn-work-3-1] WARN  cxf.tcp.log -
				receive msg: EC 01 06 31 32 33 34 35 36 36 66 37 37 30 66 62 61 36 34 62 63 64 35 30 36 34 62 39 30 38 37 65 37 61 39 33 65 39 35 64 30 68
2017-10-02 20:51:01.967 [mp-conn-work-3-1] WARN  cxf.tcp.log -
				send msg: EC 02 02 6F 6B 31 31 39 34 30 38 63 35 30 65 37 34 30 63 36 61 66 62 61 62 34 34 32 37 33 32 30 32 65 66 63 33 68
2017-10-02 20:51:11.974 [mp-conn-work-3-1] WARN  cxf.tcp.log -
				receive msg: EC BE 0E 00 01 01 64 00 AA BD 3E 07 A0 04 C7 01 00 39 64 63 64 35 61 35 36 66 33 36 38 31 39 30 64 38 61 62 33 31 32 63 31 64 66 36 62 65 63 36 62 68
2017-10-02 20:51:11.975 [mp-conn-work-3-1] WARN  cxf.tcp.log -
				receive msg: EC BE 0E 00 01 01 64 00 AA BD 3E 07 A0 04 C7 01 00 39 64 63 64 35 61 35 36 66 33 36 38 31 39 30 64 38 61 62 33 31 32 63 31 64 66 36 62 65 63 36 62 68
2017-10-02 20:51:11.983 [mp-conn-work-3-1] WARN  cxf.tcp.log -
				send msg: EC 02 02 6F 6B 31 31 39 34 30 38 63 35 30 65 37 34 30 63 36 61 66 62 61 62 34 34 32 37 33 32 30 32 65 66 63 33 68
2017-10-02 20:51:21.987 [mp-conn-work-3-1] WARN  cxf.tcp.log -
				receive msg: EC BE 0E 00 01 01 64 00 AA BD 3E 07 AA 04 C7 01 00 39 64 63 64 35 61 35 36 66 33 36 38 31 39 30 64 38 61 62 33 31 32 63 31 64 66 36 62 65 63 36 62 68
2017-10-02 20:51:21.988 [mp-conn-work-3-1] WARN  cxf.tcp.log -
				receive msg: EC BE 0E 00 01 01 64 00 AA BD 3E 07 AA 04 C7 01 00 39 64 63 64 35 61 35 36 66 33 36 38 31 39 30 64 38 61 62 33 31 32 63 31 64 66 36 62 65 63 36 62 68
2017-10-02 20:51:21.991 [mp-conn-work-3-1] WARN  cxf.tcp.log -
				send msg: EC 02 02 6F 6B 31 31 39 34 30 38 63 35 30 65 37 34 30 63 36 61 66 62 61 62 34 34 32 37 33 32 30 32 65 66 63 33 68
2017-10-02 20:51:31.994 [mp-conn-work-3-1] WARN  cxf.tcp.log -
				receive msg: EC BE 0E 00 01 01 64 00 AA BD 3E 07 B4 04 C7 01 00 39 64 63 64 35 61 35 36 66 33 36 38 31 39 30 64 38 61 62 33 31 32 63 31 64 66 36 62 65 63 36 62 68
2017-10-02 20:51:31.994 [mp-conn-work-3-1] WARN  cxf.tcp.log -
				receive msg: EC BE 0E 00 01 01 64 00 AA BD 3E 07 B4 04 C7 01 00 39 64 63 64 35 61 35 36 66 33 36 38 31 39 30 64 38 61 62 33 31 32 63 31 64 66 36 62 65 63 36 62 68
2017-10-02 20:51:32.000 [mp-conn-work-3-1] WARN  cxf.tcp.log -
				send msg: EC 02 02 6F 6B 31 31 39 34 30 38 63 35 30 65 37 34 30 63 36 61 66 62 61 62 34 34 32 37 33 32 30 32 65 66 63 33 68
2017-10-02 20:51:42.002 [mp-conn-work-3-1] WARN  cxf.tcp.log -
				receive msg: EC BE 0E 00 01 01 64 00 AA BD 3E 07 BE 04 C7 01 00 39 64 63 64 35 61 35 36 66 33 36 38 31 39 30 64 38 61 62 33 31 32 63 31 64 66 36 62 65 63 36 62 68
2017-10-02 20:51:42.003 [mp-conn-work-3-1] WARN  cxf.tcp.log -
				receive msg: EC BE 0E 00 01 01 64 00 AA BD 3E 07 BE 04 C7 01 00 39 64 63 64 35 61 35 36 66 33 36 38 31 39 30 64 38 61 62 33 31 32 63 31 64 66 36 62 65 63 36 62 68
2017-10-02 20:51:42.004 [mp-conn-work-3-1] WARN  cxf.tcp.log -
				send msg: EC 02 02 6F 6B 31 31 39 34 30 38 63 35 30 65 37 34 30 63 36 61 66 62 61 62 34 34 32 37 33 32 30 32 65 66 63 33 68
2017-10-02 20:51:52.007 [mp-conn-work-3-1] WARN  cxf.tcp.log -
				receive msg: EC BE 0E 00 01 01 64 00 AA BD 3E 07 C8 04 C7 01 00 39 64 63 64 35 61 35 36 66 33 36 38 31 39 30 64 38 61 62 33 31 32 63 31 64 66 36 62 65 63 36 62 68
2017-10-02 20:51:52.008 [mp-conn-work-3-1] WARN  cxf.tcp.log -
				receive msg: EC BE 0E 00 01 01 64 00 AA BD 3E 07 C8 04 C7 01 00 39 64 63 64 35 61 35 36 66 33 36 38 31 39 30 64 38 61 62 33 31 32 63 31 64 66 36 62 65 63 36 62 68
2017-10-02 20:51:52.011 [mp-conn-work-3-1] WARN  cxf.tcp.log -
				send msg: EC 02 02 6F 6B 31 31 39 34 30 38 63 35 30 65 37 34 30 63 36 61 66 62 61 62 34 34 32 37 33 32 30 32 65 66 63 33 68
2017-10-02 20:52:02.015 [mp-conn-work-3-1] WARN  cxf.tcp.log -
				receive msg: EC BE 0E 00 01 01 64 00 AA BD 3E 07 D2 04 C7 01 00 39 64 63 64 35 61 35 36 66 33 36 38 31 39 30 64 38 61 62 33 31 32 63 31 64 66 36 62 65 63 36 62 68
2017-10-02 20:52:02.016 [mp-conn-work-3-1] WARN  cxf.tcp.log -
				receive msg: EC BE 0E 00 01 01 64 00 AA BD 3E 07 D2 04 C7 01 00 39 64 63 64 35 61 35 36 66 33 36 38 31 39 30 64 38 61 62 33 31 32 63 31 64 66 36 62 65 63 36 62 68
2017-10-02 20:52:02.020 [mp-conn-work-3-1] WARN  cxf.tcp.log -
				send msg: EC 02 02 6F 6B 31 31 39 34 30 38 63 35 30 65 37 34 30 63 36 61 66 62 61 62 34 34 32 37 33 32 30 32 65 66 63 33 68
2017-10-02 20:52:12.024 [mp-conn-work-3-1] WARN  cxf.tcp.log -
				receive msg: EC BE 0E 00 01 01 64 00 AA BD 3E 07 DC 04 C7 01 00 39 64 63 64 35 61 35 36 66 33 36 38 31 39 30 64 38 61 62 33 31 32 63 31 64 66 36 62 65 63 36 62 68
2017-10-02 20:52:12.024 [mp-conn-work-3-1] WARN  cxf.tcp.log -
				receive msg: EC BE 0E 00 01 01 64 00 AA BD 3E 07 DC 04 C7 01 00 39 64 63 64 35 61 35 36 66 33 36 38 31 39 30 64 38 61 62 33 31 32 63 31 64 66 36 62 65 63 36 62 68
2017-10-02 20:52:12.034 [mp-conn-work-3-1] WARN  cxf.tcp.log -
				send msg: EC 02 02 6F 6B 31 31 39 34 30 38 63 35 30 65 37 34 30 63 36 61 66 62 61 62 34 34 32 37 33 32 30 32 65 66 63 33 68
2017-10-02 20:52:22.047 [mp-conn-work-3-1] WARN  cxf.tcp.log -
				receive msg: EC BE 0E 00 01 01 64 00 AA BD 3E 07 E6 04 C7 01 00 39 64 63 64 35 61 35 36 66 33 36 38 31 39 30 64 38 61 62 33 31 32 63 31 64 66 36 62 65 63 36 62 68
2017-10-02 20:52:22.048 [mp-conn-work-3-1] WARN  cxf.tcp.log -
				receive msg: EC BE 0E 00 01 01 64 00 AA BD 3E 07 E6 04 C7 01 00 39 64 63 64 35 61 35 36 66 33 36 38 31 39 30 64 38 61 62 33 31 32 63 31 64 66 36 62 65 63 36 62 68
2017-10-02 20:52:22.052 [mp-conn-work-3-1] WARN  cxf.tcp.log -
				send msg: EC 02 02 6F 6B 31 31 39 34 30 38 63 35 30 65 37 34 30 63 36 61 66 62 61 62 34 34 32 37 33 32 30 32 65 66 63 33 68
2017-10-02 20:52:32.056 [mp-conn-work-3-1] WARN  cxf.tcp.log -
				receive msg: EC BE 0E 00 01 01 64 00 AA BD 3E 07 F0 04 C7 01 00 39 64 63 64 35 61 35 36 66 33 36 38 31 39 30 64 38 61 62 33 31 32 63 31 64 66 36 62 65 63 36 62 68
2017-10-02 20:52:32.057 [mp-conn-work-3-1] WARN  cxf.tcp.log -
				receive msg: EC BE 0E 00 01 01 64 00 AA BD 3E 07 F0 04 C7 01 00 39 64 63 64 35 61 35 36 66 33 36 38 31 39 30 64 38 61 62 33 31 32 63 31 64 66 36 62 65 63 36 62 68
2017-10-02 20:52:32.061 [mp-conn-work-3-1] WARN  cxf.tcp.log -
				send msg: EC 02 02 6F 6B 31 31 39 34 30 38 63 35 30 65 37 34 30 63 36 61 66 62 61 62 34 34 32 37 33 32 30 32 65 66 63 33 68
2017-10-02 20:52:42.065 [mp-conn-work-3-1] WARN  cxf.tcp.log -
				receive msg: EC BE 0E 00 01 01 64 00 AA BD 3E 07 FA 04 C7 01 00 39 64 63 64 35 61 35 36 66 33 36 38 31 39 30 64 38 61 62 33 31 32 63 31 64 66 36 62 65 63 36 62 68
2017-10-02 20:52:42.066 [mp-conn-work-3-1] WARN  cxf.tcp.log -
				receive msg: EC BE 0E 00 01 01 64 00 AA BD 3E 07 FA 04 C7 01 00 39 64 63 64 35 61 35 36 66 33 36 38 31 39 30 64 38 61 62 33 31 32 63 31 64 66 36 62 65 63 36 62 68
2017-10-02 20:52:42.069 [mp-conn-work-3-1] WARN  cxf.tcp.log -
				send msg: EC 02 02 6F 6B 31 31 39 34 30 38 63 35 30 65 37 34 30 63 36 61 66 62 61 62 34 34 32 37 33 32 30 32 65 66 63 33 68
2017-10-02 20:53:21.856 [mp-conn-check-timer-1-none] WARN  cxf.hb.log -
				client heartbeat timeout times=3, do close conn=[channel=[id: 0x1e351f83, L:/192.168.1.106:8887 - R:/192.168.1.106:24445], context=, status=2, lastReadTime=1506948762066, lastWriteTime=0]
2017-10-02 22:21:05.996 [mp-boss-4-1] WARN  i.n.util.concurrent.DefaultPromise -
				An exception was thrown by com.cxf.netty.tcp.NettyTCPServer$$Lambda$5/1627428162.operationComplete()
com.cxf.netty.api.ServiceException: java.net.BindException: Address already in use: bind
	at com.cxf.netty.api.FutureListener.onFailure(FutureListener.java:38)
	at com.cxf.netty.tcp.NettyTCPServer.lambda$0(NettyTCPServer.java:168)
	at com.cxf.netty.tcp.NettyTCPServer$$Lambda$5/1627428162.operationComplete(Unknown Source)
	at io.netty.util.concurrent.DefaultPromise.notifyListener0(DefaultPromise.java:507)
	at io.netty.util.concurrent.DefaultPromise.notifyListenersNow(DefaultPromise.java:481)
	at io.netty.util.concurrent.DefaultPromise.notifyListeners(DefaultPromise.java:420)
	at io.netty.util.concurrent.DefaultPromise.tryFailure(DefaultPromise.java:122)
	at io.netty.channel.AbstractChannel$AbstractUnsafe.safeSetFailure(AbstractChannel.java:906)
	at io.netty.channel.AbstractChannel$AbstractUnsafe.bind(AbstractChannel.java:556)
	at io.netty.channel.DefaultChannelPipeline$HeadContext.bind(DefaultChannelPipeline.java:1258)
	at io.netty.channel.AbstractChannelHandlerContext.invokeBind(AbstractChannelHandlerContext.java:502)
	at io.netty.channel.AbstractChannelHandlerContext.bind(AbstractChannelHandlerContext.java:487)
	at io.netty.channel.DefaultChannelPipeline.bind(DefaultChannelPipeline.java:980)
	at io.netty.channel.AbstractChannel.bind(AbstractChannel.java:250)
	at io.netty.bootstrap.AbstractBootstrap$2.run(AbstractBootstrap.java:365)
	at io.netty.util.concurrent.AbstractEventExecutor.safeExecute(AbstractEventExecutor.java:163)
	at io.netty.util.concurrent.SingleThreadEventExecutor.runAllTasksFrom(SingleThreadEventExecutor.java:379)
	at io.netty.util.concurrent.SingleThreadEventExecutor.runAllTasks(SingleThreadEventExecutor.java:354)
	at io.netty.channel.nio.NioEventLoop.run(NioEventLoop.java:436)
	at io.netty.util.concurrent.SingleThreadEventExecutor$5.run(SingleThreadEventExecutor.java:858)
	at io.netty.util.concurrent.DefaultThreadFactory$DefaultRunnableDecorator.run(DefaultThreadFactory.java:144)
	at java.lang.Thread.run(Thread.java:745)
Caused by: java.net.BindException: Address already in use: bind
	at sun.nio.ch.Net.bind0(Native Method)
	at sun.nio.ch.Net.bind(Net.java:437)
	at sun.nio.ch.Net.bind(Net.java:429)
	at sun.nio.ch.ServerSocketChannelImpl.bind(ServerSocketChannelImpl.java:223)
	at io.netty.channel.socket.nio.NioServerSocketChannel.doBind(NioServerSocketChannel.java:128)
	at io.netty.channel.AbstractChannel$AbstractUnsafe.bind(AbstractChannel.java:554)
	... 13 common frames omitted
2017-10-02 22:22:25.499 [mp-boss-4-1] WARN  i.n.util.concurrent.DefaultPromise -
				An exception was thrown by com.cxf.netty.tcp.NettyTCPServer$$Lambda$5/1150284200.operationComplete()
com.cxf.netty.api.ServiceException: java.net.BindException: Address already in use: bind
	at com.cxf.netty.api.FutureListener.onFailure(FutureListener.java:38)
	at com.cxf.netty.tcp.NettyTCPServer.lambda$0(NettyTCPServer.java:168)
	at com.cxf.netty.tcp.NettyTCPServer$$Lambda$5/1150284200.operationComplete(Unknown Source)
	at io.netty.util.concurrent.DefaultPromise.notifyListener0(DefaultPromise.java:507)
	at io.netty.util.concurrent.DefaultPromise.notifyListenersNow(DefaultPromise.java:481)
	at io.netty.util.concurrent.DefaultPromise.notifyListeners(DefaultPromise.java:420)
	at io.netty.util.concurrent.DefaultPromise.tryFailure(DefaultPromise.java:122)
	at io.netty.channel.AbstractChannel$AbstractUnsafe.safeSetFailure(AbstractChannel.java:906)
	at io.netty.channel.AbstractChannel$AbstractUnsafe.bind(AbstractChannel.java:556)
	at io.netty.channel.DefaultChannelPipeline$HeadContext.bind(DefaultChannelPipeline.java:1258)
	at io.netty.channel.AbstractChannelHandlerContext.invokeBind(AbstractChannelHandlerContext.java:502)
	at io.netty.channel.AbstractChannelHandlerContext.bind(AbstractChannelHandlerContext.java:487)
	at io.netty.channel.DefaultChannelPipeline.bind(DefaultChannelPipeline.java:980)
	at io.netty.channel.AbstractChannel.bind(AbstractChannel.java:250)
	at io.netty.bootstrap.AbstractBootstrap$2.run(AbstractBootstrap.java:365)
	at io.netty.util.concurrent.AbstractEventExecutor.safeExecute(AbstractEventExecutor.java:163)
	at io.netty.util.concurrent.SingleThreadEventExecutor.runAllTasksFrom(SingleThreadEventExecutor.java:379)
	at io.netty.util.concurrent.SingleThreadEventExecutor.runAllTasks(SingleThreadEventExecutor.java:354)
	at io.netty.channel.nio.NioEventLoop.run(NioEventLoop.java:436)
	at io.netty.util.concurrent.SingleThreadEventExecutor$5.run(SingleThreadEventExecutor.java:858)
	at io.netty.util.concurrent.DefaultThreadFactory$DefaultRunnableDecorator.run(DefaultThreadFactory.java:144)
	at java.lang.Thread.run(Thread.java:745)
Caused by: java.net.BindException: Address already in use: bind
	at sun.nio.ch.Net.bind0(Native Method)
	at sun.nio.ch.Net.bind(Net.java:437)
	at sun.nio.ch.Net.bind(Net.java:429)
	at sun.nio.ch.ServerSocketChannelImpl.bind(ServerSocketChannelImpl.java:223)
	at io.netty.channel.socket.nio.NioServerSocketChannel.doBind(NioServerSocketChannel.java:128)
	at io.netty.channel.AbstractChannel$AbstractUnsafe.bind(AbstractChannel.java:554)
	... 13 common frames omitted
2017-10-02 23:02:55.698 [mp-conn-work-3-1] WARN  cxf.tcp.log -
				receive msg: EC 01 06 31 32 33 34 35 36 36 66 37 37 30 66 62 61 36 34 62 63 64 35 30 36 34 62 39 30 38 37 65 37 61 39 33 65 39 35 64 30 68
2017-10-02 23:02:55.699 [mp-conn-work-3-1] WARN  cxf.tcp.log -
				receive msg: EC 01 06 31 32 33 34 35 36 36 66 37 37 30 66 62 61 36 34 62 63 64 35 30 36 34 62 39 30 38 37 65 37 61 39 33 65 39 35 64 30 68
2017-10-02 23:02:55.775 [mp-conn-work-3-1] WARN  cxf.tcp.log -
				send msg: EC 02 02 6F 6B 31 31 39 34 30 38 63 35 30 65 37 34 30 63 36 61 66 62 61 62 34 34 32 37 33 32 30 32 65 66 63 33 68
2017-10-02 23:03:05.780 [mp-conn-work-3-1] WARN  cxf.tcp.log -
				receive msg: EC BE 0E 00 01 01 64 00 AA BD 3E 07 A0 04 C7 01 00 39 64 63 64 35 61 35 36 66 33 36 38 31 39 30 64 38 61 62 33 31 32 63 31 64 66 36 62 65 63 36 62 68
2017-10-02 23:03:05.781 [mp-conn-work-3-1] WARN  cxf.tcp.log -
				receive msg: EC BE 0E 00 01 01 64 00 AA BD 3E 07 A0 04 C7 01 00 39 64 63 64 35 61 35 36 66 33 36 38 31 39 30 64 38 61 62 33 31 32 63 31 64 66 36 62 65 63 36 62 68
2017-10-02 23:03:05.785 [mp-conn-work-3-1] WARN  cxf.tcp.log -
				send msg: EC 02 02 6F 6B 31 31 39 34 30 38 63 35 30 65 37 34 30 63 36 61 66 62 61 62 34 34 32 37 33 32 30 32 65 66 63 33 68
2017-10-02 23:03:15.793 [mp-conn-work-3-1] WARN  cxf.tcp.log -
				receive msg: EC BE 0E 00 01 01 64 00 AA BD 3E 07 AA 04 C7 01 00 39 64 63 64 35 61 35 36 66 33 36 38 31 39 30 64 38 61 62 33 31 32 63 31 64 66 36 62 65 63 36 62 68
2017-10-02 23:03:15.793 [mp-conn-work-3-1] WARN  cxf.tcp.log -
				receive msg: EC BE 0E 00 01 01 64 00 AA BD 3E 07 AA 04 C7 01 00 39 64 63 64 35 61 35 36 66 33 36 38 31 39 30 64 38 61 62 33 31 32 63 31 64 66 36 62 65 63 36 62 68
2017-10-02 23:03:15.795 [mp-conn-work-3-1] WARN  cxf.tcp.log -
				send msg: EC 02 02 6F 6B 31 31 39 34 30 38 63 35 30 65 37 34 30 63 36 61 66 62 61 62 34 34 32 37 33 32 30 32 65 66 63 33 68
2017-10-02 23:08:45.975 [mp-conn-work-5-1] WARN  cxf.tcp.log -
				receive msg: EC 01 06 31 32 33 34 35 36 36 66 37 37 30 66 62 61 36 34 62 63 64 35 30 36 34 62 39 30 38 37 65 37 61 39 33 65 39 35 64 30 68
2017-10-02 23:08:45.976 [mp-conn-work-5-1] WARN  cxf.tcp.log -
				receive msg: EC 01 06 31 32 33 34 35 36 36 66 37 37 30 66 62 61 36 34 62 63 64 35 30 36 34 62 39 30 38 37 65 37 61 39 33 65 39 35 64 30 68
2017-10-02 23:08:45.979 [mp-conn-work-5-1] WARN  cxf.tcp.log -
				send msg: EC 02 02 6F 6B 31 31 39 34 30 38 63 35 30 65 37 34 30 63 36 61 66 62 61 62 34 34 32 37 33 32 30 32 65 66 63 33 68
2017-10-02 23:08:55.985 [mp-conn-work-5-1] WARN  cxf.tcp.log -
				receive msg: EC BE 0E 00 01 01 64 00 AA BD 3E 07 A0 04 C7 01 00 39 64 63 64 35 61 35 36 66 33 36 38 31 39 30 64 38 61 62 33 31 32 63 31 64 66 36 62 65 63 36 62 68
2017-10-02 23:08:55.985 [mp-conn-work-5-1] WARN  cxf.tcp.log -
				receive msg: EC BE 0E 00 01 01 64 00 AA BD 3E 07 A0 04 C7 01 00 39 64 63 64 35 61 35 36 66 33 36 38 31 39 30 64 38 61 62 33 31 32 63 31 64 66 36 62 65 63 36 62 68
2017-10-02 23:08:55.989 [mp-conn-work-5-1] WARN  cxf.tcp.log -
				send msg: EC 02 02 6F 6B 31 31 39 34 30 38 63 35 30 65 37 34 30 63 36 61 66 62 61 62 34 34 32 37 33 32 30 32 65 66 63 33 68
2017-10-02 23:09:05.994 [mp-conn-work-5-1] WARN  cxf.tcp.log -
				receive msg: EC BE 0E 00 01 01 64 00 AA BD 3E 07 AA 04 C7 01 00 39 64 63 64 35 61 35 36 66 33 36 38 31 39 30 64 38 61 62 33 31 32 63 31 64 66 36 62 65 63 36 62 68
2017-10-02 23:09:05.995 [mp-conn-work-5-1] WARN  cxf.tcp.log -
				receive msg: EC BE 0E 00 01 01 64 00 AA BD 3E 07 AA 04 C7 01 00 39 64 63 64 35 61 35 36 66 33 36 38 31 39 30 64 38 61 62 33 31 32 63 31 64 66 36 62 65 63 36 62 68
2017-10-02 23:09:05.998 [mp-conn-work-5-1] WARN  cxf.tcp.log -
				send msg: EC 02 02 6F 6B 31 31 39 34 30 38 63 35 30 65 37 34 30 63 36 61 66 62 61 62 34 34 32 37 33 32 30 32 65 66 63 33 68
2017-10-02 23:09:16.002 [mp-conn-work-5-1] WARN  cxf.tcp.log -
				receive msg: EC BE 0E 00 01 01 64 00 AA BD 3E 07 B4 04 C7 01 00 39 64 63 64 35 61 35 36 66 33 36 38 31 39 30 64 38 61 62 33 31 32 63 31 64 66 36 62 65 63 36 62 68
2017-10-02 23:09:16.003 [mp-conn-work-5-1] WARN  cxf.tcp.log -
				receive msg: EC BE 0E 00 01 01 64 00 AA BD 3E 07 B4 04 C7 01 00 39 64 63 64 35 61 35 36 66 33 36 38 31 39 30 64 38 61 62 33 31 32 63 31 64 66 36 62 65 63 36 62 68
2017-10-02 23:09:16.005 [mp-conn-work-5-1] WARN  cxf.tcp.log -
				send msg: EC 02 02 6F 6B 31 31 39 34 30 38 63 35 30 65 37 34 30 63 36 61 66 62 61 62 34 34 32 37 33 32 30 32 65 66 63 33 68
2017-10-02 23:09:26.009 [mp-conn-work-5-1] WARN  cxf.tcp.log -
				receive msg: EC BE 0E 00 01 01 64 00 AA BD 3E 07 BE 04 C7 01 00 39 64 63 64 35 61 35 36 66 33 36 38 31 39 30 64 38 61 62 33 31 32 63 31 64 66 36 62 65 63 36 62 68
2017-10-02 23:09:26.010 [mp-conn-work-5-1] WARN  cxf.tcp.log -
				receive msg: EC BE 0E 00 01 01 64 00 AA BD 3E 07 BE 04 C7 01 00 39 64 63 64 35 61 35 36 66 33 36 38 31 39 30 64 38 61 62 33 31 32 63 31 64 66 36 62 65 63 36 62 68
2017-10-02 23:09:26.014 [mp-conn-work-5-1] WARN  cxf.tcp.log -
				send msg: EC 02 02 6F 6B 31 31 39 34 30 38 63 35 30 65 37 34 30 63 36 61 66 62 61 62 34 34 32 37 33 32 30 32 65 66 63 33 68
2017-10-02 23:09:36.018 [mp-conn-work-5-1] WARN  cxf.tcp.log -
				receive msg: EC BE 0E 00 01 01 64 00 AA BD 3E 07 C8 04 C7 01 00 39 64 63 64 35 61 35 36 66 33 36 38 31 39 30 64 38 61 62 33 31 32 63 31 64 66 36 62 65 63 36 62 68
2017-10-02 23:09:36.019 [mp-conn-work-5-1] WARN  cxf.tcp.log -
				receive msg: EC BE 0E 00 01 01 64 00 AA BD 3E 07 C8 04 C7 01 00 39 64 63 64 35 61 35 36 66 33 36 38 31 39 30 64 38 61 62 33 31 32 63 31 64 66 36 62 65 63 36 62 68
2017-10-02 23:09:36.022 [mp-conn-work-5-1] WARN  cxf.tcp.log -
				send msg: EC 02 02 6F 6B 31 31 39 34 30 38 63 35 30 65 37 34 30 63 36 61 66 62 61 62 34 34 32 37 33 32 30 32 65 66 63 33 68
2017-10-02 23:10:51.136 [mp-conn-work-5-1] WARN  cxf.tcp.log -
				receive msg: EC 01 06 31 32 33 34 35 36 36 66 37 37 30 66 62 61 36 34 62 63 64 35 30 36 34 62 39 30 38 37 65 37 61 39 33 65 39 35 64 30 68
2017-10-02 23:10:51.137 [mp-conn-work-5-1] WARN  cxf.tcp.log -
				receive msg: EC 01 06 31 32 33 34 35 36 36 66 37 37 30 66 62 61 36 34 62 63 64 35 30 36 34 62 39 30 38 37 65 37 61 39 33 65 39 35 64 30 68
2017-10-02 23:10:51.153 [mp-conn-work-5-1] WARN  cxf.tcp.log -
				send msg: EC 02 02 6F 6B 31 31 39 34 30 38 63 35 30 65 37 34 30 63 36 61 66 62 61 62 34 34 32 37 33 32 30 32 65 66 63 33 68
2017-10-02 23:11:01.157 [mp-conn-work-5-1] WARN  cxf.tcp.log -
				receive msg: EC BE 0E 00 01 01 64 00 AA BD 3E 07 A0 04 C7 01 00 39 64 63 64 35 61 35 36 66 33 36 38 31 39 30 64 38 61 62 33 31 32 63 31 64 66 36 62 65 63 36 62 68
2017-10-02 23:11:01.157 [mp-conn-work-5-1] WARN  cxf.tcp.log -
				receive msg: EC BE 0E 00 01 01 64 00 AA BD 3E 07 A0 04 C7 01 00 39 64 63 64 35 61 35 36 66 33 36 38 31 39 30 64 38 61 62 33 31 32 63 31 64 66 36 62 65 63 36 62 68
2017-10-02 23:11:01.159 [mp-conn-work-5-1] WARN  cxf.tcp.log -
				send msg: EC 02 02 6F 6B 31 31 39 34 30 38 63 35 30 65 37 34 30 63 36 61 66 62 61 62 34 34 32 37 33 32 30 32 65 66 63 33 68
2017-10-02 23:11:11.162 [mp-conn-work-5-1] WARN  cxf.tcp.log -
				receive msg: EC BE 0E 00 01 01 64 00 AA BD 3E 07 AA 04 C7 01 00 39 64 63 64 35 61 35 36 66 33 36 38 31 39 30 64 38 61 62 33 31 32 63 31 64 66 36 62 65 63 36 62 68
2017-10-02 23:11:11.162 [mp-conn-work-5-1] WARN  cxf.tcp.log -
				receive msg: EC BE 0E 00 01 01 64 00 AA BD 3E 07 AA 04 C7 01 00 39 64 63 64 35 61 35 36 66 33 36 38 31 39 30 64 38 61 62 33 31 32 63 31 64 66 36 62 65 63 36 62 68
2017-10-02 23:11:11.167 [mp-conn-work-5-1] WARN  cxf.tcp.log -
				send msg: EC 02 02 6F 6B 31 31 39 34 30 38 63 35 30 65 37 34 30 63 36 61 66 62 61 62 34 34 32 37 33 32 30 32 65 66 63 33 68
2017-10-02 23:11:21.177 [mp-conn-work-5-1] WARN  cxf.tcp.log -
				receive msg: EC BE 0E 00 01 01 64 00 AA BD 3E 07 B4 04 C7 01 00 39 64 63 64 35 61 35 36 66 33 36 38 31 39 30 64 38 61 62 33 31 32 63 31 64 66 36 62 65 63 36 62 68
2017-10-02 23:11:21.177 [mp-conn-work-5-1] WARN  cxf.tcp.log -
				receive msg: EC BE 0E 00 01 01 64 00 AA BD 3E 07 B4 04 C7 01 00 39 64 63 64 35 61 35 36 66 33 36 38 31 39 30 64 38 61 62 33 31 32 63 31 64 66 36 62 65 63 36 62 68
2017-10-02 23:11:21.182 [mp-conn-work-5-1] WARN  cxf.tcp.log -
				send msg: EC 02 02 6F 6B 31 31 39 34 30 38 63 35 30 65 37 34 30 63 36 61 66 62 61 62 34 34 32 37 33 32 30 32 65 66 63 33 68
2017-10-02 23:11:31.187 [mp-conn-work-5-1] WARN  cxf.tcp.log -
				receive msg: EC BE 0E 00 01 01 64 00 AA BD 3E 07 BE 04 C7 01 00 39 64 63 64 35 61 35 36 66 33 36 38 31 39 30 64 38 61 62 33 31 32 63 31 64 66 36 62 65 63 36 62 68
2017-10-02 23:11:31.188 [mp-conn-work-5-1] WARN  cxf.tcp.log -
				receive msg: EC BE 0E 00 01 01 64 00 AA BD 3E 07 BE 04 C7 01 00 39 64 63 64 35 61 35 36 66 33 36 38 31 39 30 64 38 61 62 33 31 32 63 31 64 66 36 62 65 63 36 62 68
2017-10-02 23:11:31.191 [mp-conn-work-5-1] WARN  cxf.tcp.log -
				send msg: EC 02 02 6F 6B 31 31 39 34 30 38 63 35 30 65 37 34 30 63 36 61 66 62 61 62 34 34 32 37 33 32 30 32 65 66 63 33 68
2017-10-02 23:11:41.195 [mp-conn-work-5-1] WARN  cxf.tcp.log -
				receive msg: EC BE 0E 00 01 01 64 00 AA BD 3E 07 C8 04 C7 01 00 39 64 63 64 35 61 35 36 66 33 36 38 31 39 30 64 38 61 62 33 31 32 63 31 64 66 36 62 65 63 36 62 68
2017-10-02 23:11:41.196 [mp-conn-work-5-1] WARN  cxf.tcp.log -
				receive msg: EC BE 0E 00 01 01 64 00 AA BD 3E 07 C8 04 C7 01 00 39 64 63 64 35 61 35 36 66 33 36 38 31 39 30 64 38 61 62 33 31 32 63 31 64 66 36 62 65 63 36 62 68
2017-10-02 23:11:41.199 [mp-conn-work-5-1] WARN  cxf.tcp.log -
				send msg: EC 02 02 6F 6B 31 31 39 34 30 38 63 35 30 65 37 34 30 63 36 61 66 62 61 62 34 34 32 37 33 32 30 32 65 66 63 33 68
2017-10-02 23:11:51.203 [mp-conn-work-5-1] WARN  cxf.tcp.log -
				receive msg: EC BE 0E 00 01 01 64 00 AA BD 3E 07 D2 04 C7 01 00 39 64 63 64 35 61 35 36 66 33 36 38 31 39 30 64 38 61 62 33 31 32 63 31 64 66 36 62 65 63 36 62 68
2017-10-02 23:11:51.204 [mp-conn-work-5-1] WARN  cxf.tcp.log -
				receive msg: EC BE 0E 00 01 01 64 00 AA BD 3E 07 D2 04 C7 01 00 39 64 63 64 35 61 35 36 66 33 36 38 31 39 30 64 38 61 62 33 31 32 63 31 64 66 36 62 65 63 36 62 68
2017-10-02 23:11:51.206 [mp-conn-work-5-1] WARN  cxf.tcp.log -
				send msg: EC 02 02 6F 6B 31 31 39 34 30 38 63 35 30 65 37 34 30 63 36 61 66 62 61 62 34 34 32 37 33 32 30 32 65 66 63 33 68
2017-10-02 23:12:01.209 [mp-conn-work-5-1] WARN  cxf.tcp.log -
				receive msg: EC BE 0E 00 01 01 64 00 AA BD 3E 07 DC 04 C7 01 00 39 64 63 64 35 61 35 36 66 33 36 38 31 39 30 64 38 61 62 33 31 32 63 31 64 66 36 62 65 63 36 62 68
2017-10-02 23:12:01.210 [mp-conn-work-5-1] WARN  cxf.tcp.log -
				receive msg: EC BE 0E 00 01 01 64 00 AA BD 3E 07 DC 04 C7 01 00 39 64 63 64 35 61 35 36 66 33 36 38 31 39 30 64 38 61 62 33 31 32 63 31 64 66 36 62 65 63 36 62 68
2017-10-02 23:12:01.219 [mp-conn-work-5-1] WARN  cxf.tcp.log -
				send msg: EC 02 02 6F 6B 31 31 39 34 30 38 63 35 30 65 37 34 30 63 36 61 66 62 61 62 34 34 32 37 33 32 30 32 65 66 63 33 68
2017-10-02 23:12:11.230 [mp-conn-work-5-1] WARN  cxf.tcp.log -
				receive msg: EC BE 0E 00 01 01 64 00 AA BD 3E 07 E6 04 C7 01 00 39 64 63 64 35 61 35 36 66 33 36 38 31 39 30 64 38 61 62 33 31 32 63 31 64 66 36 62 65 63 36 62 68
2017-10-02 23:12:11.230 [mp-conn-work-5-1] WARN  cxf.tcp.log -
				receive msg: EC BE 0E 00 01 01 64 00 AA BD 3E 07 E6 04 C7 01 00 39 64 63 64 35 61 35 36 66 33 36 38 31 39 30 64 38 61 62 33 31 32 63 31 64 66 36 62 65 63 36 62 68
2017-10-02 23:12:11.236 [mp-conn-work-5-1] WARN  cxf.tcp.log -
				send msg: EC 02 02 6F 6B 31 31 39 34 30 38 63 35 30 65 37 34 30 63 36 61 66 62 61 62 34 34 32 37 33 32 30 32 65 66 63 33 68
2017-10-02 23:12:21.241 [mp-conn-work-5-1] WARN  cxf.tcp.log -
				receive msg: EC BE 0E 00 01 01 64 00 AA BD 3E 07 F0 04 C7 01 00 39 64 63 64 35 61 35 36 66 33 36 38 31 39 30 64 38 61 62 33 31 32 63 31 64 66 36 62 65 63 36 62 68
2017-10-02 23:12:21.241 [mp-conn-work-5-1] WARN  cxf.tcp.log -
				receive msg: EC BE 0E 00 01 01 64 00 AA BD 3E 07 F0 04 C7 01 00 39 64 63 64 35 61 35 36 66 33 36 38 31 39 30 64 38 61 62 33 31 32 63 31 64 66 36 62 65 63 36 62 68
2017-10-02 23:12:21.244 [mp-conn-work-5-1] WARN  cxf.tcp.log -
				send msg: EC 02 02 6F 6B 31 31 39 34 30 38 63 35 30 65 37 34 30 63 36 61 66 62 61 62 34 34 32 37 33 32 30 32 65 66 63 33 68
2017-10-02 23:12:31.247 [mp-conn-work-5-1] WARN  cxf.tcp.log -
				receive msg: EC BE 0E 00 01 01 64 00 AA BD 3E 07 FA 04 C7 01 00 39 64 63 64 35 61 35 36 66 33 36 38 31 39 30 64 38 61 62 33 31 32 63 31 64 66 36 62 65 63 36 62 68
2017-10-02 23:12:31.247 [mp-conn-work-5-1] WARN  cxf.tcp.log -
				receive msg: EC BE 0E 00 01 01 64 00 AA BD 3E 07 FA 04 C7 01 00 39 64 63 64 35 61 35 36 66 33 36 38 31 39 30 64 38 61 62 33 31 32 63 31 64 66 36 62 65 63 36 62 68
2017-10-02 23:12:31.249 [mp-conn-work-5-1] WARN  cxf.tcp.log -
				send msg: EC 02 02 6F 6B 31 31 39 34 30 38 63 35 30 65 37 34 30 63 36 61 66 62 61 62 34 34 32 37 33 32 30 32 65 66 63 33 68
2017-10-02 23:13:11.104 [mp-conn-check-timer-1-none] WARN  cxf.hb.log -
				client heartbeat timeout times=3, do close conn=[channel=[id: 0x41725070, L:/192.168.1.106:8887 - R:/192.168.1.106:3869], context=, status=2, lastReadTime=1506957151247, lastWriteTime=0]
2017-10-02 23:16:01.147 [mp-conn-work-5-1] WARN  cxf.tcp.log -
				receive msg: EC 01 06 31 32 33 34 35 36 36 66 37 37 30 66 62 61 36 34 62 63 64 35 30 36 34 62 39 30 38 37 65 37 61 39 33 65 39 35 64 30 68
2017-10-02 23:16:01.148 [mp-conn-work-5-1] WARN  cxf.tcp.log -
				receive msg: EC 01 06 31 32 33 34 35 36 36 66 37 37 30 66 62 61 36 34 62 63 64 35 30 36 34 62 39 30 38 37 65 37 61 39 33 65 39 35 64 30 68
2017-10-02 23:16:01.152 [mp-conn-work-5-1] WARN  cxf.tcp.log -
				send msg: EC 02 02 6F 6B 31 31 39 34 30 38 63 35 30 65 37 34 30 63 36 61 66 62 61 62 34 34 32 37 33 32 30 32 65 66 63 33 68
2017-10-02 23:16:11.157 [mp-conn-work-5-1] WARN  cxf.tcp.log -
				receive msg: EC BE 0E 00 01 01 64 00 AA BD 3E 07 A0 04 C7 01 00 39 64 63 64 35 61 35 36 66 33 36 38 31 39 30 64 38 61 62 33 31 32 63 31 64 66 36 62 65 63 36 62 68
2017-10-02 23:16:11.158 [mp-conn-work-5-1] WARN  cxf.tcp.log -
				receive msg: EC BE 0E 00 01 01 64 00 AA BD 3E 07 A0 04 C7 01 00 39 64 63 64 35 61 35 36 66 33 36 38 31 39 30 64 38 61 62 33 31 32 63 31 64 66 36 62 65 63 36 62 68
2017-10-02 23:16:11.162 [mp-conn-work-5-1] WARN  cxf.tcp.log -
				send msg: EC 02 02 6F 6B 31 31 39 34 30 38 63 35 30 65 37 34 30 63 36 61 66 62 61 62 34 34 32 37 33 32 30 32 65 66 63 33 68
2017-10-02 23:16:21.167 [mp-conn-work-5-1] WARN  cxf.tcp.log -
				receive msg: EC BE 0E 00 01 01 64 00 AA BD 3E 07 AA 04 C7 01 00 39 64 63 64 35 61 35 36 66 33 36 38 31 39 30 64 38 61 62 33 31 32 63 31 64 66 36 62 65 63 36 62 68
2017-10-02 23:16:21.168 [mp-conn-work-5-1] WARN  cxf.tcp.log -
				receive msg: EC BE 0E 00 01 01 64 00 AA BD 3E 07 AA 04 C7 01 00 39 64 63 64 35 61 35 36 66 33 36 38 31 39 30 64 38 61 62 33 31 32 63 31 64 66 36 62 65 63 36 62 68
2017-10-02 23:16:21.172 [mp-conn-work-5-1] WARN  cxf.tcp.log -
				send msg: EC 02 02 6F 6B 31 31 39 34 30 38 63 35 30 65 37 34 30 63 36 61 66 62 61 62 34 34 32 37 33 32 30 32 65 66 63 33 68
2017-10-02 23:16:31.176 [mp-conn-work-5-1] WARN  cxf.tcp.log -
				receive msg: EC BE 0E 00 01 01 64 00 AA BD 3E 07 B4 04 C7 01 00 39 64 63 64 35 61 35 36 66 33 36 38 31 39 30 64 38 61 62 33 31 32 63 31 64 66 36 62 65 63 36 62 68
2017-10-02 23:16:31.177 [mp-conn-work-5-1] WARN  cxf.tcp.log -
				receive msg: EC BE 0E 00 01 01 64 00 AA BD 3E 07 B4 04 C7 01 00 39 64 63 64 35 61 35 36 66 33 36 38 31 39 30 64 38 61 62 33 31 32 63 31 64 66 36 62 65 63 36 62 68
2017-10-02 23:16:31.181 [mp-conn-work-5-1] WARN  cxf.tcp.log -
				send msg: EC 02 02 6F 6B 31 31 39 34 30 38 63 35 30 65 37 34 30 63 36 61 66 62 61 62 34 34 32 37 33 32 30 32 65 66 63 33 68
2017-10-02 23:16:41.185 [mp-conn-work-5-1] WARN  cxf.tcp.log -
				receive msg: EC BE 0E 00 01 01 64 00 AA BD 3E 07 BE 04 C7 01 00 39 64 63 64 35 61 35 36 66 33 36 38 31 39 30 64 38 61 62 33 31 32 63 31 64 66 36 62 65 63 36 62 68
2017-10-02 23:16:41.186 [mp-conn-work-5-1] WARN  cxf.tcp.log -
				receive msg: EC BE 0E 00 01 01 64 00 AA BD 3E 07 BE 04 C7 01 00 39 64 63 64 35 61 35 36 66 33 36 38 31 39 30 64 38 61 62 33 31 32 63 31 64 66 36 62 65 63 36 62 68
2017-10-02 23:16:41.190 [mp-conn-work-5-1] WARN  cxf.tcp.log -
				send msg: EC 02 02 6F 6B 31 31 39 34 30 38 63 35 30 65 37 34 30 63 36 61 66 62 61 62 34 34 32 37 33 32 30 32 65 66 63 33 68
2017-10-02 23:16:51.194 [mp-conn-work-5-1] WARN  cxf.tcp.log -
				receive msg: EC BE 0E 00 01 01 64 00 AA BD 3E 07 C8 04 C7 01 00 39 64 63 64 35 61 35 36 66 33 36 38 31 39 30 64 38 61 62 33 31 32 63 31 64 66 36 62 65 63 36 62 68
2017-10-02 23:16:51.194 [mp-conn-work-5-1] WARN  cxf.tcp.log -
				receive msg: EC BE 0E 00 01 01 64 00 AA BD 3E 07 C8 04 C7 01 00 39 64 63 64 35 61 35 36 66 33 36 38 31 39 30 64 38 61 62 33 31 32 63 31 64 66 36 62 65 63 36 62 68
2017-10-02 23:16:51.198 [mp-conn-work-5-1] WARN  cxf.tcp.log -
				send msg: EC 02 02 6F 6B 31 31 39 34 30 38 63 35 30 65 37 34 30 63 36 61 66 62 61 62 34 34 32 37 33 32 30 32 65 66 63 33 68
2017-10-02 23:17:01.203 [mp-conn-work-5-1] WARN  cxf.tcp.log -
				receive msg: EC BE 0E 00 01 01 64 00 AA BD 3E 07 D2 04 C7 01 00 39 64 63 64 35 61 35 36 66 33 36 38 31 39 30 64 38 61 62 33 31 32 63 31 64 66 36 62 65 63 36 62 68
2017-10-02 23:17:01.203 [mp-conn-work-5-1] WARN  cxf.tcp.log -
				receive msg: EC BE 0E 00 01 01 64 00 AA BD 3E 07 D2 04 C7 01 00 39 64 63 64 35 61 35 36 66 33 36 38 31 39 30 64 38 61 62 33 31 32 63 31 64 66 36 62 65 63 36 62 68
2017-10-02 23:17:01.207 [mp-conn-work-5-1] WARN  cxf.tcp.log -
				send msg: EC 02 02 6F 6B 31 31 39 34 30 38 63 35 30 65 37 34 30 63 36 61 66 62 61 62 34 34 32 37 33 32 30 32 65 66 63 33 68
2017-10-02 23:17:11.210 [mp-conn-work-5-1] WARN  cxf.tcp.log -
				receive msg: EC BE 0E 00 01 01 64 00 AA BD 3E 07 DC 04 C7 01 00 39 64 63 64 35 61 35 36 66 33 36 38 31 39 30 64 38 61 62 33 31 32 63 31 64 66 36 62 65 63 36 62 68
2017-10-02 23:17:11.210 [mp-conn-work-5-1] WARN  cxf.tcp.log -
				receive msg: EC BE 0E 00 01 01 64 00 AA BD 3E 07 DC 04 C7 01 00 39 64 63 64 35 61 35 36 66 33 36 38 31 39 30 64 38 61 62 33 31 32 63 31 64 66 36 62 65 63 36 62 68
2017-10-02 23:17:11.213 [mp-conn-work-5-1] WARN  cxf.tcp.log -
				send msg: EC 02 02 6F 6B 31 31 39 34 30 38 63 35 30 65 37 34 30 63 36 61 66 62 61 62 34 34 32 37 33 32 30 32 65 66 63 33 68
2017-10-02 23:21:48.084 [mp-conn-work-5-1] WARN  cxf.tcp.log -
				receive msg: EC 01 06 31 32 33 34 35 36 36 66 37 37 30 66 62 61 36 34 62 63 64 35 30 36 34 62 39 30 38 37 65 37 61 39 33 65 39 35 64 30 68
2017-10-02 23:21:48.085 [mp-conn-work-5-1] WARN  cxf.tcp.log -
				receive msg: EC 01 06 31 32 33 34 35 36 36 66 37 37 30 66 62 61 36 34 62 63 64 35 30 36 34 62 39 30 38 37 65 37 61 39 33 65 39 35 64 30 68
2017-10-02 23:21:48.099 [mp-conn-work-5-1] WARN  cxf.tcp.log -
				send msg: EC 02 02 6F 6B 31 31 39 34 30 38 63 35 30 65 37 34 30 63 36 61 66 62 61 62 34 34 32 37 33 32 30 32 65 66 63 33 68
2017-10-02 23:21:58.104 [mp-conn-work-5-1] WARN  cxf.tcp.log -
				receive msg: EC BE 0E 00 01 01 64 00 AA BD 3E 07 A0 04 C7 01 00 39 64 63 64 35 61 35 36 66 33 36 38 31 39 30 64 38 61 62 33 31 32 63 31 64 66 36 62 65 63 36 62 68
2017-10-02 23:21:58.105 [mp-conn-work-5-1] WARN  cxf.tcp.log -
				receive msg: EC BE 0E 00 01 01 64 00 AA BD 3E 07 A0 04 C7 01 00 39 64 63 64 35 61 35 36 66 33 36 38 31 39 30 64 38 61 62 33 31 32 63 31 64 66 36 62 65 63 36 62 68
2017-10-02 23:21:58.110 [mp-conn-work-5-1] WARN  cxf.tcp.log -
				send msg: EC 02 02 6F 6B 31 31 39 34 30 38 63 35 30 65 37 34 30 63 36 61 66 62 61 62 34 34 32 37 33 32 30 32 65 66 63 33 68
2017-10-02 23:22:08.115 [mp-conn-work-5-1] WARN  cxf.tcp.log -
				receive msg: EC BE 0E 00 01 01 64 00 AA BD 3E 07 AA 04 C7 01 00 39 64 63 64 35 61 35 36 66 33 36 38 31 39 30 64 38 61 62 33 31 32 63 31 64 66 36 62 65 63 36 62 68
2017-10-02 23:22:08.115 [mp-conn-work-5-1] WARN  cxf.tcp.log -
				receive msg: EC BE 0E 00 01 01 64 00 AA BD 3E 07 AA 04 C7 01 00 39 64 63 64 35 61 35 36 66 33 36 38 31 39 30 64 38 61 62 33 31 32 63 31 64 66 36 62 65 63 36 62 68
2017-10-02 23:22:08.119 [mp-conn-work-5-1] WARN  cxf.tcp.log -
				send msg: EC 02 02 6F 6B 31 31 39 34 30 38 63 35 30 65 37 34 30 63 36 61 66 62 61 62 34 34 32 37 33 32 30 32 65 66 63 33 68
2017-10-02 23:22:09.686 [mp-conn-work-5-1] WARN  cxf.tcp.log -
				send msg: EC 03 03 31 30 30 33 32 37 63 30 33 36 64 61 36 65 65 37 31 36 34 61 38 36 36 31 35 62 64 62 39 39 30 38 66 35 64 68
2017-10-02 23:22:18.121 [mp-conn-work-5-1] WARN  cxf.tcp.log -
				receive msg: EC BE 0E 00 01 01 64 00 AA BD 3E 07 B4 04 C7 01 00 39 64 63 64 35 61 35 36 66 33 36 38 31 39 30 64 38 61 62 33 31 32 63 31 64 66 36 62 65 63 36 62 68
2017-10-02 23:22:18.122 [mp-conn-work-5-1] WARN  cxf.tcp.log -
				receive msg: EC BE 0E 00 01 01 64 00 AA BD 3E 07 B4 04 C7 01 00 39 64 63 64 35 61 35 36 66 33 36 38 31 39 30 64 38 61 62 33 31 32 63 31 64 66 36 62 65 63 36 62 68
2017-10-02 23:22:18.125 [mp-conn-work-5-1] WARN  cxf.tcp.log -
				send msg: EC 02 02 6F 6B 31 31 39 34 30 38 63 35 30 65 37 34 30 63 36 61 66 62 61 62 34 34 32 37 33 32 30 32 65 66 63 33 68
2017-10-02 23:22:28.122 [mp-conn-work-5-1] WARN  cxf.tcp.log -
				receive msg: EC BE 0E 00 01 01 64 00 AA BD 3E 07 BE 04 C7 01 00 39 64 63 64 35 61 35 36 66 33 36 38 31 39 30 64 38 61 62 33 31 32 63 31 64 66 36 62 65 63 36 62 68
2017-10-02 23:22:28.123 [mp-conn-work-5-1] WARN  cxf.tcp.log -
				receive msg: EC BE 0E 00 01 01 64 00 AA BD 3E 07 BE 04 C7 01 00 39 64 63 64 35 61 35 36 66 33 36 38 31 39 30 64 38 61 62 33 31 32 63 31 64 66 36 62 65 63 36 62 68
2017-10-02 23:22:28.125 [mp-conn-work-5-1] WARN  cxf.tcp.log -
				send msg: EC 02 02 6F 6B 31 31 39 34 30 38 63 35 30 65 37 34 30 63 36 61 66 62 61 62 34 34 32 37 33 32 30 32 65 66 63 33 68
2017-10-02 23:22:38.125 [mp-conn-work-5-1] WARN  cxf.tcp.log -
				receive msg: EC BE 0E 00 01 01 64 00 AA BD 3E 07 C8 04 C7 01 00 39 64 63 64 35 61 35 36 66 33 36 38 31 39 30 64 38 61 62 33 31 32 63 31 64 66 36 62 65 63 36 62 68
2017-10-02 23:22:38.126 [mp-conn-work-5-1] WARN  cxf.tcp.log -
				receive msg: EC BE 0E 00 01 01 64 00 AA BD 3E 07 C8 04 C7 01 00 39 64 63 64 35 61 35 36 66 33 36 38 31 39 30 64 38 61 62 33 31 32 63 31 64 66 36 62 65 63 36 62 68
2017-10-02 23:22:38.131 [mp-conn-work-5-1] WARN  cxf.tcp.log -
				send msg: EC 02 02 6F 6B 31 31 39 34 30 38 63 35 30 65 37 34 30 63 36 61 66 62 61 62 34 34 32 37 33 32 30 32 65 66 63 33 68
2017-10-02 23:22:48.128 [mp-conn-work-5-1] WARN  cxf.tcp.log -
				receive msg: EC BE 0E 00 01 01 64 00 AA BD 3E 07 D2 04 C7 01 00 39 64 63 64 35 61 35 36 66 33 36 38 31 39 30 64 38 61 62 33 31 32 63 31 64 66 36 62 65 63 36 62 68
2017-10-02 23:22:48.129 [mp-conn-work-5-1] WARN  cxf.tcp.log -
				receive msg: EC BE 0E 00 01 01 64 00 AA BD 3E 07 D2 04 C7 01 00 39 64 63 64 35 61 35 36 66 33 36 38 31 39 30 64 38 61 62 33 31 32 63 31 64 66 36 62 65 63 36 62 68
2017-10-02 23:22:48.133 [mp-conn-work-5-1] WARN  cxf.tcp.log -
				send msg: EC 02 02 6F 6B 31 31 39 34 30 38 63 35 30 65 37 34 30 63 36 61 66 62 61 62 34 34 32 37 33 32 30 32 65 66 63 33 68
2017-10-02 23:22:58.132 [mp-conn-work-5-1] WARN  cxf.tcp.log -
				receive msg: EC BE 0E 00 01 01 64 00 AA BD 3E 07 DC 04 C7 01 00 39 64 63 64 35 61 35 36 66 33 36 38 31 39 30 64 38 61 62 33 31 32 63 31 64 66 36 62 65 63 36 62 68
2017-10-02 23:22:58.132 [mp-conn-work-5-1] WARN  cxf.tcp.log -
				receive msg: EC BE 0E 00 01 01 64 00 AA BD 3E 07 DC 04 C7 01 00 39 64 63 64 35 61 35 36 66 33 36 38 31 39 30 64 38 61 62 33 31 32 63 31 64 66 36 62 65 63 36 62 68
2017-10-02 23:22:58.145 [mp-conn-work-5-1] WARN  cxf.tcp.log -
				send msg: EC 02 02 6F 6B 31 31 39 34 30 38 63 35 30 65 37 34 30 63 36 61 66 62 61 62 34 34 32 37 33 32 30 32 65 66 63 33 68
2017-10-02 23:23:08.144 [mp-conn-work-5-1] WARN  cxf.tcp.log -
				receive msg: EC BE 0E 00 01 01 64 00 AA BD 3E 07 E6 04 C7 01 00 39 64 63 64 35 61 35 36 66 33 36 38 31 39 30 64 38 61 62 33 31 32 63 31 64 66 36 62 65 63 36 62 68
2017-10-02 23:23:08.145 [mp-conn-work-5-1] WARN  cxf.tcp.log -
				receive msg: EC BE 0E 00 01 01 64 00 AA BD 3E 07 E6 04 C7 01 00 39 64 63 64 35 61 35 36 66 33 36 38 31 39 30 64 38 61 62 33 31 32 63 31 64 66 36 62 65 63 36 62 68
2017-10-02 23:23:08.148 [mp-conn-work-5-1] WARN  cxf.tcp.log -
				send msg: EC 02 02 6F 6B 31 31 39 34 30 38 63 35 30 65 37 34 30 63 36 61 66 62 61 62 34 34 32 37 33 32 30 32 65 66 63 33 68
2017-10-02 23:23:18.147 [mp-conn-work-5-1] WARN  cxf.tcp.log -
				receive msg: EC BE 0E 00 01 01 64 00 AA BD 3E 07 F0 04 C7 01 00 39 64 63 64 35 61 35 36 66 33 36 38 31 39 30 64 38 61 62 33 31 32 63 31 64 66 36 62 65 63 36 62 68
2017-10-02 23:23:18.148 [mp-conn-work-5-1] WARN  cxf.tcp.log -
				receive msg: EC BE 0E 00 01 01 64 00 AA BD 3E 07 F0 04 C7 01 00 39 64 63 64 35 61 35 36 66 33 36 38 31 39 30 64 38 61 62 33 31 32 63 31 64 66 36 62 65 63 36 62 68
2017-10-02 23:23:18.150 [mp-conn-work-5-1] WARN  cxf.tcp.log -
				send msg: EC 02 02 6F 6B 31 31 39 34 30 38 63 35 30 65 37 34 30 63 36 61 66 62 61 62 34 34 32 37 33 32 30 32 65 66 63 33 68
2017-10-02 23:23:28.149 [mp-conn-work-5-1] WARN  cxf.tcp.log -
				receive msg: EC BE 0E 00 01 01 64 00 AA BD 3E 07 FA 04 C7 01 00 39 64 63 64 35 61 35 36 66 33 36 38 31 39 30 64 38 61 62 33 31 32 63 31 64 66 36 62 65 63 36 62 68
2017-10-02 23:23:28.149 [mp-conn-work-5-1] WARN  cxf.tcp.log -
				receive msg: EC BE 0E 00 01 01 64 00 AA BD 3E 07 FA 04 C7 01 00 39 64 63 64 35 61 35 36 66 33 36 38 31 39 30 64 38 61 62 33 31 32 63 31 64 66 36 62 65 63 36 62 68
2017-10-02 23:23:28.151 [mp-conn-work-5-1] WARN  cxf.tcp.log -
				send msg: EC 02 02 6F 6B 31 31 39 34 30 38 63 35 30 65 37 34 30 63 36 61 66 62 61 62 34 34 32 37 33 32 30 32 65 66 63 33 68
2017-10-02 23:26:04.085 [mp-conn-work-5-2] WARN  cxf.tcp.log -
				receive msg: EC 01 06 31 32 33 34 35 36 36 66 37 37 30 66 62 61 36 34 62 63 64 35 30 36 34 62 39 30 38 37 65 37 61 39 33 65 39 35 64 30 68
2017-10-02 23:26:04.085 [mp-conn-work-5-2] WARN  cxf.tcp.log -
				receive msg: EC 01 06 31 32 33 34 35 36 36 66 37 37 30 66 62 61 36 34 62 63 64 35 30 36 34 62 39 30 38 37 65 37 61 39 33 65 39 35 64 30 68
2017-10-02 23:26:04.086 [mp-conn-work-5-2] WARN  cxf.tcp.log -
				send msg: EC 02 02 6F 6B 31 31 39 34 30 38 63 35 30 65 37 34 30 63 36 61 66 62 61 62 34 34 32 37 33 32 30 32 65 66 63 33 68
2017-10-02 23:26:25.404 [mp-conn-work-5-1] WARN  cxf.tcp.log -
				receive msg: EC 01 06 31 32 33 34 35 36 36 66 37 37 30 66 62 61 36 34 62 63 64 35 30 36 34 62 39 30 38 37 65 37 61 39 33 65 39 35 64 30 68
2017-10-02 23:26:25.405 [mp-conn-work-5-1] WARN  cxf.tcp.log -
				receive msg: EC 01 06 31 32 33 34 35 36 36 66 37 37 30 66 62 61 36 34 62 63 64 35 30 36 34 62 39 30 38 37 65 37 61 39 33 65 39 35 64 30 68
2017-10-02 23:26:25.429 [mp-conn-work-5-1] WARN  cxf.tcp.log -
				send msg: EC 02 02 6F 6B 31 31 39 34 30 38 63 35 30 65 37 34 30 63 36 61 66 62 61 62 34 34 32 37 33 32 30 32 65 66 63 33 68
2017-10-02 23:26:35.435 [mp-conn-work-5-1] WARN  cxf.tcp.log -
				receive msg: EC BE 0E 00 01 01 64 00 AA BD 3E 07 A0 04 C7 01 00 39 64 63 64 35 61 35 36 66 33 36 38 31 39 30 64 38 61 62 33 31 32 63 31 64 66 36 62 65 63 36 62 68
2017-10-02 23:26:35.436 [mp-conn-work-5-1] WARN  cxf.tcp.log -
				receive msg: EC BE 0E 00 01 01 64 00 AA BD 3E 07 A0 04 C7 01 00 39 64 63 64 35 61 35 36 66 33 36 38 31 39 30 64 38 61 62 33 31 32 63 31 64 66 36 62 65 63 36 62 68
2017-10-02 23:26:35.438 [mp-conn-work-5-1] WARN  cxf.tcp.log -
				send msg: EC 02 02 6F 6B 31 31 39 34 30 38 63 35 30 65 37 34 30 63 36 61 66 62 61 62 34 34 32 37 33 32 30 32 65 66 63 33 68
2017-10-02 23:26:45.442 [mp-conn-work-5-1] WARN  cxf.tcp.log -
				receive msg: EC BE 0E 00 01 01 64 00 AA BD 3E 07 AA 04 C7 01 00 39 64 63 64 35 61 35 36 66 33 36 38 31 39 30 64 38 61 62 33 31 32 63 31 64 66 36 62 65 63 36 62 68
2017-10-02 23:26:45.443 [mp-conn-work-5-1] WARN  cxf.tcp.log -
				receive msg: EC BE 0E 00 01 01 64 00 AA BD 3E 07 AA 04 C7 01 00 39 64 63 64 35 61 35 36 66 33 36 38 31 39 30 64 38 61 62 33 31 32 63 31 64 66 36 62 65 63 36 62 68
2017-10-02 23:26:45.447 [mp-conn-work-5-1] WARN  cxf.tcp.log -
				send msg: EC 02 02 6F 6B 31 31 39 34 30 38 63 35 30 65 37 34 30 63 36 61 66 62 61 62 34 34 32 37 33 32 30 32 65 66 63 33 68
2017-10-02 23:26:55.450 [mp-conn-work-5-1] WARN  cxf.tcp.log -
				receive msg: EC BE 0E 00 01 01 64 00 AA BD 3E 07 B4 04 C7 01 00 39 64 63 64 35 61 35 36 66 33 36 38 31 39 30 64 38 61 62 33 31 32 63 31 64 66 36 62 65 63 36 62 68
2017-10-02 23:26:55.451 [mp-conn-work-5-1] WARN  cxf.tcp.log -
				receive msg: EC BE 0E 00 01 01 64 00 AA BD 3E 07 B4 04 C7 01 00 39 64 63 64 35 61 35 36 66 33 36 38 31 39 30 64 38 61 62 33 31 32 63 31 64 66 36 62 65 63 36 62 68
2017-10-02 23:26:55.453 [mp-conn-work-5-1] WARN  cxf.tcp.log -
				send msg: EC 02 02 6F 6B 31 31 39 34 30 38 63 35 30 65 37 34 30 63 36 61 66 62 61 62 34 34 32 37 33 32 30 32 65 66 63 33 68
2017-10-02 23:26:59.944 [mp-conn-work-5-1] WARN  cxf.tcp.log -
				send msg: EC 03 03 31 30 30 33 32 37 63 30 33 36 64 61 36 65 65 37 31 36 34 61 38 36 36 31 35 62 64 62 39 39 30 38 66 35 64 68
2017-10-02 23:27:05.456 [mp-conn-work-5-1] WARN  cxf.tcp.log -
				receive msg: EC BE 0E 00 01 01 64 00 AA BD 3E 07 BE 04 C7 01 00 39 64 63 64 35 61 35 36 66 33 36 38 31 39 30 64 38 61 62 33 31 32 63 31 64 66 36 62 65 63 36 62 68
2017-10-02 23:27:05.456 [mp-conn-work-5-1] WARN  cxf.tcp.log -
				receive msg: EC BE 0E 00 01 01 64 00 AA BD 3E 07 BE 04 C7 01 00 39 64 63 64 35 61 35 36 66 33 36 38 31 39 30 64 38 61 62 33 31 32 63 31 64 66 36 62 65 63 36 62 68
2017-10-02 23:27:05.458 [mp-conn-work-5-1] WARN  cxf.tcp.log -
				send msg: EC 02 02 6F 6B 31 31 39 34 30 38 63 35 30 65 37 34 30 63 36 61 66 62 61 62 34 34 32 37 33 32 30 32 65 66 63 33 68
2017-10-02 23:27:15.459 [mp-conn-work-5-1] WARN  cxf.tcp.log -
				receive msg: EC BE 0E 00 01 01 64 00 AA BD 3E 07 C8 04 C7 01 00 39 64 63 64 35 61 35 36 66 33 36 38 31 39 30 64 38 61 62 33 31 32 63 31 64 66 36 62 65 63 36 62 68
2017-10-02 23:27:15.460 [mp-conn-work-5-1] WARN  cxf.tcp.log -
				receive msg: EC BE 0E 00 01 01 64 00 AA BD 3E 07 C8 04 C7 01 00 39 64 63 64 35 61 35 36 66 33 36 38 31 39 30 64 38 61 62 33 31 32 63 31 64 66 36 62 65 63 36 62 68
2017-10-02 23:27:15.463 [mp-conn-work-5-1] WARN  cxf.tcp.log -
				send msg: EC 02 02 6F 6B 31 31 39 34 30 38 63 35 30 65 37 34 30 63 36 61 66 62 61 62 34 34 32 37 33 32 30 32 65 66 63 33 68
2017-10-02 23:27:25.462 [mp-conn-work-5-1] WARN  cxf.tcp.log -
				receive msg: EC BE 0E 00 01 01 64 00 AA BD 3E 07 D2 04 C7 01 00 39 64 63 64 35 61 35 36 66 33 36 38 31 39 30 64 38 61 62 33 31 32 63 31 64 66 36 62 65 63 36 62 68
2017-10-02 23:27:25.463 [mp-conn-work-5-1] WARN  cxf.tcp.log -
				receive msg: EC BE 0E 00 01 01 64 00 AA BD 3E 07 D2 04 C7 01 00 39 64 63 64 35 61 35 36 66 33 36 38 31 39 30 64 38 61 62 33 31 32 63 31 64 66 36 62 65 63 36 62 68
2017-10-02 23:27:25.467 [mp-conn-work-5-1] WARN  cxf.tcp.log -
				send msg: EC 02 02 6F 6B 31 31 39 34 30 38 63 35 30 65 37 34 30 63 36 61 66 62 61 62 34 34 32 37 33 32 30 32 65 66 63 33 68
2017-10-02 23:27:35.466 [mp-conn-work-5-1] WARN  cxf.tcp.log -
				receive msg: EC BE 0E 00 01 01 64 00 AA BD 3E 07 DC 04 C7 01 00 39 64 63 64 35 61 35 36 66 33 36 38 31 39 30 64 38 61 62 33 31 32 63 31 64 66 36 62 65 63 36 62 68
2017-10-02 23:27:35.467 [mp-conn-work-5-1] WARN  cxf.tcp.log -
				receive msg: EC BE 0E 00 01 01 64 00 AA BD 3E 07 DC 04 C7 01 00 39 64 63 64 35 61 35 36 66 33 36 38 31 39 30 64 38 61 62 33 31 32 63 31 64 66 36 62 65 63 36 62 68
2017-10-02 23:27:35.480 [mp-conn-work-5-1] WARN  cxf.tcp.log -
				send msg: EC 02 02 6F 6B 31 31 39 34 30 38 63 35 30 65 37 34 30 63 36 61 66 62 61 62 34 34 32 37 33 32 30 32 65 66 63 33 68
2017-10-02 23:27:45.479 [mp-conn-work-5-1] WARN  cxf.tcp.log -
				receive msg: EC BE 0E 00 01 01 64 00 AA BD 3E 07 E6 04 C7 01 00 39 64 63 64 35 61 35 36 66 33 36 38 31 39 30 64 38 61 62 33 31 32 63 31 64 66 36 62 65 63 36 62 68
2017-10-02 23:27:45.480 [mp-conn-work-5-1] WARN  cxf.tcp.log -
				receive msg: EC BE 0E 00 01 01 64 00 AA BD 3E 07 E6 04 C7 01 00 39 64 63 64 35 61 35 36 66 33 36 38 31 39 30 64 38 61 62 33 31 32 63 31 64 66 36 62 65 63 36 62 68
2017-10-02 23:27:45.483 [mp-conn-work-5-1] WARN  cxf.tcp.log -
				send msg: EC 02 02 6F 6B 31 31 39 34 30 38 63 35 30 65 37 34 30 63 36 61 66 62 61 62 34 34 32 37 33 32 30 32 65 66 63 33 68
2017-10-02 23:27:55.483 [mp-conn-work-5-1] WARN  cxf.tcp.log -
				receive msg: EC BE 0E 00 01 01 64 00 AA BD 3E 07 F0 04 C7 01 00 39 64 63 64 35 61 35 36 66 33 36 38 31 39 30 64 38 61 62 33 31 32 63 31 64 66 36 62 65 63 36 62 68
2017-10-02 23:27:55.484 [mp-conn-work-5-1] WARN  cxf.tcp.log -
				receive msg: EC BE 0E 00 01 01 64 00 AA BD 3E 07 F0 04 C7 01 00 39 64 63 64 35 61 35 36 66 33 36 38 31 39 30 64 38 61 62 33 31 32 63 31 64 66 36 62 65 63 36 62 68
2017-10-02 23:27:55.487 [mp-conn-work-5-1] WARN  cxf.tcp.log -
				send msg: EC 02 02 6F 6B 31 31 39 34 30 38 63 35 30 65 37 34 30 63 36 61 66 62 61 62 34 34 32 37 33 32 30 32 65 66 63 33 68
2017-10-02 23:28:05.486 [mp-conn-work-5-1] WARN  cxf.tcp.log -
				receive msg: EC BE 0E 00 01 01 64 00 AA BD 3E 07 FA 04 C7 01 00 39 64 63 64 35 61 35 36 66 33 36 38 31 39 30 64 38 61 62 33 31 32 63 31 64 66 36 62 65 63 36 62 68
2017-10-02 23:28:05.487 [mp-conn-work-5-1] WARN  cxf.tcp.log -
				receive msg: EC BE 0E 00 01 01 64 00 AA BD 3E 07 FA 04 C7 01 00 39 64 63 64 35 61 35 36 66 33 36 38 31 39 30 64 38 61 62 33 31 32 63 31 64 66 36 62 65 63 36 62 68
2017-10-02 23:28:05.490 [mp-conn-work-5-1] WARN  cxf.tcp.log -
				send msg: EC 02 02 6F 6B 31 31 39 34 30 38 63 35 30 65 37 34 30 63 36 61 66 62 61 62 34 34 32 37 33 32 30 32 65 66 63 33 68
2017-10-02 23:32:08.425 [mp-conn-work-5-1] WARN  cxf.tcp.log -
				receive msg: EC 01 06 31 32 33 34 35 36 36 66 37 37 30 66 62 61 36 34 62 63 64 35 30 36 34 62 39 30 38 37 65 37 61 39 33 65 39 35 64 30 68
2017-10-02 23:32:08.425 [mp-conn-work-5-1] WARN  cxf.tcp.log -
				receive msg: EC 01 06 31 32 33 34 35 36 36 66 37 37 30 66 62 61 36 34 62 63 64 35 30 36 34 62 39 30 38 37 65 37 61 39 33 65 39 35 64 30 68
2017-10-02 23:32:08.439 [mp-conn-work-5-1] WARN  cxf.tcp.log -
				send msg: EC 02 02 6F 6B 31 31 39 34 30 38 63 35 30 65 37 34 30 63 36 61 66 62 61 62 34 34 32 37 33 32 30 32 65 66 63 33 68
2017-10-02 23:32:43.847 [mp-conn-work-5-1] WARN  cxf.tcp.log -
				send msg: EC 03 03 31 30 30 33 32 37 63 30 33 36 64 61 36 65 65 37 31 36 34 61 38 36 36 31 35 62 64 62 39 39 30 38 66 35 64 68
2017-10-02 23:37:35.610 [mp-conn-work-5-1] WARN  cxf.tcp.log -
				receive msg: EC 01 06 31 32 33 34 35 36 36 66 37 37 30 66 62 61 36 34 62 63 64 35 30 36 34 62 39 30 38 37 65 37 61 39 33 65 39 35 64 30 68
2017-10-02 23:37:35.610 [mp-conn-work-5-1] WARN  cxf.tcp.log -
				receive msg: EC 01 06 31 32 33 34 35 36 36 66 37 37 30 66 62 61 36 34 62 63 64 35 30 36 34 62 39 30 38 37 65 37 61 39 33 65 39 35 64 30 68
2017-10-02 23:37:35.625 [mp-conn-work-5-1] WARN  cxf.tcp.log -
				send msg: EC 02 02 6F 6B 31 31 39 34 30 38 63 35 30 65 37 34 30 63 36 61 66 62 61 62 34 34 32 37 33 32 30 32 65 66 63 33 68
2017-10-02 23:37:47.541 [mp-conn-work-5-1] WARN  cxf.tcp.log -
				send msg: EC 03 03 31 30 30 33 32 37 63 30 33 36 64 61 36 65 65 37 31 36 34 61 38 36 36 31 35 62 64 62 39 39 30 38 66 35 64 68
2017-10-02 23:39:39.483 [mp-conn-work-5-2] WARN  cxf.tcp.log -
				receive msg: EC 01 06 31 32 33 34 35 36 36 66 37 37 30 66 62 61 36 34 62 63 64 35 30 36 34 62 39 30 38 37 65 37 61 39 33 65 39 35 64 30 68
2017-10-02 23:39:39.483 [mp-conn-work-5-2] WARN  cxf.tcp.log -
				receive msg: EC 01 06 31 32 33 34 35 36 36 66 37 37 30 66 62 61 36 34 62 63 64 35 30 36 34 62 39 30 38 37 65 37 61 39 33 65 39 35 64 30 68
2017-10-02 23:39:39.484 [mp-conn-work-5-2] WARN  cxf.tcp.log -
				send msg: EC 02 02 6F 6B 31 31 39 34 30 38 63 35 30 65 37 34 30 63 36 61 66 62 61 62 34 34 32 37 33 32 30 32 65 66 63 33 68
2017-10-02 23:39:49.488 [mp-conn-work-5-2] WARN  cxf.tcp.log -
				receive msg: EC BE 0E 00 01 01 64 00 AA BD 3E 07 A0 04 C7 01 00 39 64 63 64 35 61 35 36 66 33 36 38 31 39 30 64 38 61 62 33 31 32 63 31 64 66 36 62 65 63 36 62 68
2017-10-02 23:39:49.489 [mp-conn-work-5-2] WARN  cxf.tcp.log -
				receive msg: EC BE 0E 00 01 01 64 00 AA BD 3E 07 A0 04 C7 01 00 39 64 63 64 35 61 35 36 66 33 36 38 31 39 30 64 38 61 62 33 31 32 63 31 64 66 36 62 65 63 36 62 68
2017-10-02 23:39:49.490 [mp-conn-work-5-2] WARN  cxf.tcp.log -
				send msg: EC 02 02 6F 6B 31 31 39 34 30 38 63 35 30 65 37 34 30 63 36 61 66 62 61 62 34 34 32 37 33 32 30 32 65 66 63 33 68
2017-10-02 23:39:52.719 [mp-conn-work-5-2] WARN  cxf.tcp.log -
				send msg: EC 03 03 31 30 30 33 32 37 63 30 33 36 64 61 36 65 65 37 31 36 34 61 38 36 36 31 35 62 64 62 39 39 30 38 66 35 64 68
2017-10-02 23:39:59.491 [mp-conn-work-5-2] WARN  cxf.tcp.log -
				receive msg: EC BE 0E 00 01 01 64 00 AA BD 3E 07 AA 04 C7 01 00 39 64 63 64 35 61 35 36 66 33 36 38 31 39 30 64 38 61 62 33 31 32 63 31 64 66 36 62 65 63 36 62 68
2017-10-02 23:39:59.491 [mp-conn-work-5-2] WARN  cxf.tcp.log -
				receive msg: EC BE 0E 00 01 01 64 00 AA BD 3E 07 AA 04 C7 01 00 39 64 63 64 35 61 35 36 66 33 36 38 31 39 30 64 38 61 62 33 31 32 63 31 64 66 36 62 65 63 36 62 68
2017-10-02 23:39:59.494 [mp-conn-work-5-2] WARN  cxf.tcp.log -
				send msg: EC 02 02 6F 6B 31 31 39 34 30 38 63 35 30 65 37 34 30 63 36 61 66 62 61 62 34 34 32 37 33 32 30 32 65 66 63 33 68
2017-10-02 23:40:09.494 [mp-conn-work-5-2] WARN  cxf.tcp.log -
				receive msg: EC BE 0E 00 01 01 64 00 AA BD 3E 07 B4 04 C7 01 00 39 64 63 64 35 61 35 36 66 33 36 38 31 39 30 64 38 61 62 33 31 32 63 31 64 66 36 62 65 63 36 62 68
2017-10-02 23:40:09.495 [mp-conn-work-5-2] WARN  cxf.tcp.log -
				receive msg: EC BE 0E 00 01 01 64 00 AA BD 3E 07 B4 04 C7 01 00 39 64 63 64 35 61 35 36 66 33 36 38 31 39 30 64 38 61 62 33 31 32 63 31 64 66 36 62 65 63 36 62 68
2017-10-02 23:40:09.498 [mp-conn-work-5-2] WARN  cxf.tcp.log -
				send msg: EC 02 02 6F 6B 31 31 39 34 30 38 63 35 30 65 37 34 30 63 36 61 66 62 61 62 34 34 32 37 33 32 30 32 65 66 63 33 68
2017-10-02 23:40:19.498 [mp-conn-work-5-2] WARN  cxf.tcp.log -
				receive msg: EC BE 0E 00 01 01 64 00 AA BD 3E 07 BE 04 C7 01 00 39 64 63 64 35 61 35 36 66 33 36 38 31 39 30 64 38 61 62 33 31 32 63 31 64 66 36 62 65 63 36 62 68
2017-10-02 23:40:19.499 [mp-conn-work-5-2] WARN  cxf.tcp.log -
				receive msg: EC BE 0E 00 01 01 64 00 AA BD 3E 07 BE 04 C7 01 00 39 64 63 64 35 61 35 36 66 33 36 38 31 39 30 64 38 61 62 33 31 32 63 31 64 66 36 62 65 63 36 62 68
2017-10-02 23:40:19.503 [mp-conn-work-5-2] WARN  cxf.tcp.log -
				send msg: EC 02 02 6F 6B 31 31 39 34 30 38 63 35 30 65 37 34 30 63 36 61 66 62 61 62 34 34 32 37 33 32 30 32 65 66 63 33 68
2017-10-02 23:40:29.500 [mp-conn-work-5-2] WARN  cxf.tcp.log -
				receive msg: EC BE 0E 00 01 01 64 00 AA BD 3E 07 C8 04 C7 01 00 39 64 63 64 35 61 35 36 66 33 36 38 31 39 30 64 38 61 62 33 31 32 63 31 64 66 36 62 65 63 36 62 68
2017-10-02 23:40:29.501 [mp-conn-work-5-2] WARN  cxf.tcp.log -
				receive msg: EC BE 0E 00 01 01 64 00 AA BD 3E 07 C8 04 C7 01 00 39 64 63 64 35 61 35 36 66 33 36 38 31 39 30 64 38 61 62 33 31 32 63 31 64 66 36 62 65 63 36 62 68
2017-10-02 23:40:29.513 [mp-conn-work-5-2] WARN  cxf.tcp.log -
				send msg: EC 02 02 6F 6B 31 31 39 34 30 38 63 35 30 65 37 34 30 63 36 61 66 62 61 62 34 34 32 37 33 32 30 32 65 66 63 33 68
2017-10-02 23:40:39.502 [mp-conn-work-5-2] WARN  cxf.tcp.log -
				receive msg: EC BE 0E 00 01 01 64 00 AA BD 3E 07 D2 04 C7 01 00 39 64 63 64 35 61 35 36 66 33 36 38 31 39 30 64 38 61 62 33 31 32 63 31 64 66 36 62 65 63 36 62 68
2017-10-02 23:40:39.502 [mp-conn-work-5-2] WARN  cxf.tcp.log -
				receive msg: EC BE 0E 00 01 01 64 00 AA BD 3E 07 D2 04 C7 01 00 39 64 63 64 35 61 35 36 66 33 36 38 31 39 30 64 38 61 62 33 31 32 63 31 64 66 36 62 65 63 36 62 68
2017-10-02 23:40:39.503 [mp-conn-work-5-2] WARN  cxf.tcp.log -
				send msg: EC 02 02 6F 6B 31 31 39 34 30 38 63 35 30 65 37 34 30 63 36 61 66 62 61 62 34 34 32 37 33 32 30 32 65 66 63 33 68
2017-10-02 23:40:49.504 [mp-conn-work-5-2] WARN  cxf.tcp.log -
				receive msg: EC BE 0E 00 01 01 64 00 AA BD 3E 07 DC 04 C7 01 00 39 64 63 64 35 61 35 36 66 33 36 38 31 39 30 64 38 61 62 33 31 32 63 31 64 66 36 62 65 63 36 62 68
2017-10-02 23:40:49.505 [mp-conn-work-5-2] WARN  cxf.tcp.log -
				receive msg: EC BE 0E 00 01 01 64 00 AA BD 3E 07 DC 04 C7 01 00 39 64 63 64 35 61 35 36 66 33 36 38 31 39 30 64 38 61 62 33 31 32 63 31 64 66 36 62 65 63 36 62 68
2017-10-02 23:40:49.506 [mp-conn-work-5-2] WARN  cxf.tcp.log -
				send msg: EC 02 02 6F 6B 31 31 39 34 30 38 63 35 30 65 37 34 30 63 36 61 66 62 61 62 34 34 32 37 33 32 30 32 65 66 63 33 68
2017-10-02 23:40:59.508 [mp-conn-work-5-2] WARN  cxf.tcp.log -
				receive msg: EC BE 0E 00 01 01 64 00 AA BD 3E 07 E6 04 C7 01 00 39 64 63 64 35 61 35 36 66 33 36 38 31 39 30 64 38 61 62 33 31 32 63 31 64 66 36 62 65 63 36 62 68
2017-10-02 23:40:59.508 [mp-conn-work-5-2] WARN  cxf.tcp.log -
				receive msg: EC BE 0E 00 01 01 64 00 AA BD 3E 07 E6 04 C7 01 00 39 64 63 64 35 61 35 36 66 33 36 38 31 39 30 64 38 61 62 33 31 32 63 31 64 66 36 62 65 63 36 62 68
2017-10-02 23:40:59.509 [mp-conn-work-5-2] WARN  cxf.tcp.log -
				send msg: EC 02 02 6F 6B 31 31 39 34 30 38 63 35 30 65 37 34 30 63 36 61 66 62 61 62 34 34 32 37 33 32 30 32 65 66 63 33 68
